info: ::1 - - [22/Oct/2024:05:48:40 +0000] "POST /api/v1/funddonotes/user/login HTTP/1.1" 200 161 "-" "PostmanRuntime/7.42.0"

info: ::1 - - [22/Oct/2024:05:51:53 +0000] "GET /api/v1/funddonotes/usernotes/readnotes HTTP/1.1" 200 121 "-" "PostmanRuntime/7.42.0"

info: ::1 - - [22/Oct/2024:07:52:44 +0000] "POST /api/v1/funddonotes/usernotes/archive HTTP/1.1" 200 27 "-" "PostmanRuntime/7.42.0"

info: ::1 - - [22/Oct/2024:07:53:47 +0000] "POST /api/v1/funddonotes/usernotes/archive HTTP/1.1" 200 27 "-" "PostmanRuntime/7.42.0"

info: ::1 - - [22/Oct/2024:07:54:01 +0000] "POST /api/v1/funddonotes/usernotes/archive HTTP/1.1" 200 27 "-" "PostmanRuntime/7.42.0"

info: ::1 - - [22/Oct/2024:07:54:36 +0000] "POST /api/v1/funddonotes/usernotes/archive HTTP/1.1" 200 27 "-" "PostmanRuntime/7.42.0"

info: ::1 - - [22/Oct/2024:07:55:33 +0000] "POST /api/v1/funddonotes/usernotes/archive HTTP/1.1" 200 27 "-" "PostmanRuntime/7.42.0"

info: ::1 - - [22/Oct/2024:07:58:07 +0000] "POST /api/v1/funddonotes/usernotes/archive HTTP/1.1" 200 27 "-" "PostmanRuntime/7.42.0"

info: ::1 - - [22/Oct/2024:07:59:04 +0000] "POST /api/v1/funddonotes/user/login HTTP/1.1" 200 161 "-" "PostmanRuntime/7.42.0"

info: ::1 - - [22/Oct/2024:07:59:42 +0000] "POST /api/v1/funddonotes/usernotes/archive HTTP/1.1" 200 2 "-" "PostmanRuntime/7.42.0"

info: ::1 - - [22/Oct/2024:08:00:40 +0000] "POST /api/v1/funddonotes/usernotes/archive HTTP/1.1" 200 2 "-" "PostmanRuntime/7.42.0"

info: ::1 - - [22/Oct/2024:08:02:03 +0000] "POST /api/v1/funddonotes/usernotes/archive HTTP/1.1" 400 80 "-" "PostmanRuntime/7.42.0"

info: ::1 - - [22/Oct/2024:08:02:37 +0000] "POST /api/v1/funddonotes/usernotes/archive HTTP/1.1" 400 80 "-" "PostmanRuntime/7.42.0"

info: ::1 - - [22/Oct/2024:08:06:00 +0000] "POST /api/v1/funddonotes/usernotes/archive HTTP/1.1" 400 80 "-" "PostmanRuntime/7.42.0"

info: ::1 - - [22/Oct/2024:08:06:14 +0000] "POST /api/v1/funddonotes/usernotes/archive HTTP/1.1" 400 80 "-" "PostmanRuntime/7.42.0"

info: ::1 - - [22/Oct/2024:08:06:28 +0000] "POST /api/v1/funddonotes/usernotes/archive HTTP/1.1" 400 80 "-" "PostmanRuntime/7.42.0"

info: ::1 - - [22/Oct/2024:09:16:58 +0000] "POST /api/v1/funddonotes/usernotes/archive HTTP/1.1" 400 50 "-" "PostmanRuntime/7.42.0"

info: ::1 - - [22/Oct/2024:09:23:19 +0000] "POST /api/v1/funddonotes/usernotes/archive HTTP/1.1" 400 50 "-" "PostmanRuntime/7.42.0"

info: ::1 - - [22/Oct/2024:09:23:42 +0000] "POST /api/v1/funddonotes/usernotes/archive HTTP/1.1" 400 50 "-" "PostmanRuntime/7.42.0"

info: ::1 - - [22/Oct/2024:09:25:25 +0000] "POST /api/v1/funddonotes/usernotes/archive HTTP/1.1" 400 310 "-" "PostmanRuntime/7.42.0"

info: ::1 - - [22/Oct/2024:09:25:51 +0000] "POST /api/v1/funddonotes/usernotes/archive HTTP/1.1" 400 310 "-" "PostmanRuntime/7.42.0"

info: ::1 - - [22/Oct/2024:09:27:05 +0000] "POST /api/v1/funddonotes/usernotes/archive HTTP/1.1" 400 310 "-" "PostmanRuntime/7.42.0"

info: ::1 - - [22/Oct/2024:09:28:16 +0000] "POST /api/v1/funddonotes/usernotes/archive HTTP/1.1" 400 310 "-" "PostmanRuntime/7.42.0"

info: ::1 - - [22/Oct/2024:09:29:34 +0000] "POST /api/v1/funddonotes/usernotes/archive HTTP/1.1" 400 80 "-" "PostmanRuntime/7.42.0"

info: ::1 - - [22/Oct/2024:09:30:23 +0000] "POST /api/v1/funddonotes/usernotes/archive HTTP/1.1" 400 80 "-" "PostmanRuntime/7.42.0"

info: ::1 - - [22/Oct/2024:09:30:29 +0000] "POST /api/v1/funddonotes/usernotes/archive HTTP/1.1" 400 80 "-" "PostmanRuntime/7.42.0"

info: ::1 - - [22/Oct/2024:09:31:48 +0000] "POST /api/v1/funddonotes/usernotes/archive HTTP/1.1" 400 80 "-" "PostmanRuntime/7.42.0"

info: ::1 - - [22/Oct/2024:09:32:12 +0000] "POST /api/v1/funddonotes/usernotes/archive HTTP/1.1" 400 47 "-" "PostmanRuntime/7.42.0"

info: ::1 - - [22/Oct/2024:09:32:28 +0000] "POST /api/v1/funddonotes/usernotes/archive HTTP/1.1" 400 47 "-" "PostmanRuntime/7.42.0"

info: ::1 - - [22/Oct/2024:09:32:43 +0000] "POST /api/v1/funddonotes/usernotes/archive HTTP/1.1" 400 47 "-" "PostmanRuntime/7.42.0"

info: ::1 - - [22/Oct/2024:09:33:01 +0000] "POST /api/v1/funddonotes/usernotes/archive HTTP/1.1" 400 47 "-" "PostmanRuntime/7.42.0"

info: ::1 - - [22/Oct/2024:09:35:31 +0000] "POST /api/v1/funddonotes/usernotes/archive HTTP/1.1" 400 80 "-" "PostmanRuntime/7.42.0"

info: ::1 - - [22/Oct/2024:09:39:10 +0000] "POST /api/v1/funddonotes/usernotes/archive HTTP/1.1" 400 80 "-" "PostmanRuntime/7.42.0"

info: ::1 - - [22/Oct/2024:09:39:17 +0000] "POST /api/v1/funddonotes/usernotes/archive HTTP/1.1" 400 80 "-" "PostmanRuntime/7.42.0"

info: ::1 - - [22/Oct/2024:09:41:14 +0000] "POST /api/v1/funddonotes/usernotes/archive HTTP/1.1" 400 80 "-" "PostmanRuntime/7.42.0"

info: ::1 - - [22/Oct/2024:09:41:31 +0000] "POST /api/v1/funddonotes/usernotes/archive HTTP/1.1" 400 80 "-" "PostmanRuntime/7.42.0"

info: ::1 - - [22/Oct/2024:09:43:12 +0000] "POST /api/v1/funddonotes/usernotes/archive HTTP/1.1" 200 2 "-" "PostmanRuntime/7.42.0"

info: ::1 - - [22/Oct/2024:09:43:35 +0000] "POST /api/v1/funddonotes/usernotes/archive HTTP/1.1" 200 224 "-" "PostmanRuntime/7.42.0"

info: ::1 - - [22/Oct/2024:09:45:03 +0000] "POST /api/v1/funddonotes/usernotes/archive HTTP/1.1" 200 2 "-" "PostmanRuntime/7.42.0"

info: ::1 - - [22/Oct/2024:09:49:15 +0000] "POST /api/v1/funddonotes/usernotes/archive HTTP/1.1" 200 2 "-" "PostmanRuntime/7.42.0"

info: ::1 - - [22/Oct/2024:09:49:35 +0000] "POST /api/v1/funddonotes/usernotes/archive HTTP/1.1" 200 16 "-" "PostmanRuntime/7.42.0"

info: ::1 - - [22/Oct/2024:09:49:38 +0000] "POST /api/v1/funddonotes/usernotes/archive HTTP/1.1" 200 21 "-" "PostmanRuntime/7.42.0"

info: ::1 - - [22/Oct/2024:09:54:58 +0000] "POST /api/v1/funddonotes/usernotes/archive HTTP/1.1" 400 75 "-" "PostmanRuntime/7.42.0"

info: ::1 - - [22/Oct/2024:09:56:16 +0000] "POST /api/v1/funddonotes/usernotes/archive HTTP/1.1" 400 31 "-" "PostmanRuntime/7.42.0"

info: ::1 - - [22/Oct/2024:09:57:43 +0000] "POST /api/v1/funddonotes/usernotes/archive HTTP/1.1" 400 138 "-" "PostmanRuntime/7.42.0"

info: ::1 - - [22/Oct/2024:09:57:54 +0000] "POST /api/v1/funddonotes/usernotes/archive HTTP/1.1" 400 138 "-" "PostmanRuntime/7.42.0"

info: ::1 - - [22/Oct/2024:09:58:20 +0000] "POST /api/v1/funddonotes/usernotes/archive HTTP/1.1" 200 35 "-" "PostmanRuntime/7.42.0"

info: ::1 - - [22/Oct/2024:09:58:31 +0000] "POST /api/v1/funddonotes/usernotes/archive HTTP/1.1" 200 21 "-" "PostmanRuntime/7.42.0"

info: ::1 - - [22/Oct/2024:09:58:32 +0000] "POST /api/v1/funddonotes/usernotes/archive HTTP/1.1" 200 35 "-" "PostmanRuntime/7.42.0"

info: ::1 - - [22/Oct/2024:10:25:09 +0000] "POST /api/v1/funddonotes/usernotes/trash HTTP/1.1" 404 47 "-" "PostmanRuntime/7.42.0"

info: ::1 - - [22/Oct/2024:10:25:50 +0000] "DELETE /api/v1/funddonotes/usernotes/trash HTTP/1.1" 200 29 "-" "PostmanRuntime/7.42.0"

info: ::1 - - [22/Oct/2024:10:25:51 +0000] "DELETE /api/v1/funddonotes/usernotes/trash HTTP/1.1" 200 44 "-" "PostmanRuntime/7.42.0"

info: ::1 - - [22/Oct/2024:10:25:59 +0000] "DELETE /api/v1/funddonotes/usernotes/trash HTTP/1.1" 200 29 "-" "PostmanRuntime/7.42.0"

info: ::1 - - [22/Oct/2024:10:26:07 +0000] "DELETE /api/v1/funddonotes/usernotes/trash HTTP/1.1" 200 44 "-" "PostmanRuntime/7.42.0"

info: ::1 - - [22/Oct/2024:10:36:49 +0000] "DELETE /api/v1/funddonotes/usernotes/deletePermanetly HTTP/1.1" 200 20 "-" "PostmanRuntime/7.42.0"

info: ::1 - - [22/Oct/2024:10:37:28 +0000] "DELETE /api/v1/funddonotes/usernotes/deletePermanetly HTTP/1.1" 200 20 "-" "PostmanRuntime/7.42.0"

info: ::1 - - [22/Oct/2024:10:40:04 +0000] "DELETE /api/v1/funddonotes/usernotes/deletePermanetly HTTP/1.1" 200 20 "-" "PostmanRuntime/7.42.0"

info: ::1 - - [22/Oct/2024:10:42:24 +0000] "POST /api/v1/funddonotes/user/login HTTP/1.1" 400 80 "-" "PostmanRuntime/7.42.0"

info: ::1 - - [22/Oct/2024:10:42:31 +0000] "POST /api/v1/funddonotes/user/login HTTP/1.1" 400 80 "-" "PostmanRuntime/7.42.0"

info: ::1 - - [22/Oct/2024:10:42:43 +0000] "POST /api/v1/funddonotes/user/login HTTP/1.1" 400 80 "-" "PostmanRuntime/7.42.0"

info: ::1 - - [22/Oct/2024:10:43:34 +0000] "POST /api/v1/funddonotes/user/login HTTP/1.1" 200 171 "-" "PostmanRuntime/7.42.0"

info: ::1 - - [22/Oct/2024:10:44:10 +0000] "DELETE /api/v1/funddonotes/usernotes/deletePermanetly HTTP/1.1" 200 20 "-" "PostmanRuntime/7.42.0"

info: ::1 - - [22/Oct/2024:11:07:11 +0000] "POST /api/v1/funddonotes/user/register HTTP/1.1" 400 140 "-" "PostmanRuntime/7.42.0"

info: ::1 - - [22/Oct/2024:11:07:33 +0000] "POST /api/v1/funddonotes/user/register HTTP/1.1" 201 111 "-" "PostmanRuntime/7.42.0"

info: ::1 - - [22/Oct/2024:11:07:56 +0000] "POST /api/v1/funddonotes/user/login HTTP/1.1" 200 155 "-" "PostmanRuntime/7.42.0"

info: ::1 - - [22/Oct/2024:11:08:36 +0000] "POST /api/v1/funddonotes/usernotes/createnote HTTP/1.1" 200 113 "-" "PostmanRuntime/7.42.0"

info: ::1 - - [22/Oct/2024:11:09:37 +0000] "GET /api/v1/funddonotes/usernotes/readnotes HTTP/1.1" 200 115 "-" "PostmanRuntime/7.42.0"

info: ::1 - - [22/Oct/2024:11:09:42 +0000] "GET /api/v1/funddonotes/usernotes/readnotes HTTP/1.1" 200 115 "-" "PostmanRuntime/7.42.0"

info: ::1 - - [22/Oct/2024:11:09:50 +0000] "GET /api/v1/funddonotes/usernotes/readnotes HTTP/1.1" 200 115 "-" "PostmanRuntime/7.42.0"

info: ::1 - - [22/Oct/2024:11:10:24 +0000] "GET /api/v1/funddonotes/usernotes/readnotes HTTP/1.1" 200 115 "-" "PostmanRuntime/7.42.0"

info: ::1 - - [22/Oct/2024:11:10:32 +0000] "GET /api/v1/funddonotes/usernotes/readnote HTTP/1.1" 400 125 "-" "PostmanRuntime/7.42.0"

info: ::1 - - [22/Oct/2024:11:10:39 +0000] "GET /api/v1/funddonotes/usernotes/readnote HTTP/1.1" 200 146 "-" "PostmanRuntime/7.42.0"

info: ::1 - - [22/Oct/2024:11:10:43 +0000] "GET /api/v1/funddonotes/usernotes/readnote HTTP/1.1" 400 128 "-" "PostmanRuntime/7.42.0"

info: ::1 - - [22/Oct/2024:11:10:55 +0000] "GET /api/v1/funddonotes/usernotes/readnotes HTTP/1.1" 200 115 "-" "PostmanRuntime/7.42.0"

info: ::1 - - [22/Oct/2024:11:13:42 +0000] "PUT /api/v1/funddonotes/usernotes/updateNote HTTP/1.1" 200 152 "-" "PostmanRuntime/7.42.0"

info: ::1 - - [22/Oct/2024:11:15:00 +0000] "DELETE /api/v1/funddonotes/usernotes/trash HTTP/1.1" 200 59 "-" "PostmanRuntime/7.42.0"

info: ::1 - - [22/Oct/2024:11:15:21 +0000] "GET /api/v1/funddonotes/usernotes/trashBin HTTP/1.1" 400 31 "-" "PostmanRuntime/7.42.0"

info: ::1 - - [22/Oct/2024:11:16:28 +0000] "GET /api/v1/funddonotes/usernotes/trashBin HTTP/1.1" 200 121 "-" "PostmanRuntime/7.42.0"

info: ::1 - - [22/Oct/2024:11:16:52 +0000] "GET /api/v1/funddonotes/usernotes/trash HTTP/1.1" 404 47 "-" "PostmanRuntime/7.42.0"

info: ::1 - - [22/Oct/2024:11:17:01 +0000] "DELETE /api/v1/funddonotes/usernotes/trash HTTP/1.1" 400 30 "-" "PostmanRuntime/7.42.0"

info: ::1 - - [22/Oct/2024:11:17:13 +0000] "DELETE /api/v1/funddonotes/usernotes/trash HTTP/1.1" 200 74 "-" "PostmanRuntime/7.42.0"

info: ::1 - - [22/Oct/2024:11:17:36 +0000] "POST /api/v1/funddonotes/usernotes/archive HTTP/1.1" 200 21 "-" "PostmanRuntime/7.42.0"

info: ::1 - - [22/Oct/2024:11:17:52 +0000] "POST /api/v1/funddonotes/usernotes/archives HTTP/1.1" 404 47 "-" "PostmanRuntime/7.42.0"

info: ::1 - - [22/Oct/2024:11:18:01 +0000] "GET /api/v1/funddonotes/usernotes/archives HTTP/1.1" 200 121 "-" "PostmanRuntime/7.42.0"

info: ::1 - - [22/Oct/2024:11:18:20 +0000] "POST /api/v1/funddonotes/usernotes/archive HTTP/1.1" 200 35 "-" "PostmanRuntime/7.42.0"

info: ::1 - - [22/Oct/2024:11:18:27 +0000] "GET /api/v1/funddonotes/usernotes/archives HTTP/1.1" 200 2 "-" "PostmanRuntime/7.42.0"

info: ::1 - - [22/Oct/2024:11:19:16 +0000] "POST /api/v1/funddonotes/usernotes/archive HTTP/1.1" 200 21 "-" "PostmanRuntime/7.42.0"

info: ::1 - - [22/Oct/2024:11:19:28 +0000] "DELETE /api/v1/funddonotes/usernotes/trash HTTP/1.1" 200 59 "-" "PostmanRuntime/7.42.0"

info: ::1 - - [22/Oct/2024:11:19:44 +0000] "GET /api/v1/funddonotes/usernotes/archives HTTP/1.1" 200 2 "-" "PostmanRuntime/7.42.0"

info: ::1 - - [22/Oct/2024:11:20:43 +0000] "DELETE /api/v1/funddonotes/usernotes/trash HTTP/1.1" 200 74 "-" "PostmanRuntime/7.42.0"

info: ::1 - - [22/Oct/2024:11:21:02 +0000] "DELETE /api/v1/funddonotes/usernotes/deletepermanetly HTTP/1.1" 200 20 "-" "PostmanRuntime/7.42.0"

info: ::1 - - [22/Oct/2024:11:21:22 +0000] "DELETE /api/v1/funddonotes/usernotes/trash HTTP/1.1" 200 59 "-" "PostmanRuntime/7.42.0"

info: ::1 - - [22/Oct/2024:11:21:27 +0000] "DELETE /api/v1/funddonotes/usernotes/deletepermanetly HTTP/1.1" 200 20 "-" "PostmanRuntime/7.42.0"

