info: ::1 - - [06/Nov/2024:09:15:18 +0000] "GET /api/v1/funddonotes/usernotes/readnotes HTTP/1.1" 400 42 "-" "PostmanRuntime/7.42.0"

info: ::1 - - [06/Nov/2024:09:16:28 +0000] "GET /api/v1/funddonotes/usernotes/readnotes HTTP/1.1" 400 42 "-" "PostmanRuntime/7.42.0"

info: ::1 - - [06/Nov/2024:09:19:53 +0000] "POST /api/v1/funddonotes/user/login HTTP/1.1" 200 181 "-" "PostmanRuntime/7.42.0"

info: ::1 - - [06/Nov/2024:09:27:05 +0000] "GET /api/v1/funddonotes/usernotes/readnotes HTTP/1.1" 400 42 "-" "PostmanRuntime/7.42.0"

info: ::1 - - [06/Nov/2024:09:30:44 +0000] "POST /api/v1/funddonotes/usernotes/createnote HTTP/1.1" 400 58 "-" "PostmanRuntime/7.42.0"

info: ::1 - - [06/Nov/2024:09:31:37 +0000] "POST /api/v1/funddonotes/usernotes/createnote HTTP/1.1" 400 39 "-" "PostmanRuntime/7.42.0"

info: ::1 - - [06/Nov/2024:09:32:02 +0000] "POST /api/v1/funddonotes/usernotes/createnote HTTP/1.1" 400 39 "-" "PostmanRuntime/7.42.0"

info: ::1 - - [06/Nov/2024:09:32:36 +0000] "POST /api/v1/funddonotes/usernotes/createnote HTTP/1.1" 400 39 "-" "PostmanRuntime/7.42.0"

info: ::1 - - [06/Nov/2024:09:33:01 +0000] "POST /api/v1/funddonotes/usernotes/createnote HTTP/1.1" 400 39 "-" "PostmanRuntime/7.42.0"

info: ::1 - - [06/Nov/2024:09:33:43 +0000] "POST /api/v1/funddonotes/usernotes/createnote HTTP/1.1" 400 39 "-" "PostmanRuntime/7.42.0"

info: ::1 - - [06/Nov/2024:09:41:40 +0000] "POST /api/v1/funddonotes/usernotes/createnote HTTP/1.1" 400 39 "-" "PostmanRuntime/7.42.0"

info: ::1 - - [06/Nov/2024:09:44:21 +0000] "POST /api/v1/funddonotes/usernotes/createnote HTTP/1.1" 201 141 "-" "PostmanRuntime/7.42.0"

info: ::1 - - [06/Nov/2024:09:44:44 +0000] "POST /api/v1/funddonotes/usernotes/createnote HTTP/1.1" 201 141 "-" "PostmanRuntime/7.42.0"

info: ::1 - - [06/Nov/2024:09:45:24 +0000] "POST /api/v1/funddonotes/usernotes/createnote HTTP/1.1" 201 165 "-" "PostmanRuntime/7.42.0"

info: ::1 - - [06/Nov/2024:09:45:48 +0000] "POST /api/v1/funddonotes/usernotes/createnote HTTP/1.1" 201 165 "-" "PostmanRuntime/7.42.0"

info: ::1 - - [06/Nov/2024:09:46:21 +0000] "GET /api/v1/funddonotes/usernotes/readnotes HTTP/1.1" 200 167 "-" "PostmanRuntime/7.42.0"

info: ::1 - - [06/Nov/2024:09:46:58 +0000] "GET /api/v1/funddonotes/usernotes/readnotes HTTP/1.1" 200 167 "-" "PostmanRuntime/7.42.0"

info: ::1 - - [06/Nov/2024:09:48:58 +0000] "GET /api/v1/funddonotes/usernotes/readnotes HTTP/1.1" 200 185 "-" "PostmanRuntime/7.42.0"

info: ::1 - - [06/Nov/2024:09:51:58 +0000] "GET /api/v1/funddonotes/usernotes/readnotes HTTP/1.1" 200 185 "-" "PostmanRuntime/7.42.0"

info: ::1 - - [06/Nov/2024:09:52:02 +0000] "GET /api/v1/funddonotes/usernotes/readnotes HTTP/1.1" 200 185 "-" "PostmanRuntime/7.42.0"

info: ::1 - - [06/Nov/2024:09:53:32 +0000] "GET /api/v1/funddonotes/usernotes/readnotes HTTP/1.1" 200 167 "-" "PostmanRuntime/7.42.0"

info: ::1 - - [06/Nov/2024:09:54:58 +0000] "GET /api/v1/funddonotes/usernotes/readnotes HTTP/1.1" 200 185 "-" "PostmanRuntime/7.42.0"

info: ::1 - - [06/Nov/2024:09:55:12 +0000] "GET /api/v1/funddonotes/usernotes/readnotes HTTP/1.1" 400 39 "-" "PostmanRuntime/7.42.0"

info: ::1 - - [06/Nov/2024:09:55:22 +0000] "GET /api/v1/funddonotes/usernotes/readnotes HTTP/1.1" 400 39 "-" "PostmanRuntime/7.42.0"

info: ::1 - - [06/Nov/2024:09:55:24 +0000] "GET /api/v1/funddonotes/usernotes/readnotes HTTP/1.1" 400 39 "-" "PostmanRuntime/7.42.0"

info: ::1 - - [06/Nov/2024:09:56:00 +0000] "GET /api/v1/funddonotes/usernotes/readnotes HTTP/1.1" 200 167 "-" "PostmanRuntime/7.42.0"

info: ::1 - - [06/Nov/2024:09:57:26 +0000] "GET /api/v1/funddonotes/usernotes/readnotes HTTP/1.1" 200 185 "-" "PostmanRuntime/7.42.0"

info: ::1 - - [06/Nov/2024:09:57:28 +0000] "GET /api/v1/funddonotes/usernotes/readnotes HTTP/1.1" 200 185 "-" "PostmanRuntime/7.42.0"

info: ::1 - - [06/Nov/2024:09:57:29 +0000] "GET /api/v1/funddonotes/usernotes/readnotes HTTP/1.1" 200 185 "-" "PostmanRuntime/7.42.0"

info: ::1 - - [06/Nov/2024:09:57:46 +0000] "GET /api/v1/funddonotes/usernotes/readnotes HTTP/1.1" 400 39 "-" "PostmanRuntime/7.42.0"

info: ::1 - - [06/Nov/2024:09:58:09 +0000] "GET /api/v1/funddonotes/usernotes/readnotes HTTP/1.1" 200 167 "-" "PostmanRuntime/7.42.0"

info: ::1 - - [06/Nov/2024:09:59:18 +0000] "GET /api/v1/funddonotes/usernotes/readnotes HTTP/1.1" 200 167 "-" "PostmanRuntime/7.42.0"

info: ::1 - - [06/Nov/2024:09:59:19 +0000] "GET /api/v1/funddonotes/usernotes/readnotes HTTP/1.1" 200 185 "-" "PostmanRuntime/7.42.0"

info: ::1 - - [06/Nov/2024:09:59:21 +0000] "GET /api/v1/funddonotes/usernotes/readnotes HTTP/1.1" 200 185 "-" "PostmanRuntime/7.42.0"

info: ::1 - - [06/Nov/2024:09:59:22 +0000] "GET /api/v1/funddonotes/usernotes/readnotes HTTP/1.1" 200 185 "-" "PostmanRuntime/7.42.0"

info: ::1 - - [06/Nov/2024:09:59:23 +0000] "GET /api/v1/funddonotes/usernotes/readnotes HTTP/1.1" 200 185 "-" "PostmanRuntime/7.42.0"

info: ::1 - - [06/Nov/2024:09:59:25 +0000] "GET /api/v1/funddonotes/usernotes/readnotes HTTP/1.1" 200 185 "-" "PostmanRuntime/7.42.0"

info: ::1 - - [06/Nov/2024:10:00:09 +0000] "GET /api/v1/funddonotes/usernotes/readnotes HTTP/1.1" 200 167 "-" "PostmanRuntime/7.42.0"

info: ::1 - - [06/Nov/2024:10:00:11 +0000] "GET /api/v1/funddonotes/usernotes/readnotes HTTP/1.1" 200 185 "-" "PostmanRuntime/7.42.0"

info: ::1 - - [06/Nov/2024:10:00:13 +0000] "GET /api/v1/funddonotes/usernotes/readnotes HTTP/1.1" 200 185 "-" "PostmanRuntime/7.42.0"

info: ::1 - - [06/Nov/2024:10:00:39 +0000] "GET /api/v1/funddonotes/usernotes/readnotes HTTP/1.1" 200 167 "-" "PostmanRuntime/7.42.0"

info: ::1 - - [06/Nov/2024:10:00:44 +0000] "GET /api/v1/funddonotes/usernotes/readnotes HTTP/1.1" 200 167 "-" "PostmanRuntime/7.42.0"

info: ::1 - - [06/Nov/2024:10:21:47 +0000] "GET /api/v1/funddonotes/usernotes/readnotes HTTP/1.1" 200 167 "-" "PostmanRuntime/7.42.0"

info: ::1 - - [06/Nov/2024:10:21:51 +0000] "GET /api/v1/funddonotes/usernotes/readnotes HTTP/1.1" 200 167 "-" "PostmanRuntime/7.42.0"

info: ::1 - - [06/Nov/2024:10:21:55 +0000] "GET /api/v1/funddonotes/usernotes/readnotes HTTP/1.1" 200 167 "-" "PostmanRuntime/7.42.0"

info: ::1 - - [06/Nov/2024:10:21:56 +0000] "GET /api/v1/funddonotes/usernotes/readnotes HTTP/1.1" 200 167 "-" "PostmanRuntime/7.42.0"

info: ::1 - - [06/Nov/2024:10:33:20 +0000] "GET /api/v1/funddonotes/usernotes/readnotes HTTP/1.1" 200 167 "-" "PostmanRuntime/7.42.0"

info: ::1 - - [06/Nov/2024:10:33:32 +0000] "GET /api/v1/funddonotes/usernotes/readnotes HTTP/1.1" 200 167 "-" "PostmanRuntime/7.42.0"

info: ::1 - - [06/Nov/2024:10:45:27 +0000] "POST /api/v1/funddonotes/usernotes/createnote HTTP/1.1" 400 40 "-" "PostmanRuntime/7.42.0"

info: ::1 - - [06/Nov/2024:10:47:04 +0000] "GET /api/v1/funddonotes/usernotes/readnotes HTTP/1.1" 200 167 "-" "PostmanRuntime/7.42.0"

info: ::1 - - [06/Nov/2024:10:47:08 +0000] "GET /api/v1/funddonotes/usernotes/readnotes HTTP/1.1" 200 167 "-" "PostmanRuntime/7.42.0"

info: ::1 - - [06/Nov/2024:10:49:40 +0000] "GET /api/v1/funddonotes/usernotes/readnotes HTTP/1.1" 200 167 "-" "PostmanRuntime/7.42.0"

info: ::1 - - [06/Nov/2024:10:50:13 +0000] "GET /api/v1/funddonotes/usernotes/readnotes HTTP/1.1" 200 167 "-" "PostmanRuntime/7.42.0"

info: ::1 - - [06/Nov/2024:10:51:07 +0000] "GET /api/v1/funddonotes/usernotes/readnotes HTTP/1.1" 200 167 "-" "PostmanRuntime/7.42.0"

info: ::1 - - [06/Nov/2024:10:51:42 +0000] "GET /api/v1/funddonotes/usernotes/readnotes HTTP/1.1" 200 167 "-" "PostmanRuntime/7.42.0"

info: ::1 - - [06/Nov/2024:10:51:45 +0000] "GET /api/v1/funddonotes/usernotes/readnotes HTTP/1.1" 200 167 "-" "PostmanRuntime/7.42.0"

info: ::1 - - [06/Nov/2024:10:52:38 +0000] "POST /api/v1/funddonotes/usernotes/createnote HTTP/1.1" 400 37 "-" "PostmanRuntime/7.42.0"

info: ::1 - - [06/Nov/2024:10:52:48 +0000] "POST /api/v1/funddonotes/usernotes/createnote HTTP/1.1" 400 37 "-" "PostmanRuntime/7.42.0"

info: ::1 - - [06/Nov/2024:10:53:02 +0000] "POST /api/v1/funddonotes/usernotes/createnote HTTP/1.1" 400 37 "-" "PostmanRuntime/7.42.0"

info: ::1 - - [06/Nov/2024:10:54:03 +0000] "POST /api/v1/funddonotes/usernotes/createnote HTTP/1.1" 400 37 "-" "PostmanRuntime/7.42.0"

info: ::1 - - [06/Nov/2024:10:54:57 +0000] "POST /api/v1/funddonotes/usernotes/createnote HTTP/1.1" 201 136 "-" "PostmanRuntime/7.42.0"

info: ::1 - - [06/Nov/2024:10:55:17 +0000] "GET /api/v1/funddonotes/usernotes/readnotes HTTP/1.1" 200 304 "-" "PostmanRuntime/7.42.0"

info: ::1 - - [06/Nov/2024:10:55:19 +0000] "GET /api/v1/funddonotes/usernotes/readnotes HTTP/1.1" 200 304 "-" "PostmanRuntime/7.42.0"

info: ::1 - - [06/Nov/2024:10:55:26 +0000] "GET /api/v1/funddonotes/usernotes/readnotes HTTP/1.1" 200 304 "-" "PostmanRuntime/7.42.0"

info: ::1 - - [06/Nov/2024:10:55:42 +0000] "POST /api/v1/funddonotes/usernotes/createnote HTTP/1.1" 201 136 "-" "PostmanRuntime/7.42.0"

info: ::1 - - [06/Nov/2024:10:55:47 +0000] "GET /api/v1/funddonotes/usernotes/readnotes HTTP/1.1" 200 441 "-" "PostmanRuntime/7.42.0"

info: ::1 - - [06/Nov/2024:10:55:50 +0000] "GET /api/v1/funddonotes/usernotes/readnotes HTTP/1.1" 200 441 "-" "PostmanRuntime/7.42.0"

info: ::1 - - [06/Nov/2024:10:56:12 +0000] "POST /api/v1/funddonotes/usernotes/createnote HTTP/1.1" 201 136 "-" "PostmanRuntime/7.42.0"

info: ::1 - - [06/Nov/2024:10:56:18 +0000] "GET /api/v1/funddonotes/usernotes/readnotes HTTP/1.1" 200 578 "-" "PostmanRuntime/7.42.0"

info: ::1 - - [06/Nov/2024:10:56:23 +0000] "GET /api/v1/funddonotes/usernotes/readnotes HTTP/1.1" 200 578 "-" "PostmanRuntime/7.42.0"

info: ::1 - - [06/Nov/2024:10:56:26 +0000] "GET /api/v1/funddonotes/usernotes/readnotes HTTP/1.1" 200 578 "-" "PostmanRuntime/7.42.0"

info: ::1 - - [06/Nov/2024:10:56:27 +0000] "GET /api/v1/funddonotes/usernotes/readnotes HTTP/1.1" 200 578 "-" "PostmanRuntime/7.42.0"

info: ::1 - - [06/Nov/2024:10:56:32 +0000] "POST /api/v1/funddonotes/usernotes/createnote HTTP/1.1" 201 136 "-" "PostmanRuntime/7.42.0"

info: ::1 - - [06/Nov/2024:10:57:00 +0000] "GET /api/v1/funddonotes/usernotes/readnotes HTTP/1.1" 200 715 "-" "PostmanRuntime/7.42.0"

info: ::1 - - [06/Nov/2024:10:57:03 +0000] "GET /api/v1/funddonotes/usernotes/readnotes HTTP/1.1" 200 715 "-" "PostmanRuntime/7.42.0"

info: ::1 - - [06/Nov/2024:11:03:27 +0000] "POST /api/v1/funddonotes/usernotes/updatenote/672b4b6063d25b1ec06ac212 HTTP/1.1" 404 47 "-" "PostmanRuntime/7.42.0"

info: ::1 - - [06/Nov/2024:11:04:01 +0000] "PUT /api/v1/funddonotes/usernotes/updatenote/672b4b6063d25b1ec06ac212 HTTP/1.1" 400 50 "-" "PostmanRuntime/7.42.0"

info: ::1 - - [06/Nov/2024:11:17:23 +0000] "PUT /api/v1/funddonotes/usernotes/updatenote/672b4b6063d25b1ec06ac212 HTTP/1.1" 200 28 "-" "PostmanRuntime/7.42.0"

info: ::1 - - [06/Nov/2024:11:17:37 +0000] "PUT /api/v1/funddonotes/usernotes/updatenote/6472b4b6063d25b1ec06ac212 HTTP/1.1" 400 140 "-" "PostmanRuntime/7.42.0"

info: ::1 - - [06/Nov/2024:11:17:53 +0000] "PUT /api/v1/funddonotes/usernotes/updatenote/972b4b6063d25b1ec06ac212 HTTP/1.1" 400 70 "-" "PostmanRuntime/7.42.0"

info: ::1 - - [06/Nov/2024:11:18:19 +0000] "PUT /api/v1/funddonotes/usernotes/updatenote/972b4b6063d25b1ec06ac212 HTTP/1.1" 400 70 "-" "PostmanRuntime/7.42.0"

info: ::1 - - [06/Nov/2024:11:18:55 +0000] "PUT /api/v1/funddonotes/usernotes/updatenote/972b4b6063d25b1ec06ac212 HTTP/1.1" 400 42 "-" "PostmanRuntime/7.42.0"

info: ::1 - - [06/Nov/2024:11:19:03 +0000] "PUT /api/v1/funddonotes/usernotes/updatenote/672b4b6063d25b1ec06ac212 HTTP/1.1" 200 28 "-" "PostmanRuntime/7.42.0"

info: ::1 - - [06/Nov/2024:11:19:54 +0000] "PUT /api/v1/funddonotes/usernotes/updatenote/672b4b6063d25b1ec06ac212 HTTP/1.1" 200 22 "-" "PostmanRuntime/7.42.0"

info: ::1 - - [06/Nov/2024:11:20:13 +0000] "PUT /api/v1/funddonotes/usernotes/updatenote/672b4b6063d25b1ec06ac212 HTTP/1.1" 200 29 "-" "PostmanRuntime/7.42.0"

info: ::1 - - [06/Nov/2024:11:21:55 +0000] "PUT /api/v1/funddonotes/usernotes/updatenote/972b4b6063d25b1ec06ac212 HTTP/1.1" 200 33 "-" "PostmanRuntime/7.42.0"

info: ::1 - - [06/Nov/2024:11:22:09 +0000] "PUT /api/v1/funddonotes/usernotes/updatenote/672b4b6063d25b1ec06ac212 HTTP/1.1" 200 33 "-" "PostmanRuntime/7.42.0"

info: ::1 - - [06/Nov/2024:11:22:13 +0000] "PUT /api/v1/funddonotes/usernotes/updatenote/6%2072b4b6063d25b1ec06ac212 HTTP/1.1" 200 33 "-" "PostmanRuntime/7.42.0"

info: ::1 - - [06/Nov/2024:11:22:21 +0000] "PUT /api/v1/funddonotes/usernotes/updatenote/72b4b6063d25b1ec06ac212 HTTP/1.1" 200 33 "-" "PostmanRuntime/7.42.0"

info: ::1 - - [06/Nov/2024:11:22:46 +0000] "PUT /api/v1/funddonotes/usernotes/updatenote/ HTTP/1.1" 404 47 "-" "PostmanRuntime/7.42.0"

info: ::1 - - [06/Nov/2024:11:22:57 +0000] "PUT /api/v1/funddonotes/usernotes/updatenote/672b4b6063d25b1ec06ac217 HTTP/1.1" 200 33 "-" "PostmanRuntime/7.42.0"

info: ::1 - - [06/Nov/2024:11:23:40 +0000] "PUT /api/v1/funddonotes/usernotes/updatenote/672b4b6063d25b1ec06ac217 HTTP/1.1" 200 36 "-" "PostmanRuntime/7.42.0"

info: ::1 - - [06/Nov/2024:11:23:47 +0000] "PUT /api/v1/funddonotes/usernotes/updatenote/672b4b6063d25b1ec06ac212 HTTP/1.1" 200 38 "-" "PostmanRuntime/7.42.0"

info: ::1 - - [06/Nov/2024:11:24:59 +0000] "PUT /api/v1/funddonotes/usernotes/trash/672b4b6063d25b1ec06ac212 HTTP/1.1" 404 47 "-" "PostmanRuntime/7.42.0"

info: ::1 - - [06/Nov/2024:11:25:07 +0000] "DELETE /api/v1/funddonotes/usernotes/trash/672b4b6063d25b1ec06ac212 HTTP/1.1" 400 52 "-" "PostmanRuntime/7.42.0"

info: ::1 - - [06/Nov/2024:11:31:33 +0000] "DELETE /api/v1/funddonotes/usernotes/trash/672b4b6063d25b1ec06ac212 HTTP/1.1" 200 74 "-" "PostmanRuntime/7.42.0"

info: ::1 - - [06/Nov/2024:11:31:37 +0000] "DELETE /api/v1/funddonotes/usernotes/trash/672b4b6063d25b1ec06ac212 HTTP/1.1" 200 74 "-" "PostmanRuntime/7.42.0"

info: ::1 - - [06/Nov/2024:11:31:38 +0000] "DELETE /api/v1/funddonotes/usernotes/trash/672b4b6063d25b1ec06ac212 HTTP/1.1" 200 74 "-" "PostmanRuntime/7.42.0"

info: ::1 - - [06/Nov/2024:11:32:01 +0000] "DELETE /api/v1/funddonotes/usernotes/trash/672b4b6063d25b1ec06ac212 HTTP/1.1" 200 74 "-" "PostmanRuntime/7.42.0"

info: ::1 - - [06/Nov/2024:11:32:03 +0000] "DELETE /api/v1/funddonotes/usernotes/trash/672b4b6063d25b1ec06ac212 HTTP/1.1" 200 59 "-" "PostmanRuntime/7.42.0"

info: ::1 - - [06/Nov/2024:11:32:05 +0000] "DELETE /api/v1/funddonotes/usernotes/trash/672b4b6063d25b1ec06ac212 HTTP/1.1" 200 74 "-" "PostmanRuntime/7.42.0"

info: ::1 - - [06/Nov/2024:11:32:06 +0000] "DELETE /api/v1/funddonotes/usernotes/trash/672b4b6063d25b1ec06ac212 HTTP/1.1" 200 59 "-" "PostmanRuntime/7.42.0"

info: ::1 - - [06/Nov/2024:11:34:55 +0000] "POST /api/v1/funddonotes/usernotes/archive/672b4b6063d25b1ec06ac212 HTTP/1.1" 200 35 "-" "PostmanRuntime/7.42.0"

info: ::1 - - [06/Nov/2024:11:34:57 +0000] "POST /api/v1/funddonotes/usernotes/archive/672b4b6063d25b1ec06ac212 HTTP/1.1" 200 21 "-" "PostmanRuntime/7.42.0"

info: ::1 - - [06/Nov/2024:11:35:40 +0000] "GET /api/v1/funddonotes/usernotes/readnotes HTTP/1.1" 200 719 "-" "PostmanRuntime/7.42.0"

info: ::1 - - [06/Nov/2024:11:35:41 +0000] "GET /api/v1/funddonotes/usernotes/readnotes HTTP/1.1" 200 719 "-" "PostmanRuntime/7.42.0"

info: ::1 - - [06/Nov/2024:11:35:46 +0000] "POST /api/v1/funddonotes/usernotes/archive/672b4b6063d25b1ec06ac212 HTTP/1.1" 200 35 "-" "PostmanRuntime/7.42.0"

info: ::1 - - [06/Nov/2024:11:35:54 +0000] "GET /api/v1/funddonotes/usernotes/readnotes HTTP/1.1" 200 578 "-" "PostmanRuntime/7.42.0"

info: ::1 - - [06/Nov/2024:11:35:56 +0000] "GET /api/v1/funddonotes/usernotes/readnotes HTTP/1.1" 200 578 "-" "PostmanRuntime/7.42.0"

info: ::1 - - [06/Nov/2024:16:39:35 +0000] "POST /api/v1/funddonotes/usernotes/updatenote/672b3acc54c6163e740bb1cf HTTP/1.1" 404 47 "-" "PostmanRuntime/7.42.0"

info: ::1 - - [06/Nov/2024:16:39:45 +0000] "PUT /api/v1/funddonotes/usernotes/updatenote/672b3acc54c6163e740bb1cf HTTP/1.1" 200 38 "-" "PostmanRuntime/7.42.0"

info: ::1 - - [06/Nov/2024:16:39:54 +0000] "PUT /api/v1/funddonotes/usernotes/updatenote/872b3acc54c6163e740bb1cf HTTP/1.1" 400 69 "-" "PostmanRuntime/7.42.0"

info: ::1 - - [06/Nov/2024:16:40:45 +0000] "PUT /api/v1/funddonotes/usernotes/updatenote/872b3acc54c6163e740bb1cf HTTP/1.1" 400 69 "-" "PostmanRuntime/7.42.0"

info: ::1 - - [06/Nov/2024:16:41:25 +0000] "PUT /api/v1/funddonotes/usernotes/updatenote/872b3acc54c6163e740bb1cf HTTP/1.1" 400 69 "-" "PostmanRuntime/7.42.0"

info: ::1 - - [06/Nov/2024:16:41:50 +0000] "PUT /api/v1/funddonotes/usernotes/updatenote/872b3acc54c6163e740bb1cf HTTP/1.1" 400 69 "-" "PostmanRuntime/7.42.0"

info: ::1 - - [06/Nov/2024:16:42:02 +0000] "PUT /api/v1/funddonotes/usernotes/updatenote/672b3acc54c6163e740bb1cf HTTP/1.1" 200 38 "-" "PostmanRuntime/7.42.0"

info: ::1 - - [06/Nov/2024:16:42:25 +0000] "PUT /api/v1/funddonotes/usernotes/updatenote/872b3acc54c6163e740bb1cf HTTP/1.1" 400 69 "-" "PostmanRuntime/7.42.0"

info: ::1 - - [06/Nov/2024:16:43:42 +0000] "PUT /api/v1/funddonotes/usernotes/updatenote/872b3acc54c6163e740bb1cf HTTP/1.1" 400 42 "-" "PostmanRuntime/7.42.0"

info: ::1 - - [06/Nov/2024:16:44:04 +0000] "PUT /api/v1/funddonotes/usernotes/updatenote/872b3acc54c6163e740bb1cf HTTP/1.1" 400 42 "-" "PostmanRuntime/7.42.0"

info: ::1 - - [06/Nov/2024:16:44:11 +0000] "PUT /api/v1/funddonotes/usernotes/updatenote/872b3acc54c6163e740bb1cf HTTP/1.1" 400 42 "-" "PostmanRuntime/7.42.0"

info: ::1 - - [06/Nov/2024:16:44:31 +0000] "PUT /api/v1/funddonotes/usernotes/updatenote/872b3acc54c6163e740bb1cf HTTP/1.1" 400 32 "-" "PostmanRuntime/7.42.0"

info: ::1 - - [06/Nov/2024:16:44:51 +0000] "PUT /api/v1/funddonotes/usernotes/updatenote/872b3acc54c6163e740bb1cf HTTP/1.1" 400 2 "-" "PostmanRuntime/7.42.0"

info: ::1 - - [06/Nov/2024:16:44:55 +0000] "PUT /api/v1/funddonotes/usernotes/updatenote/872b3acc54c6163e740bb1cf HTTP/1.1" 400 2 "-" "PostmanRuntime/7.42.0"

info: ::1 - - [06/Nov/2024:16:45:07 +0000] "PUT /api/v1/funddonotes/usernotes/updatenote/872b3acc54c6163e740bb1cf HTTP/1.1" 400 2 "-" "PostmanRuntime/7.42.0"

info: ::1 - - [06/Nov/2024:16:45:18 +0000] "PUT /api/v1/funddonotes/usernotes/updatenote/872b3acc54c6163e740bb1cf HTTP/1.1" 400 12 "-" "PostmanRuntime/7.42.0"

info: ::1 - - [06/Nov/2024:16:45:32 +0000] "PUT /api/v1/funddonotes/usernotes/updatenote/872b3acc54c6163e740bb1cf HTTP/1.1" 400 8 "-" "PostmanRuntime/7.42.0"

info: ::1 - - [06/Nov/2024:16:45:45 +0000] "PUT /api/v1/funddonotes/usernotes/updatenote/872b3acc54c6163e740bb1cf HTTP/1.1" 400 42 "-" "PostmanRuntime/7.42.0"

info: ::1 - - [06/Nov/2024:16:46:07 +0000] "PUT /api/v1/funddonotes/usernotes/updatenote/872b3acc54c6163e740bb1cf HTTP/1.1" 400 42 "-" "PostmanRuntime/7.42.0"

info: ::1 - - [06/Nov/2024:16:46:32 +0000] "PUT /api/v1/funddonotes/usernotes/updatenote/872b3acc54c6163e740bb1cf HTTP/1.1" 400 32 "-" "PostmanRuntime/7.42.0"

info: ::1 - - [06/Nov/2024:16:46:44 +0000] "PUT /api/v1/funddonotes/usernotes/updatenote/872b3acc54c6163e740bb1cf HTTP/1.1" 400 2 "-" "PostmanRuntime/7.42.0"

info: ::1 - - [06/Nov/2024:16:46:58 +0000] "PUT /api/v1/funddonotes/usernotes/updatenote/872b3acc54c6163e740bb1cf HTTP/1.1" 400 2 "-" "PostmanRuntime/7.42.0"

info: ::1 - - [06/Nov/2024:16:47:09 +0000] "PUT /api/v1/funddonotes/usernotes/updatenote/872b3acc54c6163e740bb1cf HTTP/1.1" 400 2 "-" "PostmanRuntime/7.42.0"

info: ::1 - - [06/Nov/2024:16:47:52 +0000] "PUT /api/v1/funddonotes/usernotes/updatenote/872b3acc54c6163e740bb1cf HTTP/1.1" 400 37 "-" "PostmanRuntime/7.42.0"

info: ::1 - - [06/Nov/2024:16:49:16 +0000] "PUT /api/v1/funddonotes/usernotes/updatenote/872b3acc54c6163e740bb1cf HTTP/1.1" 400 42 "-" "PostmanRuntime/7.42.0"

info: ::1 - - [06/Nov/2024:16:49:25 +0000] "PUT /api/v1/funddonotes/usernotes/updatenote/672b3acc54c6163e740bb1cf HTTP/1.1" 200 38 "-" "PostmanRuntime/7.42.0"

info: ::1 - - [06/Nov/2024:16:49:33 +0000] "PUT /api/v1/funddonotes/usernotes/updatenote/672b3acc54c6163e740bb1cf HTTP/1.1" 200 38 "-" "PostmanRuntime/7.42.0"

info: ::1 - - [06/Nov/2024:16:49:37 +0000] "PUT /api/v1/funddonotes/usernotes/updatenote/672b3acc54c6163e740bb1cf HTTP/1.1" 200 38 "-" "PostmanRuntime/7.42.0"

info: ::1 - - [06/Nov/2024:16:50:30 +0000] "PUT /api/v1/funddonotes/usernotes/updatenote/672b3acc54c6163e740bb1cf HTTP/1.1" 200 38 "-" "PostmanRuntime/7.42.0"

info: ::1 - - [06/Nov/2024:16:50:38 +0000] "PUT /api/v1/funddonotes/usernotes/updatenote/672b3acc54c6163e740bb1cf HTTP/1.1" 200 38 "-" "PostmanRuntime/7.42.0"

info: ::1 - - [06/Nov/2024:16:50:53 +0000] "PUT /api/v1/funddonotes/usernotes/updatenote/672b3acc54c6163e740bb1cf HTTP/1.1" 200 38 "-" "PostmanRuntime/7.42.0"

info: ::1 - - [06/Nov/2024:16:52:11 +0000] "PUT /api/v1/funddonotes/usernotes/updatenote/672b3acc54c6163e740bb1cf HTTP/1.1" 200 38 "-" "PostmanRuntime/7.42.0"

info: ::1 - - [06/Nov/2024:16:53:10 +0000] "PUT /api/v1/funddonotes/usernotes/updatenote/672b3acc54c6163e740bb1cf HTTP/1.1" 200 38 "-" "PostmanRuntime/7.42.0"

info: ::1 - - [06/Nov/2024:16:53:22 +0000] "PUT /api/v1/funddonotes/usernotes/updatenote/672b3acc54c6163e740bb1cf HTTP/1.1" 200 38 "-" "PostmanRuntime/7.42.0"

info: ::1 - - [06/Nov/2024:17:36:30 +0000] "PUT /api/v1/funddonotes/usernotes/updatenote/672b3acc54c6163e740bb1cf HTTP/1.1" 200 38 "-" "PostmanRuntime/7.42.0"

info: ::1 - - [06/Nov/2024:17:36:43 +0000] "PUT /api/v1/funddonotes/usernotes/updatenote/672b3acc54c6163e740bb1cf HTTP/1.1" 200 38 "-" "PostmanRuntime/7.42.0"

info: ::1 - - [06/Nov/2024:17:36:55 +0000] "PUT /api/v1/funddonotes/usernotes/updatenote/672b3acc54c6163e740bb1cf HTTP/1.1" 200 38 "-" "PostmanRuntime/7.42.0"

info: ::1 - - [06/Nov/2024:17:37:12 +0000] "PUT /api/v1/funddonotes/usernotes/updatenote/672b3acc54c6163e740bb1cf HTTP/1.1" 200 38 "-" "PostmanRuntime/7.42.0"

info: ::1 - - [06/Nov/2024:17:37:41 +0000] "DELETE /api/v1/funddonotes/usernotes/trash/672b3acc54c6163e740bb1cf HTTP/1.1" 200 74 "-" "PostmanRuntime/7.42.0"

info: ::1 - - [06/Nov/2024:17:37:57 +0000] "DELETE /api/v1/funddonotes/usernotes/trash/672b3acc54c6163e740bb1cf HTTP/1.1" 200 59 "-" "PostmanRuntime/7.42.0"

info: ::1 - - [06/Nov/2024:17:38:48 +0000] "DELETE /api/v1/funddonotes/usernotes/trash/672b3acc54c6163e740bb1cf HTTP/1.1" 200 59 "-" "PostmanRuntime/7.42.0"

info: ::1 - - [06/Nov/2024:17:38:54 +0000] "DELETE /api/v1/funddonotes/usernotes/trash/672b3acc54c6163e740bb1cf HTTP/1.1" 200 74 "-" "PostmanRuntime/7.42.0"

info: ::1 - - [06/Nov/2024:17:39:20 +0000] "DELETE /api/v1/funddonotes/usernotes/archive/672b3acc54c6163e740bb1cf HTTP/1.1" 404 47 "-" "PostmanRuntime/7.42.0"

info: ::1 - - [06/Nov/2024:17:39:27 +0000] "POST /api/v1/funddonotes/usernotes/archive/672b3acc54c6163e740bb1cf HTTP/1.1" 200 21 "-" "PostmanRuntime/7.42.0"

info: ::1 - - [06/Nov/2024:17:39:33 +0000] "POST /api/v1/funddonotes/usernotes/archive/672b3acc54c6163e740bb1cf HTTP/1.1" 200 35 "-" "PostmanRuntime/7.42.0"

info: ::1 - - [06/Nov/2024:17:39:56 +0000] "GET /api/v1/funddonotes/usernotes/readnotes HTTP/1.1" 200 561 "-" "PostmanRuntime/7.42.0"

info: ::1 - - [06/Nov/2024:17:39:58 +0000] "GET /api/v1/funddonotes/usernotes/readnotes HTTP/1.1" 200 561 "-" "PostmanRuntime/7.42.0"

info: ::1 - - [06/Nov/2024:17:40:00 +0000] "GET /api/v1/funddonotes/usernotes/readnotes HTTP/1.1" 200 561 "-" "PostmanRuntime/7.42.0"

info: ::1 - - [06/Nov/2024:17:40:02 +0000] "GET /api/v1/funddonotes/usernotes/readnotes HTTP/1.1" 200 561 "-" "PostmanRuntime/7.42.0"

info: ::1 - - [06/Nov/2024:17:41:35 +0000] "POST /api/v1/funddonotes/usernotes/createnote HTTP/1.1" 201 148 "-" "PostmanRuntime/7.42.0"

info: ::1 - - [06/Nov/2024:17:42:09 +0000] "GET /api/v1/funddonotes/usernotes/readnotes HTTP/1.1" 200 710 "-" "PostmanRuntime/7.42.0"

info: ::1 - - [06/Nov/2024:17:42:14 +0000] "GET /api/v1/funddonotes/usernotes/readnotes HTTP/1.1" 200 710 "-" "PostmanRuntime/7.42.0"

info: ::1 - - [06/Nov/2024:17:44:12 +0000] "POST /api/v1/funddonotes/usernotes/createnote HTTP/1.1" 201 148 "-" "PostmanRuntime/7.42.0"

info: ::1 - - [06/Nov/2024:17:44:13 +0000] "POST /api/v1/funddonotes/usernotes/createnote HTTP/1.1" 201 148 "-" "PostmanRuntime/7.42.0"

info: ::1 - - [06/Nov/2024:17:44:15 +0000] "POST /api/v1/funddonotes/usernotes/createnote HTTP/1.1" 201 148 "-" "PostmanRuntime/7.42.0"

info: ::1 - - [06/Nov/2024:17:44:21 +0000] "GET /api/v1/funddonotes/usernotes/readnotes HTTP/1.1" 200 448 "-" "PostmanRuntime/7.42.0"

info: ::1 - - [06/Nov/2024:17:44:37 +0000] "POST /api/v1/funddonotes/usernotes/createnote HTTP/1.1" 201 148 "-" "PostmanRuntime/7.42.0"

info: ::1 - - [06/Nov/2024:17:44:40 +0000] "GET /api/v1/funddonotes/usernotes/readnotes HTTP/1.1" 200 597 "-" "PostmanRuntime/7.42.0"

info: ::1 - - [06/Nov/2024:17:44:43 +0000] "GET /api/v1/funddonotes/usernotes/readnotes HTTP/1.1" 200 597 "-" "PostmanRuntime/7.42.0"

info: ::1 - - [06/Nov/2024:17:44:51 +0000] "GET /api/v1/funddonotes/usernotes/readnotes HTTP/1.1" 200 597 "-" "PostmanRuntime/7.42.0"

info: ::1 - - [06/Nov/2024:17:44:54 +0000] "GET /api/v1/funddonotes/usernotes/readnotes HTTP/1.1" 200 597 "-" "PostmanRuntime/7.42.0"

