info: ::1 - - [13/Nov/2024:07:41:52 +0000] "GET /api/v1/funddonotes/usernotes/readnotes HTTP/1.1" 200 1197 "-" "PostmanRuntime/7.42.0"

info: ::1 - - [13/Nov/2024:07:45:33 +0000] "GET /api/v1/funddonotes/usernotes/trash/67331db051e7db33d8016353 HTTP/1.1" 404 47 "-" "PostmanRuntime/7.42.0"

info: ::1 - - [13/Nov/2024:07:45:37 +0000] "GET /ws HTTP/1.1" 404 47 "-" "Mozilla/5.0 (Windows NT 10.0; Win64; x64) AppleWebKit/537.36 (KHTML, like Gecko) Chrome/130.0.0.0 Safari/537.36"

info: ::1 - - [13/Nov/2024:07:45:37 +0000] "DELETE /api/v1/funddonotes/usernotes/trash/67331db051e7db33d8016353 HTTP/1.1" 200 70 "-" "PostmanRuntime/7.42.0"

info: ::1 - - [13/Nov/2024:07:45:39 +0000] "DELETE /api/v1/funddonotes/usernotes/trash/67331db051e7db33d8016353 HTTP/1.1" 200 85 "-" "PostmanRuntime/7.42.0"

info: ::1 - - [13/Nov/2024:07:45:54 +0000] "GET /api/v1/funddonotes/usernotes/readnote/67331db051e7db33d8016353 HTTP/1.1" 200 199 "-" "PostmanRuntime/7.42.0"

info: ::1 - - [13/Nov/2024:07:49:08 +0000] "GET /api/v1/funddonotes/usernotes/readnote/67331db051e7db33d8016353 HTTP/1.1" 200 199 "-" "PostmanRuntime/7.42.0"

info: ::1 - - [13/Nov/2024:07:49:29 +0000] "GET /api/v1/funddonotes/usernotes/readnote/67331db051e7db33d8016353 HTTP/1.1" 200 199 "-" "PostmanRuntime/7.42.0"

info: ::1 - - [13/Nov/2024:07:49:39 +0000] "GET /api/v1/funddonotes/usernotes/readnote/67331db051e7db33d8016353 HTTP/1.1" 200 199 "-" "PostmanRuntime/7.42.0"

info: ::1 - - [13/Nov/2024:07:51:23 +0000] "GET /api/v1/funddonotes/usernotes/readnote/67331db051e7db33d8016353 HTTP/1.1" 200 199 "-" "PostmanRuntime/7.42.0"

info: ::1 - - [13/Nov/2024:07:53:53 +0000] "GET /api/v1/funddonotes/usernotes/readnote/67331db051e7db33d8016353 HTTP/1.1" 200 199 "-" "PostmanRuntime/7.42.0"

info: ::1 - - [13/Nov/2024:07:54:11 +0000] "GET /api/v1/funddonotes/usernotes/readnotes HTTP/1.1" 200 1197 "-" "PostmanRuntime/7.42.0"

info: ::1 - - [13/Nov/2024:07:54:31 +0000] "GET /api/v1/funddonotes/usernotes/readnotes HTTP/1.1" 200 1177 "-" "PostmanRuntime/7.42.0"

info: ::1 - - [13/Nov/2024:07:54:41 +0000] "GET /api/v1/funddonotes/usernotes/readnotes HTTP/1.1" 200 1177 "-" "PostmanRuntime/7.42.0"

info: ::1 - - [13/Nov/2024:09:00:12 +0000] "POST /api/v1/funddonotes/user/register HTTP/1.1" 400 82 "-" "PostmanRuntime/7.42.0"

info: ::1 - - [13/Nov/2024:09:00:21 +0000] "POST /api/v1/funddonotes/user/register HTTP/1.1" 201 121 "-" "PostmanRuntime/7.42.0"

info: ::1 - - [13/Nov/2024:09:00:33 +0000] "POST /api/v1/funddonotes/user/login HTTP/1.1" 200 168 "-" "PostmanRuntime/7.42.0"

info: ::1 - - [13/Nov/2024:09:01:23 +0000] "POST /api/v1/funddonotes/user/forgotpassword HTTP/1.1" 200 153 "-" "PostmanRuntime/7.42.0"

info: ::1 - - [13/Nov/2024:09:01:41 +0000] "POST /api/v1/funddonotes/user/resetpassword HTTP/1.1" 400 38 "-" "PostmanRuntime/7.42.0"

info: ::1 - - [13/Nov/2024:09:02:18 +0000] "POST /api/v1/funddonotes/usernotes/createnote HTTP/1.1" 201 173 "-" "PostmanRuntime/7.42.0"

info: ::1 - - [13/Nov/2024:09:02:34 +0000] "GET /api/v1/funddonotes/usernotes/readnotes HTTP/1.1" 200 175 "-" "PostmanRuntime/7.42.0"

info: ::1 - - [13/Nov/2024:09:02:37 +0000] "GET /api/v1/funddonotes/usernotes/readnotes HTTP/1.1" 200 155 "-" "PostmanRuntime/7.42.0"

info: ::1 - - [13/Nov/2024:09:02:40 +0000] "GET /api/v1/funddonotes/usernotes/readnotes HTTP/1.1" 200 155 "-" "PostmanRuntime/7.42.0"

info: ::1 - - [13/Nov/2024:09:02:43 +0000] "GET /api/v1/funddonotes/usernotes/readnotes HTTP/1.1" 200 155 "-" "PostmanRuntime/7.42.0"

info: ::1 - - [13/Nov/2024:09:18:57 +0000] "GET /api/v1/funddonotes/usernotes/readnote HTTP/1.1" 404 47 "-" "PostmanRuntime/7.42.0"

info: ::1 - - [13/Nov/2024:09:21:25 +0000] "GET /api/v1/funddonotes/user/login HTTP/1.1" 404 47 "-" "PostmanRuntime/7.42.0"

info: ::1 - - [13/Nov/2024:09:21:33 +0000] "POST /api/v1/funddonotes/user/login HTTP/1.1" 400 33 "-" "PostmanRuntime/7.42.0"

info: ::1 - - [13/Nov/2024:09:21:51 +0000] "POST /api/v1/funddonotes/user/login HTTP/1.1" 200 267 "-" "PostmanRuntime/7.42.0"

info: ::1 - - [13/Nov/2024:09:22:10 +0000] "POST /api/v1/funddonotes/user/login HTTP/1.1" 200 267 "-" "PostmanRuntime/7.42.0"

info: ::1 - - [13/Nov/2024:09:22:29 +0000] "POST /api/v1/funddonotes/user/readnotes HTTP/1.1" 404 47 "-" "PostmanRuntime/7.42.0"

info: ::1 - - [13/Nov/2024:09:22:34 +0000] "GET /api/v1/funddonotes/user/readnotes HTTP/1.1" 404 47 "-" "PostmanRuntime/7.42.0"

info: ::1 - - [13/Nov/2024:09:22:43 +0000] "GET /api/v1/funddonotes/usernotes/readnotes HTTP/1.1" 200 175 "-" "PostmanRuntime/7.42.0"

info: ::1 - - [13/Nov/2024:09:23:44 +0000] "GET /api/v1/funddonotes/usernotes/readnotes HTTP/1.1" 200 155 "-" "PostmanRuntime/7.42.0"

info: ::1 - - [13/Nov/2024:09:24:41 +0000] "POST /api/v1/funddonotes/user/login HTTP/1.1" 200 267 "-" "PostmanRuntime/7.42.0"

info: ::1 - - [13/Nov/2024:09:26:05 +0000] "GET /api/v1/funddonotes/usernotes/readnotes HTTP/1.1" 200 155 "-" "PostmanRuntime/7.42.0"

info: ::1 - - [13/Nov/2024:09:28:46 +0000] "POST /api/v1/funddonotes/user/login HTTP/1.1" 200 267 "-" "PostmanRuntime/7.42.0"

info: ::1 - - [13/Nov/2024:09:29:05 +0000] "GET /api/v1/funddonotes/usernotes/readnotes HTTP/1.1" 200 155 "-" "PostmanRuntime/7.42.0"

info: ::1 - - [13/Nov/2024:09:34:59 +0000] "GET /api/v1/funddonotes/usernotes/readnotes HTTP/1.1" 200 155 "-" "PostmanRuntime/7.42.0"

info: ::1 - - [13/Nov/2024:09:43:58 +0000] "GET /api/v1/funddonotes/user/register HTTP/1.1" 404 47 "-" "PostmanRuntime/7.42.0"

info: ::1 - - [13/Nov/2024:09:44:02 +0000] "POST /api/v1/funddonotes/user/register HTTP/1.1" 201 122 "-" "PostmanRuntime/7.42.0"

info: ::1 - - [13/Nov/2024:09:44:17 +0000] "POST /api/v1/funddonotes/user/login HTTP/1.1" 200 268 "-" "PostmanRuntime/7.42.0"

info: ::1 - - [13/Nov/2024:09:45:20 +0000] "POST /api/v1/funddonotes/usernotes/createnote HTTP/1.1" 400 40 "-" "PostmanRuntime/7.42.0"

info: ::1 - - [13/Nov/2024:09:46:48 +0000] "POST /api/v1/funddonotes/usernotes/createnote HTTP/1.1" 201 158 "-" "PostmanRuntime/7.42.0"

info: ::1 - - [13/Nov/2024:09:48:11 +0000] "POST /api/v1/funddonotes/usernotes/createnote HTTP/1.1" 201 158 "-" "PostmanRuntime/7.42.0"

info: ::1 - - [13/Nov/2024:09:48:23 +0000] "POST /api/v1/funddonotes/usernotes/createnote HTTP/1.1" 201 162 "-" "PostmanRuntime/7.42.0"

info: ::1 - - [13/Nov/2024:09:49:21 +0000] "POST /api/v1/funddonotes/usernotes/createnote HTTP/1.1" 201 162 "-" "PostmanRuntime/7.42.0"

info: ::1 - - [13/Nov/2024:09:50:05 +0000] "GET /api/v1/funddonotes/usernotes/readnote/67347621a1c6f34a746a984a HTTP/1.1" 200 195 "-" "PostmanRuntime/7.42.0"

info: ::1 - - [13/Nov/2024:09:50:37 +0000] "GET /api/v1/funddonotes/usernotes/readnote/67347621a1c6f34a746a984a HTTP/1.1" 200 195 "-" "PostmanRuntime/7.42.0"

info: ::1 - - [13/Nov/2024:09:50:55 +0000] "GET /api/v1/funddonotes/usernotes/readnote/67347621a1c6f34a746a984a HTTP/1.1" 400 24 "-" "PostmanRuntime/7.42.0"

info: ::1 - - [13/Nov/2024:09:51:05 +0000] "GET /api/v1/funddonotes/usernotes/readnote/67347621a1c6f34a746a984a HTTP/1.1" 200 195 "-" "PostmanRuntime/7.42.0"

info: ::1 - - [13/Nov/2024:09:51:26 +0000] "GET /api/v1/funddonotes/usernotes/readnote/673475e7d0ce014df850af77 HTTP/1.1" 200 195 "-" "PostmanRuntime/7.42.0"

info: ::1 - - [13/Nov/2024:09:54:38 +0000] "GET /api/v1/funddonotes/usernotes/readnotes HTTP/1.1" 200 585 "-" "PostmanRuntime/7.42.0"

info: ::1 - - [13/Nov/2024:09:59:03 +0000] "POST /api/v1/funddonotes/usernotes/updatenote HTTP/1.1" 404 47 "-" "PostmanRuntime/7.42.0"

info: ::1 - - [13/Nov/2024:09:59:48 +0000] "POST /api/v1/funddonotes/usernotes/updatenote/67347621a1c6f34a746a984a HTTP/1.1" 404 47 "-" "PostmanRuntime/7.42.0"

info: ::1 - - [13/Nov/2024:10:00:04 +0000] "PUT /api/v1/funddonotes/usernotes/updatenote/67347621a1c6f34a746a984a HTTP/1.1" 400 40 "-" "PostmanRuntime/7.42.0"

info: ::1 - - [13/Nov/2024:10:00:45 +0000] "PUT /api/v1/funddonotes/usernotes/updatenote/67347621a1c6f34a746a984a HTTP/1.1" 200 49 "-" "PostmanRuntime/7.42.0"

info: ::1 - - [13/Nov/2024:10:01:05 +0000] "PUT /api/v1/funddonotes/usernotes/updatenote/67347621a1c6f34a746a984a HTTP/1.1" 200 49 "-" "PostmanRuntime/7.42.0"

info: ::1 - - [13/Nov/2024:10:01:39 +0000] "DELETE /api/v1/funddonotes/usernotes/trash/67347621a1c6f34a746a984a HTTP/1.1" 200 70 "-" "PostmanRuntime/7.42.0"

info: ::1 - - [13/Nov/2024:10:01:47 +0000] "DELETE /api/v1/funddonotes/usernotes/trash/67347621a1c6f34a746a984a HTTP/1.1" 200 85 "-" "PostmanRuntime/7.42.0"

info: ::1 - - [13/Nov/2024:10:02:02 +0000] "DELETE /api/v1/funddonotes/usernotes/trash/67347621a1c6f34a746a984a HTTP/1.1" 200 70 "-" "PostmanRuntime/7.42.0"

info: ::1 - - [13/Nov/2024:10:02:12 +0000] "GET /api/v1/funddonotes/usernotes/trashbin HTTP/1.1" 200 171 "-" "PostmanRuntime/7.42.0"

info: ::1 - - [13/Nov/2024:10:03:04 +0000] "PUT /api/v1/funddonotes/usernotes/archive/67347621a1c6f34a746a984a HTTP/1.1" 404 47 "-" "PostmanRuntime/7.42.0"

info: ::1 - - [13/Nov/2024:10:03:07 +0000] "POST /api/v1/funddonotes/usernotes/archive/67347621a1c6f34a746a984a HTTP/1.1" 400 37 "-" "PostmanRuntime/7.42.0"

info: ::1 - - [13/Nov/2024:10:03:30 +0000] "DELETE /api/v1/funddonotes/usernotes/trash/67347621a1c6f34a746a984a HTTP/1.1" 200 85 "-" "PostmanRuntime/7.42.0"

info: ::1 - - [13/Nov/2024:10:03:39 +0000] "POST /api/v1/funddonotes/usernotes/archive/67347621a1c6f34a746a984a HTTP/1.1" 200 32 "-" "PostmanRuntime/7.42.0"

info: ::1 - - [13/Nov/2024:10:03:47 +0000] "POST /api/v1/funddonotes/usernotes/archive/67347621a1c6f34a746a984a HTTP/1.1" 200 46 "-" "PostmanRuntime/7.42.0"

info: ::1 - - [13/Nov/2024:10:04:03 +0000] "POST /api/v1/funddonotes/usernotes/archive/67347621a1c6f34a746a984a HTTP/1.1" 200 32 "-" "PostmanRuntime/7.42.0"

info: ::1 - - [13/Nov/2024:10:04:09 +0000] "POST /api/v1/funddonotes/usernotes/archives HTTP/1.1" 404 47 "-" "PostmanRuntime/7.42.0"

info: ::1 - - [13/Nov/2024:10:04:14 +0000] "GET /api/v1/funddonotes/usernotes/archives HTTP/1.1" 200 171 "-" "PostmanRuntime/7.42.0"

info: ::1 - - [13/Nov/2024:10:04:21 +0000] "POST /api/v1/funddonotes/usernotes/archives67347621a1c6f34a746a984a HTTP/1.1" 404 47 "-" "PostmanRuntime/7.42.0"

info: ::1 - - [13/Nov/2024:10:04:36 +0000] "POST /api/v1/funddonotes/usernotes/archives/67347621a1c6f34a746a984a HTTP/1.1" 404 47 "-" "PostmanRuntime/7.42.0"

info: ::1 - - [13/Nov/2024:10:04:43 +0000] "PUT /api/v1/funddonotes/usernotes/archives/67347621a1c6f34a746a984a HTTP/1.1" 404 47 "-" "PostmanRuntime/7.42.0"

info: ::1 - - [13/Nov/2024:10:04:51 +0000] "POST /api/v1/funddonotes/usernotes/archive/67347621a1c6f34a746a984a HTTP/1.1" 200 46 "-" "PostmanRuntime/7.42.0"

info: ::1 - - [13/Nov/2024:10:05:02 +0000] "GET /api/v1/funddonotes/usernotes/archives HTTP/1.1" 200 22 "-" "PostmanRuntime/7.42.0"

info: ::1 - - [13/Nov/2024:10:23:25 +0000] "GET /ws HTTP/1.1" 404 47 "-" "Mozilla/5.0 (Windows NT 10.0; Win64; x64) AppleWebKit/537.36 (KHTML, like Gecko) Chrome/130.0.0.0 Safari/537.36"

info: ::1 - - [13/Nov/2024:10:23:36 +0000] "GET /api/v1/funddonotes/usernotes/readnotes HTTP/1.1" 200 592 "-" "PostmanRuntime/7.42.0"

info: ::1 - - [13/Nov/2024:10:23:39 +0000] "GET /api/v1/funddonotes/usernotes/readnotes HTTP/1.1" 200 592 "-" "PostmanRuntime/7.42.0"

info: ::1 - - [13/Nov/2024:10:23:41 +0000] "GET /api/v1/funddonotes/usernotes/readnotes HTTP/1.1" 200 592 "-" "PostmanRuntime/7.42.0"

info: ::1 - - [13/Nov/2024:10:23:42 +0000] "GET /api/v1/funddonotes/usernotes/readnotes HTTP/1.1" 200 592 "-" "PostmanRuntime/7.42.0"

info: ::1 - - [13/Nov/2024:10:24:30 +0000] "GET /ws HTTP/1.1" 404 47 "-" "Mozilla/5.0 (Windows NT 10.0; Win64; x64) AppleWebKit/537.36 (KHTML, like Gecko) Chrome/130.0.0.0 Safari/537.36"

info: ::1 - - [13/Nov/2024:12:08:59 +0000] "GET /api/v1/funddonotes/usernotes/readnotes HTTP/1.1" 200 592 "-" "PostmanRuntime/7.42.0"

info: ::1 - - [13/Nov/2024:12:09:13 +0000] "GET /api/v1/funddonotes/usernotes/archives HTTP/1.1" 200 22 "-" "PostmanRuntime/7.42.0"

info: ::1 - - [13/Nov/2024:12:13:07 +0000] "POST /api/v1/funddonotes/user/register HTTP/1.1" 400 82 "-" "PostmanRuntime/7.42.0"

info: ::1 - - [13/Nov/2024:12:13:17 +0000] "POST /api/v1/funddonotes/user/register HTTP/1.1" 400 82 "-" "PostmanRuntime/7.42.0"

info: ::1 - - [13/Nov/2024:12:13:22 +0000] "POST /api/v1/funddonotes/user/register HTTP/1.1" 400 82 "-" "PostmanRuntime/7.42.0"

info: ::1 - - [13/Nov/2024:12:13:30 +0000] "POST /api/v1/funddonotes/user/register HTTP/1.1" 400 82 "-" "PostmanRuntime/7.42.0"

info: ::1 - - [13/Nov/2024:12:14:19 +0000] "POST /api/v1/funddonotes/user/register HTTP/1.1" 201 113 "-" "PostmanRuntime/7.42.0"

info: ::1 - - [13/Nov/2024:12:14:26 +0000] "POST /api/v1/funddonotes/user/register HTTP/1.1" 201 122 "-" "PostmanRuntime/7.42.0"

info: ::1 - - [13/Nov/2024:12:14:30 +0000] "POST /api/v1/funddonotes/user/register HTTP/1.1" 400 82 "-" "PostmanRuntime/7.42.0"

info: ::1 - - [13/Nov/2024:12:14:36 +0000] "POST /api/v1/funddonotes/user/register HTTP/1.1" 400 82 "-" "PostmanRuntime/7.42.0"

info: ::1 - - [13/Nov/2024:12:14:39 +0000] "POST /api/v1/funddonotes/user/register HTTP/1.1" 400 82 "-" "PostmanRuntime/7.42.0"

info: ::1 - - [13/Nov/2024:12:33:35 +0000] "GET /api/v1/fundonotes/usernotes/readnotes HTTP/1.1" 200 592 "-" "PostmanRuntime/7.42.0"

info: ::1 - - [13/Nov/2024:12:33:39 +0000] "GET /api/v1/fundonotes/usernotes/readnotes HTTP/1.1" 200 592 "-" "PostmanRuntime/7.42.0"

info: ::1 - - [13/Nov/2024:12:33:40 +0000] "GET /api/v1/fundonotes/usernotes/readnotes HTTP/1.1" 200 592 "-" "PostmanRuntime/7.42.0"

info: ::1 - - [13/Nov/2024:12:33:42 +0000] "GET /api/v1/fundonotes/usernotes/readnotes HTTP/1.1" 200 592 "-" "PostmanRuntime/7.42.0"

info: ::1 - - [13/Nov/2024:12:34:41 +0000] "GET /api/v1/fundonotes/usernotes/readnotes HTTP/1.1" 200 572 "-" "PostmanRuntime/7.42.0"

info: ::1 - - [13/Nov/2024:12:34:42 +0000] "GET /api/v1/fundonotes/usernotes/readnotes HTTP/1.1" 200 572 "-" "PostmanRuntime/7.42.0"

info: ::1 - - [13/Nov/2024:12:34:44 +0000] "GET /api/v1/fundonotes/usernotes/readnotes HTTP/1.1" 200 572 "-" "PostmanRuntime/7.42.0"

info: ::1 - - [13/Nov/2024:12:35:06 +0000] "GET /api/v1/fundonotes/usernotes/readnotes HTTP/1.1" 200 592 "-" "PostmanRuntime/7.42.0"

info: ::1 - - [13/Nov/2024:12:35:08 +0000] "GET /api/v1/fundonotes/usernotes/readnotes HTTP/1.1" 200 592 "-" "PostmanRuntime/7.42.0"

info: ::1 - - [13/Nov/2024:12:35:09 +0000] "GET /api/v1/fundonotes/usernotes/readnotes HTTP/1.1" 200 592 "-" "PostmanRuntime/7.42.0"

info: ::1 - - [13/Nov/2024:12:35:11 +0000] "GET /api/v1/fundonotes/usernotes/readnotes HTTP/1.1" 200 592 "-" "PostmanRuntime/7.42.0"

info: ::1 - - [13/Nov/2024:12:35:13 +0000] "GET /api/v1/fundonotes/usernotes/readnotes HTTP/1.1" 200 592 "-" "PostmanRuntime/7.42.0"

info: ::1 - - [13/Nov/2024:12:35:31 +0000] "GET /api/v1/fundonotes/usernotes/readnotes HTTP/1.1" 200 592 "-" "PostmanRuntime/7.42.0"

info: ::1 - - [13/Nov/2024:12:35:32 +0000] "GET /api/v1/fundonotes/usernotes/readnotes HTTP/1.1" 200 592 "-" "PostmanRuntime/7.42.0"

info: ::1 - - [13/Nov/2024:12:35:34 +0000] "GET /api/v1/fundonotes/usernotes/readnotes HTTP/1.1" 200 592 "-" "PostmanRuntime/7.42.0"

info: ::1 - - [13/Nov/2024:12:36:02 +0000] "GET /api/v1/fundonotes/usernotes/readnote/673475e7d0ce014df850af77 HTTP/1.1" 200 195 "-" "PostmanRuntime/7.42.0"

info: ::1 - - [13/Nov/2024:12:36:22 +0000] "GET /api/v1/fundonotes/usernotes/readnotes HTTP/1.1" 200 592 "-" "PostmanRuntime/7.42.0"

info: ::1 - - [13/Nov/2024:12:36:25 +0000] "GET /api/v1/fundonotes/usernotes/readnotes HTTP/1.1" 200 592 "-" "PostmanRuntime/7.42.0"

info: ::1 - - [13/Nov/2024:12:36:59 +0000] "POST /api/v1/fundonotes/usernotes/updatenote/67331db051e7db33d8016353 HTTP/1.1" 404 47 "-" "PostmanRuntime/7.42.0"

info: ::1 - - [13/Nov/2024:12:37:03 +0000] "PUT /api/v1/fundonotes/usernotes/updatenote/67331db051e7db33d8016353 HTTP/1.1" 400 40 "-" "PostmanRuntime/7.42.0"

info: ::1 - - [13/Nov/2024:12:37:13 +0000] "PUT /api/v1/fundonotes/usernotes/updatenote/67331db051e7db33d8016353 HTTP/1.1" 400 48 "-" "PostmanRuntime/7.42.0"

info: ::1 - - [13/Nov/2024:12:37:43 +0000] "POST /api/v1/fundonotes/user/login HTTP/1.1" 200 268 "-" "PostmanRuntime/7.42.0"

info: ::1 - - [13/Nov/2024:12:38:06 +0000] "PUT /api/v1/fundonotes/usernotes/updatenote/67331db051e7db33d8016353 HTTP/1.1" 400 48 "-" "PostmanRuntime/7.42.0"

info: ::1 - - [13/Nov/2024:12:38:30 +0000] "PUT /api/v1/fundonotes/usernotes/updatenote/673475dbd0ce014df850af74 HTTP/1.1" 200 49 "-" "PostmanRuntime/7.42.0"

info: ::1 - - [13/Nov/2024:12:38:47 +0000] "GET /api/v1/fundonotes/usernotes/readnotes HTTP/1.1" 200 603 "-" "PostmanRuntime/7.42.0"

info: ::1 - - [13/Nov/2024:12:38:50 +0000] "GET /api/v1/fundonotes/usernotes/readnotes HTTP/1.1" 200 603 "-" "PostmanRuntime/7.42.0"

info: ::1 - - [13/Nov/2024:12:38:52 +0000] "GET /api/v1/fundonotes/usernotes/readnotes HTTP/1.1" 200 603 "-" "PostmanRuntime/7.42.0"

info: ::1 - - [13/Nov/2024:12:42:02 +0000] "GET /api/v1/fundonotes/usernotes/readnotes HTTP/1.1" 200 603 "-" "PostmanRuntime/7.42.0"

info: ::1 - - [13/Nov/2024:12:42:04 +0000] "GET /api/v1/fundonotes/usernotes/readnotes HTTP/1.1" 200 603 "-" "PostmanRuntime/7.42.0"

info: ::1 - - [13/Nov/2024:12:42:45 +0000] "GET /api/v1/fundonotes/usernotes/readnotes HTTP/1.1" 200 603 "-" "PostmanRuntime/7.42.0"

info: ::1 - - [13/Nov/2024:12:42:46 +0000] "GET /api/v1/fundonotes/usernotes/readnotes HTTP/1.1" 200 603 "-" "PostmanRuntime/7.42.0"

info: ::1 - - [13/Nov/2024:12:42:47 +0000] "GET /api/v1/fundonotes/usernotes/readnotes HTTP/1.1" 200 603 "-" "PostmanRuntime/7.42.0"

info: ::1 - - [13/Nov/2024:12:42:54 +0000] "GET /api/v1/fundonotes/usernotes/readnotes HTTP/1.1" 200 603 "-" "PostmanRuntime/7.42.0"

