info: ::1 - - [20/Oct/2024:06:35:32 +0000] "POST /api/v1/funddonotes/users/login HTTP/1.1" 400 81 "-" "PostmanRuntime/7.39.1"

info: ::1 - - [20/Oct/2024:06:36:46 +0000] "POST /api/v1/funddonotes/users/login HTTP/1.1" 400 81 "-" "PostmanRuntime/7.39.1"

info: ::1 - - [20/Oct/2024:06:39:42 +0000] "POST /api/v1/funddonotes/users/register HTTP/1.1" 500 90 "-" "PostmanRuntime/7.39.1"

info: ::1 - - [20/Oct/2024:06:39:54 +0000] "POST /api/v1/funddonotes/users/register HTTP/1.1" 400 140 "-" "PostmanRuntime/7.39.1"

info: ::1 - - [20/Oct/2024:06:40:05 +0000] "POST /api/v1/funddonotes/users/register HTTP/1.1" 201 113 "-" "PostmanRuntime/7.39.1"

info: ::1 - - [20/Oct/2024:06:40:55 +0000] "POST /api/v1/funddonotes/users/login HTTP/1.1" 200 210 "-" "PostmanRuntime/7.39.1"

info: ::1 - - [20/Oct/2024:07:55:51 +0000] "POST /api/v1/funddonotes/users/keepnote HTTP/1.1" 500 72 "-" "PostmanRuntime/7.39.1"

info: ::1 - - [20/Oct/2024:07:58:52 +0000] "POST /api/v1/funddonotes/users/login HTTP/1.1" 500 90 "-" "PostmanRuntime/7.39.1"

info: ::1 - - [20/Oct/2024:07:58:59 +0000] "POST /api/v1/funddonotes/users/login HTTP/1.1" 400 81 "-" "PostmanRuntime/7.39.1"

info: ::1 - - [20/Oct/2024:07:59:19 +0000] "POST /api/v1/funddonotes/users/login HTTP/1.1" 200 156 "-" "PostmanRuntime/7.39.1"

info: ::1 - - [20/Oct/2024:08:00:31 +0000] "POST /api/v1/funddonotes/users/keepnote HTTP/1.1" 500 72 "-" "PostmanRuntime/7.39.1"

info: ::1 - - [20/Oct/2024:11:08:09 +0000] "POST /api/v1/funddonotes/users/keepnote HTTP/1.1" 500 96 "-" "PostmanRuntime/7.39.1"

info: ::1 - - [20/Oct/2024:11:14:10 +0000] "POST /api/v1/funddonotes/users/keepnote HTTP/1.1" 500 96 "-" "PostmanRuntime/7.39.1"

info: ::1 - - [20/Oct/2024:11:15:15 +0000] "POST /api/v1/funddonotes/users/keepnote HTTP/1.1" 200 85 "-" "PostmanRuntime/7.39.1"

info: ::1 - - [20/Oct/2024:11:17:18 +0000] "POST /api/v1/funddonotes/users/keepnote HTTP/1.1" 200 85 "-" "PostmanRuntime/7.39.1"

info: ::1 - - [20/Oct/2024:11:19:02 +0000] "POST /api/v1/funddonotes/users/keepnote HTTP/1.1" 200 85 "-" "PostmanRuntime/7.39.1"

info: ::1 - - [20/Oct/2024:11:27:34 +0000] "POST /api/v1/funddonotes/users/keepnote HTTP/1.1" 200 85 "-" "PostmanRuntime/7.39.1"

info: ::1 - - [20/Oct/2024:11:28:44 +0000] "POST /api/v1/funddonotes/users/keepnote HTTP/1.1" 200 85 "-" "PostmanRuntime/7.39.1"

info: ::1 - - [20/Oct/2024:11:36:49 +0000] "POST /api/v1/funddonotes/users/keepnote HTTP/1.1" 200 154 "-" "PostmanRuntime/7.39.1"

info: ::1 - - [20/Oct/2024:11:52:36 +0000] "POST /api/v1/funddonotes/users/keepnote HTTP/1.1" 200 156 "-" "PostmanRuntime/7.39.1"

info: ::1 - - [20/Oct/2024:11:56:01 +0000] "POST /api/v1/funddonotes/users/keepnote HTTP/1.1" 200 199 "-" "PostmanRuntime/7.39.1"

info: ::1 - - [20/Oct/2024:12:03:56 +0000] "POST /api/v1/funddonotes/users/keepnote HTTP/1.1" 200 189 "-" "PostmanRuntime/7.39.1"

info: ::1 - - [20/Oct/2024:12:19:38 +0000] "POST /api/v1/funddonotes/users/keepnote HTTP/1.1" 500 86 "-" "PostmanRuntime/7.39.1"

info: ::1 - - [20/Oct/2024:12:23:13 +0000] "POST /api/v1/funddonotes/users/keepnote HTTP/1.1" 200 212 "-" "PostmanRuntime/7.39.1"

info: ::1 - - [20/Oct/2024:12:25:54 +0000] "POST /api/v1/funddonotes/users/keepnote HTTP/1.1" 200 212 "-" "PostmanRuntime/7.39.1"

info: ::1 - - [20/Oct/2024:12:26:02 +0000] "POST /api/v1/funddonotes/users/keepnote HTTP/1.1" 200 212 "-" "PostmanRuntime/7.39.1"

info: ::1 - - [20/Oct/2024:12:28:18 +0000] "POST /api/v1/funddonotes/users/keepnote HTTP/1.1" 200 212 "-" "PostmanRuntime/7.39.1"

info: ::1 - - [20/Oct/2024:12:37:11 +0000] "POST /api/v1/funddonotes/users/createnote HTTP/1.1" 200 212 "-" "PostmanRuntime/7.39.1"

info: ::1 - - [20/Oct/2024:12:37:15 +0000] "POST /api/v1/funddonotes/users/createnote HTTP/1.1" 200 212 "-" "PostmanRuntime/7.39.1"

info: ::1 - - [20/Oct/2024:12:37:35 +0000] "POST /api/v1/funddonotes/users/createnote HTTP/1.1" 200 48 "-" "PostmanRuntime/7.39.1"

info: ::1 - - [20/Oct/2024:12:37:44 +0000] "POST /api/v1/funddonotes/users/createnote HTTP/1.1" 200 212 "-" "PostmanRuntime/7.39.1"

info: ::1 - - [20/Oct/2024:12:42:22 +0000] "POST /api/v1/funddonotes/users/createnote HTTP/1.1" 200 212 "-" "PostmanRuntime/7.39.1"

info: ::1 - - [20/Oct/2024:12:57:26 +0000] "POST /api/v1/funddonotes/users/readnote HTTP/1.1" 200 11 "-" "PostmanRuntime/7.39.1"

info: ::1 - - [20/Oct/2024:12:58:27 +0000] "POST /api/v1/funddonotes/users/readnote HTTP/1.1" 200 11 "-" "PostmanRuntime/7.39.1"

info: ::1 - - [20/Oct/2024:12:58:52 +0000] "POST /api/v1/funddonotes/users/readnote HTTP/1.1" 200 18 "-" "PostmanRuntime/7.39.1"

info: ::1 - - [20/Oct/2024:12:59:13 +0000] "POST /api/v1/funddonotes/users/readnote HTTP/1.1" 400 112 "-" "PostmanRuntime/7.39.1"

info: ::1 - - [20/Oct/2024:13:00:20 +0000] "POST /api/v1/funddonotes/users/readnote HTTP/1.1" 200 232 "-" "PostmanRuntime/7.39.1"

info: ::1 - - [20/Oct/2024:13:07:14 +0000] "POST /api/v1/funddonotes/users/readnote HTTP/1.1" 200 161 "-" "PostmanRuntime/7.39.1"

info: ::1 - - [20/Oct/2024:13:07:40 +0000] "POST /api/v1/funddonotes/users/readnote HTTP/1.1" 200 127 "-" "PostmanRuntime/7.39.1"

info: ::1 - - [20/Oct/2024:13:09:22 +0000] "POST /api/v1/funddonotes/users/readnote HTTP/1.1" 200 111 "-" "PostmanRuntime/7.39.1"

info: ::1 - - [20/Oct/2024:13:09:57 +0000] "POST /api/v1/funddonotes/users/readnote HTTP/1.1" 400 31 "-" "PostmanRuntime/7.39.1"

info: ::1 - - [20/Oct/2024:13:10:08 +0000] "POST /api/v1/funddonotes/users/readnote HTTP/1.1" 400 138 "-" "PostmanRuntime/7.39.1"

info: ::1 - - [20/Oct/2024:13:10:14 +0000] "POST /api/v1/funddonotes/users/readnote HTTP/1.1" 200 111 "-" "PostmanRuntime/7.39.1"

info: ::1 - - [20/Oct/2024:13:19:35 +0000] "POST /api/v1/funddonotes/users/readnote HTTP/1.1" 200 111 "-" "PostmanRuntime/7.39.1"

info: ::1 - - [20/Oct/2024:13:24:29 +0000] "POST /api/v1/funddonotes/users/readnote HTTP/1.1" 400 77 "-" "PostmanRuntime/7.39.1"

info: ::1 - - [20/Oct/2024:13:25:21 +0000] "POST /api/v1/funddonotes/users/readnote HTTP/1.1" 400 115 "-" "PostmanRuntime/7.39.1"

info: ::1 - - [20/Oct/2024:13:26:12 +0000] "POST /api/v1/funddonotes/users/readnote HTTP/1.1" 400 124 "-" "PostmanRuntime/7.39.1"

info: ::1 - - [20/Oct/2024:13:26:42 +0000] "POST /api/v1/funddonotes/users/readnote HTTP/1.1" 400 124 "-" "PostmanRuntime/7.39.1"

info: ::1 - - [20/Oct/2024:13:27:16 +0000] "POST /api/v1/funddonotes/users/readnote HTTP/1.1" 400 47 "-" "PostmanRuntime/7.39.1"

info: ::1 - - [20/Oct/2024:13:27:37 +0000] "POST /api/v1/funddonotes/users/readnote HTTP/1.1" 400 47 "-" "PostmanRuntime/7.39.1"

info: ::1 - - [20/Oct/2024:13:27:41 +0000] "POST /api/v1/funddonotes/users/readnote HTTP/1.1" 400 115 "-" "PostmanRuntime/7.39.1"

info: ::1 - - [20/Oct/2024:13:28:09 +0000] "POST /api/v1/funddonotes/users/readnote HTTP/1.1" 400 115 "-" "PostmanRuntime/7.39.1"

info: ::1 - - [20/Oct/2024:13:28:41 +0000] "POST /api/v1/funddonotes/users/readnote HTTP/1.1" 400 115 "-" "PostmanRuntime/7.39.1"

info: ::1 - - [20/Oct/2024:13:29:01 +0000] "POST /api/v1/funddonotes/users/readnote HTTP/1.1" 400 47 "-" "PostmanRuntime/7.39.1"

info: ::1 - - [20/Oct/2024:13:29:53 +0000] "POST /api/v1/funddonotes/users/readnote HTTP/1.1" 400 47 "-" "PostmanRuntime/7.39.1"

info: ::1 - - [20/Oct/2024:13:30:08 +0000] "POST /api/v1/funddonotes/users/readnote HTTP/1.1" 400 47 "-" "PostmanRuntime/7.39.1"

info: ::1 - - [20/Oct/2024:13:31:21 +0000] "POST /api/v1/funddonotes/users/readnote HTTP/1.1" 400 47 "-" "PostmanRuntime/7.39.1"

info: ::1 - - [20/Oct/2024:13:32:12 +0000] "POST /api/v1/funddonotes/users/readnote HTTP/1.1" 400 47 "-" "PostmanRuntime/7.39.1"

info: ::1 - - [20/Oct/2024:13:32:46 +0000] "POST /api/v1/funddonotes/users/readnote HTTP/1.1" 400 47 "-" "PostmanRuntime/7.39.1"

info: ::1 - - [20/Oct/2024:13:32:53 +0000] "POST /api/v1/funddonotes/users/readnote HTTP/1.1" 400 47 "-" "PostmanRuntime/7.39.1"

info: ::1 - - [20/Oct/2024:13:33:18 +0000] "POST /api/v1/funddonotes/users/readnote HTTP/1.1" 400 135 "-" "PostmanRuntime/7.39.1"

info: ::1 - - [20/Oct/2024:13:33:26 +0000] "POST /api/v1/funddonotes/users/readnote HTTP/1.1" 400 47 "-" "PostmanRuntime/7.39.1"

info: ::1 - - [20/Oct/2024:13:33:33 +0000] "POST /api/v1/funddonotes/users/readnote HTTP/1.1" 400 121 "-" "PostmanRuntime/7.39.1"

info: ::1 - - [20/Oct/2024:13:33:50 +0000] "POST /api/v1/funddonotes/users/readnote HTTP/1.1" 400 47 "-" "PostmanRuntime/7.39.1"

info: ::1 - - [20/Oct/2024:13:35:40 +0000] "POST /api/v1/funddonotes/users/readnote HTTP/1.1" 400 77 "-" "PostmanRuntime/7.39.1"

info: ::1 - - [20/Oct/2024:13:37:16 +0000] "POST /api/v1/funddonotes/users/readnote HTTP/1.1" 400 77 "-" "PostmanRuntime/7.39.1"

info: ::1 - - [20/Oct/2024:13:37:55 +0000] "POST /api/v1/funddonotes/users/readnote HTTP/1.1" 400 77 "-" "PostmanRuntime/7.39.1"

info: ::1 - - [20/Oct/2024:13:38:51 +0000] "POST /api/v1/funddonotes/users/readnote HTTP/1.1" 400 77 "-" "PostmanRuntime/7.39.1"

info: ::1 - - [20/Oct/2024:13:39:52 +0000] "POST /api/v1/funddonotes/users/readnote HTTP/1.1" 400 77 "-" "PostmanRuntime/7.39.1"

info: ::1 - - [20/Oct/2024:13:40:33 +0000] "POST /api/v1/funddonotes/users/readnote HTTP/1.1" 400 77 "-" "PostmanRuntime/7.39.1"

info: ::1 - - [20/Oct/2024:13:41:59 +0000] "POST /api/v1/funddonotes/users/readnote HTTP/1.1" 200 111 "-" "PostmanRuntime/7.39.1"

info: ::1 - - [20/Oct/2024:13:56:26 +0000] "POST /api/v1/funddonotes/users/readnote HTTP/1.1" 400 77 "-" "PostmanRuntime/7.39.1"

info: ::1 - - [20/Oct/2024:14:03:26 +0000] "POST /api/v1/funddonotes/users/readnote HTTP/1.1" 400 77 "-" "PostmanRuntime/7.39.1"

info: ::1 - - [20/Oct/2024:14:04:09 +0000] "POST /api/v1/funddonotes/users/readnote HTTP/1.1" 400 143 "-" "PostmanRuntime/7.39.1"

info: ::1 - - [20/Oct/2024:14:04:39 +0000] "POST /api/v1/funddonotes/users/readnote HTTP/1.1" 400 30 "-" "PostmanRuntime/7.39.1"

info: ::1 - - [20/Oct/2024:14:07:24 +0000] "POST /api/v1/funddonotes/users/readnote HTTP/1.1" 400 30 "-" "PostmanRuntime/7.39.1"

info: ::1 - - [20/Oct/2024:14:10:17 +0000] "POST /api/v1/funddonotes/users/readnote HTTP/1.1" 200 111 "-" "PostmanRuntime/7.39.1"

info: ::1 - - [20/Oct/2024:14:10:24 +0000] "POST /api/v1/funddonotes/users/readnote HTTP/1.1" 400 45 "-" "PostmanRuntime/7.39.1"

info: ::1 - - [20/Oct/2024:14:11:04 +0000] "POST /api/v1/funddonotes/users/readnote HTTP/1.1" 400 45 "-" "PostmanRuntime/7.39.1"

info: ::1 - - [20/Oct/2024:14:16:26 +0000] "POST /api/v1/funddonotes/users/readnote HTTP/1.1" 400 45 "-" "PostmanRuntime/7.39.1"

info: ::1 - - [20/Oct/2024:14:16:30 +0000] "POST /api/v1/funddonotes/users/readnote HTTP/1.1" 400 45 "-" "PostmanRuntime/7.39.1"

info: ::1 - - [20/Oct/2024:14:16:31 +0000] "POST /api/v1/funddonotes/users/readnote HTTP/1.1" 400 45 "-" "PostmanRuntime/7.39.1"

info: ::1 - - [20/Oct/2024:14:16:31 +0000] "POST /api/v1/funddonotes/users/readnote HTTP/1.1" 400 45 "-" "PostmanRuntime/7.39.1"

info: ::1 - - [20/Oct/2024:14:16:38 +0000] "POST /api/v1/funddonotes/users/readnote HTTP/1.1" 400 117 "-" "PostmanRuntime/7.39.1"

info: ::1 - - [20/Oct/2024:14:16:49 +0000] "POST /api/v1/funddonotes/users/readnote HTTP/1.1" 500 90 "-" "PostmanRuntime/7.39.1"

info: ::1 - - [20/Oct/2024:14:23:57 +0000] "POST /api/v1/funddonotes/users/readnote HTTP/1.1" 200 111 "-" "PostmanRuntime/7.39.1"

info: ::1 - - [20/Oct/2024:14:24:03 +0000] "POST /api/v1/funddonotes/users/readnote HTTP/1.1" 400 119 "-" "PostmanRuntime/7.39.1"

info: ::1 - - [20/Oct/2024:14:24:08 +0000] "POST /api/v1/funddonotes/users/readnote HTTP/1.1" 400 45 "-" "PostmanRuntime/7.39.1"

info: ::1 - - [20/Oct/2024:14:26:31 +0000] "POST /api/v1/funddonotes/users/readnote HTTP/1.1" 500 68 "-" "PostmanRuntime/7.39.1"

info: ::1 - - [20/Oct/2024:14:26:47 +0000] "POST /api/v1/funddonotes/users/readnote HTTP/1.1" 400 120 "-" "PostmanRuntime/7.39.1"

info: ::1 - - [20/Oct/2024:14:30:41 +0000] "POST /api/v1/funddonotes/users/readnote HTTP/1.1" 400 120 "-" "PostmanRuntime/7.39.1"

info: ::1 - - [20/Oct/2024:14:30:49 +0000] "POST /api/v1/funddonotes/users/readnote HTTP/1.1" 500 68 "-" "PostmanRuntime/7.39.1"

info: ::1 - - [20/Oct/2024:14:30:54 +0000] "POST /api/v1/funddonotes/users/readnote HTTP/1.1" 400 120 "-" "PostmanRuntime/7.39.1"

info: ::1 - - [20/Oct/2024:14:30:59 +0000] "POST /api/v1/funddonotes/users/readnote HTTP/1.1" 400 116 "-" "PostmanRuntime/7.39.1"

info: ::1 - - [20/Oct/2024:14:31:45 +0000] "POST /api/v1/funddonotes/users/readnote HTTP/1.1" 400 116 "-" "PostmanRuntime/7.39.1"

info: ::1 - - [20/Oct/2024:14:32:01 +0000] "POST /api/v1/funddonotes/users/readnote HTTP/1.1" 400 45 "-" "PostmanRuntime/7.39.1"

info: ::1 - - [20/Oct/2024:14:32:08 +0000] "POST /api/v1/funddonotes/users/readnote HTTP/1.1" 400 125 "-" "PostmanRuntime/7.39.1"

info: ::1 - - [20/Oct/2024:14:33:00 +0000] "POST /api/v1/funddonotes/users/readnote HTTP/1.1" 200 111 "-" "PostmanRuntime/7.39.1"

info: ::1 - - [20/Oct/2024:14:33:21 +0000] "POST /api/v1/funddonotes/users/readnote HTTP/1.1" 400 35 "-" "PostmanRuntime/7.39.1"

info: ::1 - - [20/Oct/2024:14:35:25 +0000] "POST /api/v1/funddonotes/users/readnote HTTP/1.1" 400 35 "-" "PostmanRuntime/7.39.1"

info: ::1 - - [20/Oct/2024:14:35:31 +0000] "POST /api/v1/funddonotes/users/readnote HTTP/1.1" 400 45 "-" "PostmanRuntime/7.39.1"

info: ::1 - - [20/Oct/2024:14:36:03 +0000] "POST /api/v1/funddonotes/users/readnote HTTP/1.1" 400 35 "-" "PostmanRuntime/7.39.1"

info: ::1 - - [20/Oct/2024:14:36:44 +0000] "POST /api/v1/funddonotes/users/readnote HTTP/1.1" 400 45 "-" "PostmanRuntime/7.39.1"

info: ::1 - - [20/Oct/2024:14:39:27 +0000] "POST /api/v1/funddonotes/users/register HTTP/1.1" 201 123 "-" "PostmanRuntime/7.39.1"

info: ::1 - - [20/Oct/2024:14:39:39 +0000] "POST /api/v1/funddonotes/users/register HTTP/1.1" 500 81 "-" "PostmanRuntime/7.39.1"

info: ::1 - - [20/Oct/2024:14:39:44 +0000] "POST /api/v1/funddonotes/users/register HTTP/1.1" 400 89 "-" "PostmanRuntime/7.39.1"

info: ::1 - - [20/Oct/2024:14:39:53 +0000] "POST /api/v1/funddonotes/users/register HTTP/1.1" 500 90 "-" "PostmanRuntime/7.39.1"

info: ::1 - - [20/Oct/2024:14:40:30 +0000] "POST /api/v1/funddonotes/users/register HTTP/1.1" 500 60 "-" "PostmanRuntime/7.39.1"

info: ::1 - - [20/Oct/2024:14:43:39 +0000] "POST /api/v1/funddonotes/users/readnote HTTP/1.1" 200 111 "-" "PostmanRuntime/7.39.1"

info: ::1 - - [20/Oct/2024:14:43:44 +0000] "POST /api/v1/funddonotes/users/readnote HTTP/1.1" 400 139 "-" "PostmanRuntime/7.39.1"

info: ::1 - - [20/Oct/2024:14:44:02 +0000] "POST /api/v1/funddonotes/users/readnote HTTP/1.1" 400 31 "-" "PostmanRuntime/7.39.1"

info: ::1 - - [20/Oct/2024:14:44:28 +0000] "POST /api/v1/funddonotes/users/readnote HTTP/1.1" 200 111 "-" "PostmanRuntime/7.39.1"

info: ::1 - - [20/Oct/2024:14:45:15 +0000] "POST /api/v1/funddonotes/users/readnote HTTP/1.1" 400 139 "-" "PostmanRuntime/7.39.1"

info: ::1 - - [20/Oct/2024:14:46:21 +0000] "POST /api/v1/funddonotes/users/readnote HTTP/1.1" 400 139 "-" "PostmanRuntime/7.39.1"

info: ::1 - - [20/Oct/2024:14:48:35 +0000] "POST /api/v1/funddonotes/users/readnote HTTP/1.1" 400 24 "-" "PostmanRuntime/7.39.1"

info: ::1 - - [20/Oct/2024:14:49:12 +0000] "POST /api/v1/funddonotes/users/readnote HTTP/1.1" 400 128 "-" "PostmanRuntime/7.39.1"

info: ::1 - - [20/Oct/2024:14:49:25 +0000] "POST /api/v1/funddonotes/users/readnote HTTP/1.1" 400 129 "-" "PostmanRuntime/7.39.1"

info: ::1 - - [20/Oct/2024:14:56:20 +0000] "POST /api/v1/funddonotes/users/readnotes HTTP/1.1" 400 33 "-" "PostmanRuntime/7.39.1"

info: ::1 - - [20/Oct/2024:14:56:26 +0000] "POST /api/v1/funddonotes/users/readnotes HTTP/1.1" 400 24 "-" "PostmanRuntime/7.39.1"

info: ::1 - - [20/Oct/2024:14:57:27 +0000] "POST /api/v1/funddonotes/users/readnotes HTTP/1.1" 400 24 "-" "PostmanRuntime/7.39.1"

info: ::1 - - [20/Oct/2024:14:58:00 +0000] "POST /api/v1/funddonotes/users/readnotes HTTP/1.1" 400 24 "-" "PostmanRuntime/7.39.1"

info: ::1 - - [20/Oct/2024:14:58:46 +0000] "POST /api/v1/funddonotes/users/readnotes HTTP/1.1" 200 1262 "-" "PostmanRuntime/7.39.1"

info: ::1 - - [20/Oct/2024:14:59:08 +0000] "POST /api/v1/funddonotes/users/readnotes HTTP/1.1" 200 1262 "-" "PostmanRuntime/7.39.1"

info: ::1 - - [20/Oct/2024:15:05:00 +0000] "POST /api/v1/funddonotes/users/readnotes HTTP/1.1" 200 - "-" "PostmanRuntime/7.39.1"

info: ::1 - - [20/Oct/2024:15:05:10 +0000] "POST /api/v1/funddonotes/users/readnotes HTTP/1.1" 200 - "-" "PostmanRuntime/7.39.1"

info: ::1 - - [20/Oct/2024:15:05:57 +0000] "POST /api/v1/funddonotes/users/readnotes HTTP/1.1" 200 - "-" "PostmanRuntime/7.39.1"

info: ::1 - - [20/Oct/2024:15:05:57 +0000] "POST /api/v1/funddonotes/users/readnotes HTTP/1.1" 200 - "-" "PostmanRuntime/7.39.1"

info: ::1 - - [20/Oct/2024:15:06:00 +0000] "POST /api/v1/funddonotes/users/readnotes HTTP/1.1" 200 - "-" "PostmanRuntime/7.39.1"

info: ::1 - - [20/Oct/2024:15:07:19 +0000] "POST /api/v1/funddonotes/users/readnotes HTTP/1.1" 200 - "-" "PostmanRuntime/7.39.1"

info: ::1 - - [20/Oct/2024:15:09:07 +0000] "POST /api/v1/funddonotes/users/readnotes HTTP/1.1" 200 9750 "-" "PostmanRuntime/7.39.1"

info: ::1 - - [20/Oct/2024:15:11:32 +0000] "POST /api/v1/funddonotes/users/readnotes HTTP/1.1" 200 9750 "-" "PostmanRuntime/7.39.1"

info: ::1 - - [20/Oct/2024:15:12:47 +0000] "POST /api/v1/funddonotes/users/readnotes HTTP/1.1" 200 9640 "-" "PostmanRuntime/7.39.1"

info: ::1 - - [20/Oct/2024:15:13:44 +0000] "POST /api/v1/funddonotes/users/readnotes HTTP/1.1" 200 1262 "-" "PostmanRuntime/7.39.1"

info: ::1 - - [20/Oct/2024:15:14:35 +0000] "POST /api/v1/funddonotes/users/readnotes HTTP/1.1" 200 87 "-" "PostmanRuntime/7.39.1"

info: ::1 - - [20/Oct/2024:15:15:53 +0000] "POST /api/v1/funddonotes/users/readnotes HTTP/1.1" 200 799 "-" "PostmanRuntime/7.39.1"

info: ::1 - - [20/Oct/2024:15:16:23 +0000] "POST /api/v1/funddonotes/users/readnotes HTTP/1.1" 200 799 "-" "PostmanRuntime/7.39.1"

info: ::1 - - [20/Oct/2024:15:17:00 +0000] "POST /api/v1/funddonotes/users/readnotes HTTP/1.1" 200 787 "-" "PostmanRuntime/7.39.1"

info: ::1 - - [20/Oct/2024:15:18:30 +0000] "POST /api/v1/funddonotes/users/readnotes HTTP/1.1" 200 787 "-" "PostmanRuntime/7.39.1"

info: ::1 - - [20/Oct/2024:15:21:30 +0000] "POST /api/v1/funddonotes/users/readnotes HTTP/1.1" 200 87 "-" "PostmanRuntime/7.39.1"

info: ::1 - - [20/Oct/2024:15:22:22 +0000] "POST /api/v1/funddonotes/users/readnotes HTTP/1.1" 200 102 "-" "PostmanRuntime/7.39.1"

info: ::1 - - [20/Oct/2024:15:23:14 +0000] "POST /api/v1/funddonotes/users/readnotes HTTP/1.1" 200 1262 "-" "PostmanRuntime/7.39.1"

info: ::1 - - [20/Oct/2024:15:23:50 +0000] "POST /api/v1/funddonotes/users/readnotes HTTP/1.1" 400 32 "-" "PostmanRuntime/7.39.1"

info: ::1 - - [20/Oct/2024:15:24:01 +0000] "POST /api/v1/funddonotes/users/readnotes HTTP/1.1" 400 42 "-" "PostmanRuntime/7.39.1"

info: ::1 - - [20/Oct/2024:15:24:12 +0000] "POST /api/v1/funddonotes/users/readnotes HTTP/1.1" 400 48 "-" "PostmanRuntime/7.39.1"

info: ::1 - - [20/Oct/2024:15:24:13 +0000] "POST /api/v1/funddonotes/users/readnotes HTTP/1.1" 400 48 "-" "PostmanRuntime/7.39.1"

info: ::1 - - [20/Oct/2024:15:24:17 +0000] "POST /api/v1/funddonotes/users/readnotes HTTP/1.1" 400 43 "-" "PostmanRuntime/7.39.1"

info: ::1 - - [20/Oct/2024:15:37:04 +0000] "POST /api/v1/funddonotes/users/readnotes HTTP/1.1" 400 33 "-" "PostmanRuntime/7.39.1"

info: ::1 - - [20/Oct/2024:15:38:36 +0000] "POST /api/v1/funddonotes/users/createnote HTTP/1.1" 200 144 "-" "PostmanRuntime/7.39.1"

info: ::1 - - [20/Oct/2024:15:38:56 +0000] "POST /api/v1/funddonotes/users/createnote HTTP/1.1" 200 118 "-" "PostmanRuntime/7.39.1"

info: ::1 - - [20/Oct/2024:15:39:06 +0000] "POST /api/v1/funddonotes/users/createnote HTTP/1.1" 200 123 "-" "PostmanRuntime/7.39.1"

info: ::1 - - [20/Oct/2024:15:39:58 +0000] "POST /api/v1/funddonotes/users/createnote HTTP/1.1" 400 61 "-" "PostmanRuntime/7.39.1"

info: ::1 - - [20/Oct/2024:15:40:09 +0000] "POST /api/v1/funddonotes/users/createnote HTTP/1.1" 200 118 "-" "PostmanRuntime/7.39.1"

info: ::1 - - [20/Oct/2024:15:40:24 +0000] "POST /api/v1/funddonotes/users/createnote HTTP/1.1" 400 61 "-" "PostmanRuntime/7.39.1"

info: ::1 - - [20/Oct/2024:15:40:29 +0000] "POST /api/v1/funddonotes/users/createnote HTTP/1.1" 200 109 "-" "PostmanRuntime/7.39.1"

info: ::1 - - [20/Oct/2024:15:41:17 +0000] "POST /api/v1/funddonotes/users/createnote HTTP/1.1" 200 138 "-" "PostmanRuntime/7.39.1"

info: ::1 - - [20/Oct/2024:15:41:26 +0000] "POST /api/v1/funddonotes/users/createnote HTTP/1.1" 200 146 "-" "PostmanRuntime/7.39.1"

info: ::1 - - [20/Oct/2024:15:42:16 +0000] "POST /api/v1/funddonotes/users/createnote HTTP/1.1" 200 113 "-" "PostmanRuntime/7.39.1"

info: ::1 - - [20/Oct/2024:16:02:36 +0000] "POST /api/v1/funddonotes/users/readnotes HTTP/1.1" 400 42 "-" "PostmanRuntime/7.39.1"

info: ::1 - - [20/Oct/2024:16:02:51 +0000] "POST /api/v1/funddonotes/users/readnotes HTTP/1.1" 400 42 "-" "PostmanRuntime/7.39.1"

info: ::1 - - [20/Oct/2024:16:03:08 +0000] "POST /api/v1/funddonotes/users/readnotes HTTP/1.1" 200 2135 "-" "PostmanRuntime/7.39.1"

info: ::1 - - [20/Oct/2024:18:09:40 +0000] "POST /api/v1/funddonotes/users/updatenote HTTP/1.1" 400 52 "-" "PostmanRuntime/7.39.1"

info: ::1 - - [20/Oct/2024:18:10:21 +0000] "POST /api/v1/funddonotes/users/updatenote HTTP/1.1" 200 158 "-" "PostmanRuntime/7.39.1"

info: ::1 - - [20/Oct/2024:18:11:17 +0000] "POST /api/v1/funddonotes/users/updatenote HTTP/1.1" 200 165 "-" "PostmanRuntime/7.39.1"

info: ::1 - - [20/Oct/2024:18:11:44 +0000] "POST /api/v1/funddonotes/users/updatenote HTTP/1.1" 400 48 "-" "PostmanRuntime/7.39.1"

info: ::1 - - [20/Oct/2024:18:11:54 +0000] "POST /api/v1/funddonotes/users/updatenote HTTP/1.1" 200 149 "-" "PostmanRuntime/7.39.1"

info: ::1 - - [20/Oct/2024:18:12:11 +0000] "POST /api/v1/funddonotes/users/updatenote HTTP/1.1" 400 61 "-" "PostmanRuntime/7.39.1"

info: ::1 - - [20/Oct/2024:18:12:44 +0000] "POST /api/v1/funddonotes/users/updatenote HTTP/1.1" 200 125 "-" "PostmanRuntime/7.39.1"

info: ::1 - - [20/Oct/2024:18:28:33 +0000] "POST /api/v1/funddonotes/users/updatenote HTTP/1.1" 400 77 "-" "PostmanRuntime/7.39.1"

info: ::1 - - [20/Oct/2024:18:28:53 +0000] "POST /api/v1/funddonotes/users/updatenote HTTP/1.1" 400 54 "-" "PostmanRuntime/7.39.1"

