info: ::1 - - [20/Oct/2024:18:31:14 +0000] "POST /api/v1/funddonotes/users/updatenote HTTP/1.1" 200 160 "-" "PostmanRuntime/7.39.1"

info: ::1 - - [20/Oct/2024:18:31:49 +0000] "POST /api/v1/funddonotes/users/updatenote HTTP/1.1" 200 168 "-" "PostmanRuntime/7.39.1"

info: ::1 - - [20/Oct/2024:18:33:09 +0000] "POST /api/v1/funddonotes/users/updatenote HTTP/1.1" 400 61 "-" "PostmanRuntime/7.39.1"

info: ::1 - - [20/Oct/2024:18:34:44 +0000] "POST /api/v1/funddonotes/users/updatenote HTTP/1.1" 500 90 "-" "PostmanRuntime/7.39.1"

info: ::1 - - [20/Oct/2024:18:36:13 +0000] "POST /api/v1/funddonotes/users/updatenote HTTP/1.1" 200 168 "-" "PostmanRuntime/7.39.1"

info: ::1 - - [20/Oct/2024:19:01:21 +0000] "POST /api/v1/funddonotes/users/deletenote HTTP/1.1" 200 183 "-" "PostmanRuntime/7.39.1"

info: ::1 - - [20/Oct/2024:19:03:31 +0000] "POST /api/v1/funddonotes/users/deletenote HTTP/1.1" 400 31 "-" "PostmanRuntime/7.39.1"

info: ::1 - - [20/Oct/2024:19:11:29 +0000] "POST /api/v1/funddonotes/users/deletenote HTTP/1.1" 400 30 "-" "PostmanRuntime/7.39.1"

info: ::1 - - [20/Oct/2024:19:11:37 +0000] "POST /api/v1/funddonotes/users/deletenotes HTTP/1.1" 400 50 "-" "PostmanRuntime/7.39.1"

info: ::1 - - [20/Oct/2024:19:13:01 +0000] "POST /api/v1/funddonotes/users/deletenotes HTTP/1.1" 400 50 "-" "PostmanRuntime/7.39.1"

info: ::1 - - [20/Oct/2024:19:18:21 +0000] "POST /api/v1/funddonotes/users/deletenotes HTTP/1.1" 200 30 "-" "PostmanRuntime/7.39.1"

info: ::1 - - [20/Oct/2024:19:22:22 +0000] "POST /api/v1/funddonotes/users/deletenotes HTTP/1.1" 200 2 "-" "PostmanRuntime/7.39.1"

info: ::1 - - [20/Oct/2024:19:23:10 +0000] "POST /api/v1/funddonotes/users/deletenotes HTTP/1.1" 200 20 "-" "PostmanRuntime/7.39.1"

info: ::1 - - [20/Oct/2024:19:24:45 +0000] "POST /api/v1/funddonotes/users/deletenote HTTP/1.1" 200 20 "-" "PostmanRuntime/7.39.1"

info: ::1 - - [20/Oct/2024:19:31:33 +0000] "POST /api/v1/funddonotes/users/trash HTTP/1.1" 200 201 "-" "PostmanRuntime/7.39.1"

info: ::1 - - [20/Oct/2024:19:32:31 +0000] "POST /api/v1/funddonotes/users/trash HTTP/1.1" 200 168 "-" "PostmanRuntime/7.39.1"

info: ::1 - - [20/Oct/2024:19:33:25 +0000] "POST /api/v1/funddonotes/users/trash HTTP/1.1" 200 153 "-" "PostmanRuntime/7.39.1"

info: ::1 - - [20/Oct/2024:19:33:59 +0000] "POST /api/v1/funddonotes/users/trash HTTP/1.1" 200 145 "-" "PostmanRuntime/7.39.1"

info: ::1 - - [20/Oct/2024:19:34:59 +0000] "POST /api/v1/funddonotes/users/trash HTTP/1.1" 200 2716 "-" "PostmanRuntime/7.39.1"

info: ::1 - - [20/Oct/2024:19:35:47 +0000] "POST /api/v1/funddonotes/users/trash HTTP/1.1" 200 2356 "-" "PostmanRuntime/7.39.1"

info: ::1 - - [20/Oct/2024:19:36:42 +0000] "POST /api/v1/funddonotes/users/trash HTTP/1.1" 200 2455 "-" "PostmanRuntime/7.39.1"

info: ::1 - - [20/Oct/2024:19:37:54 +0000] "POST /api/v1/funddonotes/users/trash HTTP/1.1" 200 2169 "-" "PostmanRuntime/7.39.1"

info: ::1 - - [20/Oct/2024:19:44:06 +0000] "POST /api/v1/funddonotes/users/archive HTTP/1.1" 200 21 "-" "PostmanRuntime/7.39.1"

info: ::1 - - [20/Oct/2024:19:44:28 +0000] "POST /api/v1/funddonotes/users/archive HTTP/1.1" 400 118 "-" "PostmanRuntime/7.39.1"

info: ::1 - - [20/Oct/2024:19:44:33 +0000] "POST /api/v1/funddonotes/users/archive HTTP/1.1" 400 45 "-" "PostmanRuntime/7.39.1"

info: ::1 - - [20/Oct/2024:19:50:53 +0000] "POST /api/v1/funddonotes/users/archives HTTP/1.1" 200 137 "-" "PostmanRuntime/7.39.1"

info: ::1 - - [20/Oct/2024:19:51:27 +0000] "POST /api/v1/funddonotes/users/archives HTTP/1.1" 200 263 "-" "PostmanRuntime/7.39.1"

