info: Server started at http://localhost:3000/api/v1/ {"timestamp":"2024-10-29T03:17:53.638Z"}
info: Connected to the database. {"timestamp":"2024-10-29T03:17:53.674Z"}
info: Server started at http://localhost:3000/api/v1/ {"timestamp":"2024-10-29T06:36:46.598Z"}
info: Connected to the database. {"timestamp":"2024-10-29T06:36:46.632Z"}
info: Server started at http://localhost:3000/api/v1/ {"timestamp":"2024-10-29T06:37:34.898Z"}
info: Connected to the database. {"timestamp":"2024-10-29T06:37:34.923Z"}
info: Server started at http://localhost:3000/api/v1/ {"timestamp":"2024-10-29T06:38:30.301Z"}
info: Connected to the database. {"timestamp":"2024-10-29T06:38:30.340Z"}
info: Server started at http://localhost:3000/api/v1/ {"timestamp":"2024-10-29T06:40:59.963Z"}
info: Connected to the database. {"timestamp":"2024-10-29T06:40:59.990Z"}
info: Server started at http://localhost:3000/api/v1/ {"timestamp":"2024-10-29T06:51:07.321Z"}
info: Connected to the database. {"timestamp":"2024-10-29T06:51:07.363Z"}
info: Server started at http://localhost:3000/api/v1/ {"timestamp":"2024-10-29T06:51:59.738Z"}
info: Connected to the database. {"timestamp":"2024-10-29T06:51:59.846Z"}
info: Server started at http://localhost:3000/api/v1/ {"timestamp":"2024-10-29T06:52:51.302Z"}
info: Connected to the database. {"timestamp":"2024-10-29T06:52:51.336Z"}
info: Server started at http://localhost:3000/api/v1/ {"timestamp":"2024-10-29T06:53:19.402Z"}
info: Connected to the database. {"timestamp":"2024-10-29T06:53:19.428Z"}
info: Server started at http://localhost:3000/api/v1/ {"timestamp":"2024-10-29T06:53:36.478Z"}
info: Connected to the database. {"timestamp":"2024-10-29T06:53:36.503Z"}
info: Server started at http://localhost:3000/api/v1/ {"timestamp":"2024-10-29T06:54:00.056Z"}
info: Connected to the database. {"timestamp":"2024-10-29T06:54:00.083Z"}
info: Server started at http://localhost:3000/api/v1/ {"timestamp":"2024-10-29T06:55:29.038Z"}
info: Connected to the database. {"timestamp":"2024-10-29T06:55:29.074Z"}
info: Server started at http://localhost:3000/api/v1/ {"timestamp":"2024-10-29T06:58:29.234Z"}
info: Connected to the database. {"timestamp":"2024-10-29T06:58:29.262Z"}
error: 
    status - 500 
    message - ValidationError: "firstName" is required 
    url - /api/v1/funddonotes/user/register 
    method - POST 
    IP - ::ffff:127.0.0.1
   {"timestamp":"2024-10-29T06:58:29.454Z"}
info: Server started at http://localhost:3000/api/v1/ {"timestamp":"2024-10-29T07:00:24.642Z"}
info: Connected to the database. {"timestamp":"2024-10-29T07:00:24.704Z"}
info: Server started at http://localhost:3000/api/v1/ {"timestamp":"2024-10-29T07:03:40.617Z"}
info: Connected to the database. {"timestamp":"2024-10-29T07:03:40.690Z"}
error: 
    status - 500 
    message - ValidationError: "firstName" is required 
    url - /api/v1/funddonotes/user/register 
    method - POST 
    IP - ::ffff:127.0.0.1
   {"timestamp":"2024-10-29T07:03:40.989Z"}
info: Server started at http://localhost:3000/api/v1/ {"timestamp":"2024-10-29T07:04:42.666Z"}
info: Connected to the database. {"timestamp":"2024-10-29T07:04:42.690Z"}
info: Server started at http://localhost:3000/api/v1/ {"timestamp":"2024-10-29T07:05:01.110Z"}
info: Connected to the database. {"timestamp":"2024-10-29T07:05:01.131Z"}
info: Server started at http://localhost:3000/api/v1/ {"timestamp":"2024-10-29T07:06:07.533Z"}
info: Connected to the database. {"timestamp":"2024-10-29T07:06:07.558Z"}
info: Server started at http://localhost:3000/api/v1/ {"timestamp":"2024-10-29T07:06:39.846Z"}
info: Connected to the database. {"timestamp":"2024-10-29T07:06:39.867Z"}
info: Server started at http://localhost:3000/api/v1/ {"timestamp":"2024-10-29T07:07:01.591Z"}
info: Connected to the database. {"timestamp":"2024-10-29T07:07:01.654Z"}
info: Server started at http://localhost:3000/api/v1/ {"timestamp":"2024-10-29T07:15:39.332Z"}
info: Connected to the database. {"timestamp":"2024-10-29T07:15:39.395Z"}
info: Server started at http://localhost:3000/api/v1/ {"timestamp":"2024-10-29T07:17:10.730Z"}
info: Connected to the database. {"timestamp":"2024-10-29T07:17:10.753Z"}
info: Server started at http://localhost:3000/api/v1/ {"timestamp":"2024-10-29T07:22:03.827Z"}
info: Connected to the database. {"timestamp":"2024-10-29T07:22:03.871Z"}
info: Server started at http://localhost:3000/api/v1/ {"timestamp":"2024-10-29T07:22:30.436Z"}
info: Connected to the database. {"timestamp":"2024-10-29T07:22:30.456Z"}
info: Server started at http://localhost:3000/api/v1/ {"timestamp":"2024-10-29T07:23:08.795Z"}
info: Connected to the database. {"timestamp":"2024-10-29T07:23:08.844Z"}
info: Server started at http://localhost:3000/api/v1/ {"timestamp":"2024-10-29T07:24:55.629Z"}
info: Connected to the database. {"timestamp":"2024-10-29T07:24:55.674Z"}
info: Server started at http://localhost:3000/api/v1/ {"timestamp":"2024-10-29T08:58:26.892Z"}
info: Connected to the database. {"timestamp":"2024-10-29T08:58:26.936Z"}
info: Server started at http://localhost:3000/api/v1/ {"timestamp":"2024-10-29T08:58:52.822Z"}
info: Connected to the database. {"timestamp":"2024-10-29T08:58:52.867Z"}
info: Server started at http://localhost:3000/api/v1/ {"timestamp":"2024-10-29T09:00:29.090Z"}
info: Connected to the database. {"timestamp":"2024-10-29T09:00:29.149Z"}
info: Server started at http://localhost:3000/api/v1/ {"timestamp":"2024-10-29T09:00:48.660Z"}
info: Connected to the database. {"timestamp":"2024-10-29T09:00:48.706Z"}
info: Server started at http://localhost:3000/api/v1/ {"timestamp":"2024-10-29T09:01:34.004Z"}
info: Connected to the database. {"timestamp":"2024-10-29T09:01:34.047Z"}
info: Server started at http://localhost:3000/api/v1/ {"timestamp":"2024-10-29T09:02:12.570Z"}
info: Connected to the database. {"timestamp":"2024-10-29T09:02:12.614Z"}
info: Server started at http://localhost:3000/api/v1/ {"timestamp":"2024-10-29T09:03:32.807Z"}
info: Connected to the database. {"timestamp":"2024-10-29T09:03:32.852Z"}
info: Server started at http://localhost:3000/api/v1/ {"timestamp":"2024-10-29T09:03:45.373Z"}
info: Connected to the database. {"timestamp":"2024-10-29T09:03:45.428Z"}
info: Server started at http://localhost:3000/api/v1/ {"timestamp":"2024-10-29T09:04:24.000Z"}
info: Connected to the database. {"timestamp":"2024-10-29T09:04:24.044Z"}
info: Server started at http://localhost:3000/api/v1/ {"timestamp":"2024-10-29T09:04:43.799Z"}
info: Connected to the database. {"timestamp":"2024-10-29T09:04:43.847Z"}
info: Server started at http://localhost:3000/api/v1/ {"timestamp":"2024-10-29T09:05:44.103Z"}
info: Connected to the database. {"timestamp":"2024-10-29T09:05:44.154Z"}
info: Server started at http://localhost:3000/api/v1/ {"timestamp":"2024-10-29T09:06:12.040Z"}
info: Connected to the database. {"timestamp":"2024-10-29T09:06:12.088Z"}
info: Server started at http://localhost:3000/api/v1/ {"timestamp":"2024-10-29T09:06:41.868Z"}
info: Connected to the database. {"timestamp":"2024-10-29T09:06:41.910Z"}
info: Server started at http://localhost:3000/api/v1/ {"timestamp":"2024-10-29T09:08:42.888Z"}
info: Connected to the database. {"timestamp":"2024-10-29T09:08:42.937Z"}
info: Server started at http://localhost:3000/api/v1/ {"timestamp":"2024-10-29T09:09:05.055Z"}
info: Connected to the database. {"timestamp":"2024-10-29T09:09:05.099Z"}
info: Server started at http://localhost:3000/api/v1/ {"timestamp":"2024-10-29T09:09:19.464Z"}
info: Connected to the database. {"timestamp":"2024-10-29T09:09:19.508Z"}
info: Server started at http://localhost:3000/api/v1/ {"timestamp":"2024-10-29T09:10:04.658Z"}
info: Connected to the database. {"timestamp":"2024-10-29T09:10:04.711Z"}
info: Server started at http://localhost:3000/api/v1/ {"timestamp":"2024-10-29T09:10:37.562Z"}
info: Connected to the database. {"timestamp":"2024-10-29T09:10:37.606Z"}
info: Server started at http://localhost:3000/api/v1/ {"timestamp":"2024-10-29T09:10:53.997Z"}
info: Connected to the database. {"timestamp":"2024-10-29T09:10:54.044Z"}
info: Server started at http://localhost:3000/api/v1/ {"timestamp":"2024-10-29T09:11:09.955Z"}
info: Connected to the database. {"timestamp":"2024-10-29T09:11:10.014Z"}
info: Server started at http://localhost:3000/api/v1/ {"timestamp":"2024-10-29T09:11:19.657Z"}
info: Connected to the database. {"timestamp":"2024-10-29T09:11:19.720Z"}
info: Server started at http://localhost:3000/api/v1/ {"timestamp":"2024-10-29T09:11:53.765Z"}
info: Connected to the database. {"timestamp":"2024-10-29T09:11:53.814Z"}
info: Server started at http://localhost:3000/api/v1/ {"timestamp":"2024-10-29T09:12:02.615Z"}
info: Connected to the database. {"timestamp":"2024-10-29T09:12:02.660Z"}
info: Server started at http://localhost:3000/api/v1/ {"timestamp":"2024-10-29T09:12:30.964Z"}
info: Connected to the database. {"timestamp":"2024-10-29T09:12:31.008Z"}
info: Server started at http://localhost:3000/api/v1/ {"timestamp":"2024-10-29T09:13:02.547Z"}
info: Connected to the database. {"timestamp":"2024-10-29T09:13:02.597Z"}
info: Server started at http://localhost:3000/api/v1/ {"timestamp":"2024-10-29T09:13:24.146Z"}
info: Connected to the database. {"timestamp":"2024-10-29T09:13:24.188Z"}
info: Server started at http://localhost:3000/api/v1/ {"timestamp":"2024-10-29T09:14:05.954Z"}
info: Connected to the database. {"timestamp":"2024-10-29T09:14:06.022Z"}
info: Server started at http://localhost:3000/api/v1/ {"timestamp":"2024-10-29T09:14:18.353Z"}
info: Connected to the database. {"timestamp":"2024-10-29T09:14:18.399Z"}
info: Server started at http://localhost:3000/api/v1/ {"timestamp":"2024-10-29T09:15:54.053Z"}
info: Connected to the database. {"timestamp":"2024-10-29T09:15:54.093Z"}
info: Server started at http://localhost:3000/api/v1/ {"timestamp":"2024-10-29T09:17:59.473Z"}
info: Connected to the database. {"timestamp":"2024-10-29T09:17:59.516Z"}
info: Server started at http://localhost:3000/api/v1/ {"timestamp":"2024-10-29T09:18:12.630Z"}
info: Connected to the database. {"timestamp":"2024-10-29T09:18:12.679Z"}
info: Server started at http://localhost:3000/api/v1/ {"timestamp":"2024-10-29T09:18:24.891Z"}
info: Connected to the database. {"timestamp":"2024-10-29T09:18:24.935Z"}
info: Server started at http://localhost:3000/api/v1/ {"timestamp":"2024-10-29T09:19:03.077Z"}
info: Connected to the database. {"timestamp":"2024-10-29T09:19:03.119Z"}
info: Server started at http://localhost:3000/api/v1/ {"timestamp":"2024-10-29T09:20:06.693Z"}
info: Connected to the database. {"timestamp":"2024-10-29T09:20:06.745Z"}
info: Server started at http://localhost:3000/api/v1/ {"timestamp":"2024-10-29T09:20:45.688Z"}
info: Connected to the database. {"timestamp":"2024-10-29T09:20:45.731Z"}
info: Server started at http://localhost:3000/api/v1/ {"timestamp":"2024-10-29T09:21:00.194Z"}
info: Connected to the database. {"timestamp":"2024-10-29T09:21:00.238Z"}
info: Server started at http://localhost:3000/api/v1/ {"timestamp":"2024-10-29T09:21:16.138Z"}
info: Connected to the database. {"timestamp":"2024-10-29T09:21:16.190Z"}
info: Server started at http://localhost:3000/api/v1/ {"timestamp":"2024-10-29T09:24:09.833Z"}
info: Connected to the database. {"timestamp":"2024-10-29T09:24:09.875Z"}
info: Server started at http://localhost:3000/api/v1/ {"timestamp":"2024-10-29T09:24:26.173Z"}
info: Connected to the database. {"timestamp":"2024-10-29T09:24:26.215Z"}
info: Server started at http://localhost:3000/api/v1/ {"timestamp":"2024-10-29T09:25:08.844Z"}
info: Connected to the database. {"timestamp":"2024-10-29T09:25:08.890Z"}
info: Server started at http://localhost:3000/api/v1/ {"timestamp":"2024-10-29T09:25:21.267Z"}
info: Connected to the database. {"timestamp":"2024-10-29T09:25:21.348Z"}
info: Server started at http://localhost:3000/api/v1/ {"timestamp":"2024-10-29T09:26:39.506Z"}
info: Connected to the database. {"timestamp":"2024-10-29T09:26:39.557Z"}
info: Server started at http://localhost:3000/api/v1/ {"timestamp":"2024-10-29T09:26:55.304Z"}
info: Connected to the database. {"timestamp":"2024-10-29T09:26:55.345Z"}
info: Server started at http://localhost:3000/api/v1/ {"timestamp":"2024-10-29T09:27:18.311Z"}
info: Connected to the database. {"timestamp":"2024-10-29T09:27:18.359Z"}
info: Server started at http://localhost:3000/api/v1/ {"timestamp":"2024-10-29T09:27:58.132Z"}
info: Connected to the database. {"timestamp":"2024-10-29T09:27:58.174Z"}
info: Server started at http://localhost:3000/api/v1/ {"timestamp":"2024-10-29T09:28:21.380Z"}
info: Connected to the database. {"timestamp":"2024-10-29T09:28:21.424Z"}
info: Server started at http://localhost:3000/api/v1/ {"timestamp":"2024-10-29T09:29:39.272Z"}
info: Connected to the database. {"timestamp":"2024-10-29T09:29:39.314Z"}
info: Server started at http://localhost:3000/api/v1/ {"timestamp":"2024-10-29T09:29:54.038Z"}
info: Connected to the database. {"timestamp":"2024-10-29T09:29:54.090Z"}
info: Server started at http://localhost:3000/api/v1/ {"timestamp":"2024-10-29T09:30:39.964Z"}
info: Connected to the database. {"timestamp":"2024-10-29T09:30:40.005Z"}
info: Server started at http://localhost:3000/api/v1/ {"timestamp":"2024-10-29T09:30:51.722Z"}
info: Connected to the database. {"timestamp":"2024-10-29T09:30:51.771Z"}
info: Server started at http://localhost:3000/api/v1/ {"timestamp":"2024-10-29T09:31:13.972Z"}
info: Connected to the database. {"timestamp":"2024-10-29T09:31:14.019Z"}
info: Server started at http://localhost:3000/api/v1/ {"timestamp":"2024-10-29T09:32:10.729Z"}
info: Connected to the database. {"timestamp":"2024-10-29T09:32:10.782Z"}
info: Server started at http://localhost:3000/api/v1/ {"timestamp":"2024-10-29T09:32:31.861Z"}
info: Connected to the database. {"timestamp":"2024-10-29T09:32:31.910Z"}
info: Server started at http://localhost:3000/api/v1/ {"timestamp":"2024-10-29T09:33:30.593Z"}
info: Connected to the database. {"timestamp":"2024-10-29T09:33:30.645Z"}
info: Server started at http://localhost:3000/api/v1/ {"timestamp":"2024-10-29T09:34:21.053Z"}
info: Connected to the database. {"timestamp":"2024-10-29T09:34:21.110Z"}
info: Server started at http://localhost:3000/api/v1/ {"timestamp":"2024-10-29T09:34:35.085Z"}
info: Connected to the database. {"timestamp":"2024-10-29T09:34:35.133Z"}
info: Server started at http://localhost:3000/api/v1/ {"timestamp":"2024-10-29T09:35:18.758Z"}
info: Server started at http://localhost:3000/api/v1/ {"timestamp":"2024-10-29T09:36:11.867Z"}
info: Connected to the database. {"timestamp":"2024-10-29T09:36:11.908Z"}
info: Server started at http://localhost:3000/api/v1/ {"timestamp":"2024-10-29T09:36:28.229Z"}
info: Connected to the database. {"timestamp":"2024-10-29T09:36:28.283Z"}
info: Server started at http://localhost:3000/api/v1/ {"timestamp":"2024-10-29T09:37:13.489Z"}
info: Connected to the database. {"timestamp":"2024-10-29T09:37:13.535Z"}
info: Server started at http://localhost:3000/api/v1/ {"timestamp":"2024-10-29T09:38:10.639Z"}
info: Connected to the database. {"timestamp":"2024-10-29T09:38:10.690Z"}
info: Server started at http://localhost:3000/api/v1/ {"timestamp":"2024-10-29T09:39:03.824Z"}
info: Connected to the database. {"timestamp":"2024-10-29T09:39:03.870Z"}
info: Server started at http://localhost:3000/api/v1/ {"timestamp":"2024-10-29T09:39:15.629Z"}
info: Connected to the database. {"timestamp":"2024-10-29T09:39:15.673Z"}
info: Server started at http://localhost:3000/api/v1/ {"timestamp":"2024-10-29T09:39:23.573Z"}
info: Connected to the database. {"timestamp":"2024-10-29T09:39:23.613Z"}
info: Server started at http://localhost:3000/api/v1/ {"timestamp":"2024-10-29T09:39:59.175Z"}
info: Connected to the database. {"timestamp":"2024-10-29T09:39:59.220Z"}
info: Server started at http://localhost:3000/api/v1/ {"timestamp":"2024-10-29T09:40:32.271Z"}
info: Connected to the database. {"timestamp":"2024-10-29T09:40:32.321Z"}
info: Server started at http://localhost:3000/api/v1/ {"timestamp":"2024-10-29T09:43:47.467Z"}
info: Connected to the database. {"timestamp":"2024-10-29T09:43:47.518Z"}
info: Server started at http://localhost:3000/api/v1/ {"timestamp":"2024-10-29T09:43:56.526Z"}
info: Connected to the database. {"timestamp":"2024-10-29T09:43:56.573Z"}
info: Server started at http://localhost:3000/api/v1/ {"timestamp":"2024-10-29T09:45:13.013Z"}
info: Connected to the database. {"timestamp":"2024-10-29T09:45:13.055Z"}
info: Server started at http://localhost:3000/api/v1/ {"timestamp":"2024-10-29T09:45:37.847Z"}
info: Connected to the database. {"timestamp":"2024-10-29T09:45:37.896Z"}
info: Server started at http://localhost:3000/api/v1/ {"timestamp":"2024-10-29T09:45:47.245Z"}
info: Connected to the database. {"timestamp":"2024-10-29T09:45:47.285Z"}
info: Server started at http://localhost:3000/api/v1/ {"timestamp":"2024-10-29T09:46:09.719Z"}
info: Connected to the database. {"timestamp":"2024-10-29T09:46:09.763Z"}
info: Server started at http://localhost:3000/api/v1/ {"timestamp":"2024-10-29T09:46:22.856Z"}
info: Connected to the database. {"timestamp":"2024-10-29T09:46:22.900Z"}
info: Server started at http://localhost:3000/api/v1/ {"timestamp":"2024-10-29T09:48:07.325Z"}
info: Connected to the database. {"timestamp":"2024-10-29T09:48:07.368Z"}
info: Server started at http://localhost:3000/api/v1/ {"timestamp":"2024-10-29T09:48:14.947Z"}
info: Connected to the database. {"timestamp":"2024-10-29T09:48:14.995Z"}
info: Server started at http://localhost:3000/api/v1/ {"timestamp":"2024-10-29T09:48:52.949Z"}
info: Connected to the database. {"timestamp":"2024-10-29T09:48:52.990Z"}
info: Server started at http://localhost:3000/api/v1/ {"timestamp":"2024-10-29T09:49:45.635Z"}
info: Connected to the database. {"timestamp":"2024-10-29T09:49:45.679Z"}
info: Server started at http://localhost:3000/api/v1/ {"timestamp":"2024-10-29T09:50:15.668Z"}
info: Connected to the database. {"timestamp":"2024-10-29T09:50:15.715Z"}
info: Server started at http://localhost:3000/api/v1/ {"timestamp":"2024-10-29T09:51:49.569Z"}
info: Connected to the database. {"timestamp":"2024-10-29T09:51:49.619Z"}
info: Server started at http://localhost:3000/api/v1/ {"timestamp":"2024-10-29T09:54:31.715Z"}
info: Connected to the database. {"timestamp":"2024-10-29T09:54:31.756Z"}
info: Server started at http://localhost:3000/api/v1/ {"timestamp":"2024-10-29T09:55:31.670Z"}
info: Connected to the database. {"timestamp":"2024-10-29T09:55:31.718Z"}
info: Server started at http://localhost:3000/api/v1/ {"timestamp":"2024-10-29T09:55:47.350Z"}
info: Connected to the database. {"timestamp":"2024-10-29T09:55:47.392Z"}
info: Server started at http://localhost:3000/api/v1/ {"timestamp":"2024-10-29T09:56:42.989Z"}
info: Connected to the database. {"timestamp":"2024-10-29T09:56:43.035Z"}
info: Server started at http://localhost:3000/api/v1/ {"timestamp":"2024-10-29T09:57:19.781Z"}
info: Connected to the database. {"timestamp":"2024-10-29T09:57:19.844Z"}
info: Server started at http://localhost:3000/api/v1/ {"timestamp":"2024-10-29T09:57:46.851Z"}
info: Connected to the database. {"timestamp":"2024-10-29T09:57:46.900Z"}
info: Server started at http://localhost:3000/api/v1/ {"timestamp":"2024-10-29T09:58:03.268Z"}
info: Connected to the database. {"timestamp":"2024-10-29T09:58:03.310Z"}
info: Server started at http://localhost:3000/api/v1/ {"timestamp":"2024-10-29T09:58:22.949Z"}
info: Connected to the database. {"timestamp":"2024-10-29T09:58:22.996Z"}
info: Server started at http://localhost:3000/api/v1/ {"timestamp":"2024-10-29T09:58:45.930Z"}
info: Connected to the database. {"timestamp":"2024-10-29T09:58:45.974Z"}
info: Server started at http://localhost:3000/api/v1/ {"timestamp":"2024-10-29T09:59:21.424Z"}
info: Connected to the database. {"timestamp":"2024-10-29T09:59:21.465Z"}
info: Server started at http://localhost:3000/api/v1/ {"timestamp":"2024-10-29T09:59:38.917Z"}
info: Connected to the database. {"timestamp":"2024-10-29T09:59:38.957Z"}
info: Server started at http://localhost:3000/api/v1/ {"timestamp":"2024-10-29T10:06:03.056Z"}
info: Connected to the database. {"timestamp":"2024-10-29T10:06:03.101Z"}
info: Server started at http://localhost:3000/api/v1/ {"timestamp":"2024-10-29T10:06:58.428Z"}
info: Connected to the database. {"timestamp":"2024-10-29T10:06:58.470Z"}
info: Server started at http://localhost:3000/api/v1/ {"timestamp":"2024-10-29T10:08:28.561Z"}
info: Connected to the database. {"timestamp":"2024-10-29T10:08:28.600Z"}
info: Server started at http://localhost:3000/api/v1/ {"timestamp":"2024-10-29T10:09:44.314Z"}
info: Connected to the database. {"timestamp":"2024-10-29T10:09:44.357Z"}
info: Server started at http://localhost:3000/api/v1/ {"timestamp":"2024-10-29T10:10:21.750Z"}
info: Connected to the database. {"timestamp":"2024-10-29T10:10:21.798Z"}
info: Server started at http://localhost:3000/api/v1/ {"timestamp":"2024-10-29T10:15:58.124Z"}
info: Connected to the database. {"timestamp":"2024-10-29T10:15:58.168Z"}
info: Server started at http://localhost:3000/api/v1/ {"timestamp":"2024-10-29T10:16:26.464Z"}
info: Connected to the database. {"timestamp":"2024-10-29T10:16:26.525Z"}
info: Server started at http://localhost:3000/api/v1/ {"timestamp":"2024-10-29T10:19:24.892Z"}
info: Connected to the database. {"timestamp":"2024-10-29T10:19:24.938Z"}
info: Server started at http://localhost:3000/api/v1/ {"timestamp":"2024-10-29T10:19:52.384Z"}
info: Connected to the database. {"timestamp":"2024-10-29T10:19:52.432Z"}
info: Server started at http://localhost:3000/api/v1/ {"timestamp":"2024-10-29T10:37:30.734Z"}
info: Connected to the database. {"timestamp":"2024-10-29T10:37:30.779Z"}
info: Server started at http://localhost:3000/api/v1/ {"timestamp":"2024-10-29T10:38:40.734Z"}
info: Connected to the database. {"timestamp":"2024-10-29T10:38:40.777Z"}
info: Server started at http://localhost:3000/api/v1/ {"timestamp":"2024-10-29T10:39:47.101Z"}
info: Connected to the database. {"timestamp":"2024-10-29T10:39:47.143Z"}
info: Server started at http://localhost:3000/api/v1/ {"timestamp":"2024-10-29T10:40:11.029Z"}
info: Connected to the database. {"timestamp":"2024-10-29T10:40:11.073Z"}
info: Server started at http://localhost:3000/api/v1/ {"timestamp":"2024-10-29T10:40:59.781Z"}
info: Connected to the database. {"timestamp":"2024-10-29T10:40:59.822Z"}
info: Server started at http://localhost:3000/api/v1/ {"timestamp":"2024-10-29T10:43:17.337Z"}
info: Connected to the database. {"timestamp":"2024-10-29T10:43:17.381Z"}
info: Server started at http://localhost:3000/api/v1/ {"timestamp":"2024-10-29T10:46:36.177Z"}
info: Connected to the database. {"timestamp":"2024-10-29T10:46:36.226Z"}
info: Server started at http://localhost:3000/api/v1/ {"timestamp":"2024-10-29T10:50:31.268Z"}
info: Connected to the database. {"timestamp":"2024-10-29T10:50:31.315Z"}
info: Server started at http://localhost:3000/api/v1/ {"timestamp":"2024-10-29T10:53:27.344Z"}
info: Connected to the database. {"timestamp":"2024-10-29T10:53:27.387Z"}
info: Server started at http://localhost:3000/api/v1/ {"timestamp":"2024-10-29T10:55:28.047Z"}
info: Connected to the database. {"timestamp":"2024-10-29T10:55:28.088Z"}
info: Server started at http://localhost:3000/api/v1/ {"timestamp":"2024-10-29T10:56:47.414Z"}
info: Connected to the database. {"timestamp":"2024-10-29T10:56:47.455Z"}
info: Server started at http://localhost:3000/api/v1/ {"timestamp":"2024-10-29T10:59:22.020Z"}
info: Connected to the database. {"timestamp":"2024-10-29T10:59:22.065Z"}
info: Server started at http://localhost:3000/api/v1/ {"timestamp":"2024-10-29T11:02:19.231Z"}
info: Connected to the database. {"timestamp":"2024-10-29T11:02:19.277Z"}
info: Server started at http://localhost:3000/api/v1/ {"timestamp":"2024-10-29T11:02:55.329Z"}
info: Connected to the database. {"timestamp":"2024-10-29T11:02:55.377Z"}
info: Server started at http://localhost:3000/api/v1/ {"timestamp":"2024-10-29T11:04:44.391Z"}
info: Connected to the database. {"timestamp":"2024-10-29T11:04:44.507Z"}
info: Server started at http://localhost:3000/api/v1/ {"timestamp":"2024-10-29T11:04:58.474Z"}
info: Connected to the database. {"timestamp":"2024-10-29T11:04:58.519Z"}
info: Server started at http://localhost:3000/api/v1/ {"timestamp":"2024-10-29T11:07:53.264Z"}
info: Connected to the database. {"timestamp":"2024-10-29T11:07:53.314Z"}
info: Server started at http://localhost:3000/api/v1/ {"timestamp":"2024-10-29T11:11:41.560Z"}
info: Connected to the database. {"timestamp":"2024-10-29T11:11:41.610Z"}
info: Server started at http://localhost:3000/api/v1/ {"timestamp":"2024-10-29T11:12:16.532Z"}
info: Connected to the database. {"timestamp":"2024-10-29T11:12:16.697Z"}
info: Server started at http://localhost:3000/api/v1/ {"timestamp":"2024-10-29T11:14:20.099Z"}
info: Connected to the database. {"timestamp":"2024-10-29T11:14:20.151Z"}
info: Server started at http://localhost:3000/api/v1/ {"timestamp":"2024-10-29T11:14:58.495Z"}
info: Connected to the database. {"timestamp":"2024-10-29T11:14:58.542Z"}
info: Server started at http://localhost:3000/api/v1/ {"timestamp":"2024-10-29T11:15:29.582Z"}
info: Connected to the database. {"timestamp":"2024-10-29T11:15:29.630Z"}
info: Server started at http://localhost:3000/api/v1/ {"timestamp":"2024-10-29T11:17:10.854Z"}
info: Connected to the database. {"timestamp":"2024-10-29T11:17:10.913Z"}
