info: Server started at http://localhost:3000/api/v1/ {"timestamp":"2024-11-09T09:34:55.065Z"}
info: Connected to the database. {"timestamp":"2024-11-09T09:34:55.100Z"}
info: Server started at http://localhost:3000/api/v1/ {"timestamp":"2024-11-09T10:18:23.400Z"}
info: Connected to the database. {"timestamp":"2024-11-09T10:18:23.450Z"}
info: Server started at http://localhost:3000/api/v1/ {"timestamp":"2024-11-09T10:18:32.954Z"}
info: Connected to the database. {"timestamp":"2024-11-09T10:18:33.014Z"}
info: Server started at http://localhost:3000/api/v1/ {"timestamp":"2024-11-09T10:19:23.039Z"}
info: Connected to the database. {"timestamp":"2024-11-09T10:19:23.089Z"}
info: Server started at http://localhost:3000/api/v1/ {"timestamp":"2024-11-09T10:34:56.654Z"}
info: Connected to the database. {"timestamp":"2024-11-09T10:34:56.703Z"}
error: 
    status - 500 
    message - ValidationError: "firstName" length must be at least 2 characters long 
    url - /api/v1/funddonotes/user/register 
    method - POST 
    IP - ::1
   {"timestamp":"2024-11-09T10:35:26.655Z"}
info: Server started at http://localhost:3000/api/v1/ {"timestamp":"2024-11-09T10:36:59.853Z"}
info: Connected to the database. {"timestamp":"2024-11-09T10:36:59.907Z"}
info: Server started at http://localhost:3000/api/v1/ {"timestamp":"2024-11-09T10:39:25.342Z"}
info: Connected to the database. {"timestamp":"2024-11-09T10:39:25.398Z"}
info: Server started at http://localhost:3000/api/v1/ {"timestamp":"2024-11-09T11:07:23.434Z"}
info: Connected to the database. {"timestamp":"2024-11-09T11:07:23.464Z"}
info: Server started at http://localhost:3000/api/v1/ {"timestamp":"2024-11-09T11:07:26.165Z"}
info: Connected to the database. {"timestamp":"2024-11-09T11:07:26.196Z"}
info: Server started at http://localhost:3000/api/v1/ {"timestamp":"2024-11-09T11:07:35.363Z"}
info: Connected to the database. {"timestamp":"2024-11-09T11:07:35.417Z"}
info: Server started at http://localhost:3000/api/v1/ {"timestamp":"2024-11-09T11:07:50.139Z"}
info: Connected to the database. {"timestamp":"2024-11-09T11:07:50.165Z"}
info: Server started at http://localhost:3000/api/v1/ {"timestamp":"2024-11-09T11:07:53.233Z"}
info: Connected to the database. {"timestamp":"2024-11-09T11:07:53.259Z"}
info: Server started at http://localhost:3000/api/v1/ {"timestamp":"2024-11-09T11:08:04.359Z"}
info: Connected to the database. {"timestamp":"2024-11-09T11:08:04.428Z"}
info: Server started at http://localhost:3000/api/v1/ {"timestamp":"2024-11-09T11:08:09.133Z"}
info: Connected to the database. {"timestamp":"2024-11-09T11:08:09.213Z"}
info: Server started at http://localhost:3000/api/v1/ {"timestamp":"2024-11-09T11:08:13.436Z"}
info: Connected to the database. {"timestamp":"2024-11-09T11:08:13.461Z"}
info: Server started at http://localhost:3000/api/v1/ {"timestamp":"2024-11-09T11:08:21.470Z"}
info: Connected to the database. {"timestamp":"2024-11-09T11:08:21.518Z"}
info: Server started at http://localhost:3000/api/v1/ {"timestamp":"2024-11-09T11:43:30.675Z"}
info: Connected to the database. {"timestamp":"2024-11-09T11:43:30.726Z"}
info: Server started at http://localhost:3000/api/v1/ {"timestamp":"2024-11-09T11:43:42.080Z"}
info: Connected to the database. {"timestamp":"2024-11-09T11:43:42.107Z"}
