info: Server started at http://localhost:3000/api/v1/ {"timestamp":"2024-11-11T17:28:00.300Z"}
info: Connected to the database. {"timestamp":"2024-11-11T17:28:00.373Z"}
info: Server started at http://localhost:3000/api/v1/ {"timestamp":"2024-11-11T17:40:16.922Z"}
info: Connected to the database. {"timestamp":"2024-11-11T17:40:16.949Z"}
error: 
    status - 500 
    message - Error: Cannot apply rules to empty ruleset or the last rule added does not support rule properties
    at new module.exports (E:\Project1\FundDoNotes\node_modules\@hapi\hoek\lib\error.js:23:19)
    at module.exports (E:\Project1\FundDoNotes\node_modules\@hapi\hoek\lib\assert.js:21:11)
    at internals.Base.rule (E:\Project1\FundDoNotes\node_modules\@hapi\joi\lib\base.js:465:9)
    at internals.Base.method [as message] (E:\Project1\FundDoNotes\node_modules\@hapi\joi\lib\extend.js:145:29)
    at UserValidator.regUser (E:\Project1\FundDoNotes\src\validators\user.validator.ts:24:10)
    at Layer.handle [as handle_request] (E:\Project1\FundDoNotes\node_modules\express\lib\router\layer.js:95:5)
    at next (E:\Project1\FundDoNotes\node_modules\express\lib\router\route.js:149:13)
    at Route.dispatch (E:\Project1\FundDoNotes\node_modules\express\lib\router\route.js:119:3)
    at Layer.handle [as handle_request] (E:\Project1\FundDoNotes\node_modules\express\lib\router\layer.js:95:5)
    at E:\Project1\FundDoNotes\node_modules\express\lib\router\index.js:284:15
    at Function.process_params (E:\Project1\FundDoNotes\node_modules\express\lib\router\index.js:346:12)
    at next (E:\Project1\FundDoNotes\node_modules\express\lib\router\index.js:280:10)
    at Function.handle (E:\Project1\FundDoNotes\node_modules\express\lib\router\index.js:175:3)
    at router (E:\Project1\FundDoNotes\node_modules\express\lib\router\index.js:47:12)
    at Layer.handle [as handle_request] (E:\Project1\FundDoNotes\node_modules\express\lib\router\layer.js:95:5)
    at trim_prefix (E:\Project1\FundDoNotes\node_modules\express\lib\router\index.js:328:13)
    at E:\Project1\FundDoNotes\node_modules\express\lib\router\index.js:286:9
    at Function.process_params (E:\Project1\FundDoNotes\node_modules\express\lib\router\index.js:346:12)
    at next (E:\Project1\FundDoNotes\node_modules\express\lib\router\index.js:280:10)
    at Function.handle (E:\Project1\FundDoNotes\node_modules\express\lib\router\index.js:175:3)
    at router (E:\Project1\FundDoNotes\node_modules\express\lib\router\index.js:47:12)
    at Layer.handle [as handle_request] (E:\Project1\FundDoNotes\node_modules\express\lib\router\layer.js:95:5)
    at trim_prefix (E:\Project1\FundDoNotes\node_modules\express\lib\router\index.js:328:13)
    at E:\Project1\FundDoNotes\node_modules\express\lib\router\index.js:286:9
    at Function.process_params (E:\Project1\FundDoNotes\node_modules\express\lib\router\index.js:346:12)
    at next (E:\Project1\FundDoNotes\node_modules\express\lib\router\index.js:280:10)
    at logger (E:\Project1\FundDoNotes\node_modules\morgan\index.js:144:5)
    at Layer.handle [as handle_request] (E:\Project1\FundDoNotes\node_modules\express\lib\router\layer.js:95:5)
    at trim_prefix (E:\Project1\FundDoNotes\node_modules\express\lib\router\index.js:328:13)
    at E:\Project1\FundDoNotes\node_modules\express\lib\router\index.js:286:9
    at Function.process_params (E:\Project1\FundDoNotes\node_modules\express\lib\router\index.js:346:12)
    at next (E:\Project1\FundDoNotes\node_modules\express\lib\router\index.js:280:10)
    at E:\Project1\FundDoNotes\node_modules\body-parser\lib\read.js:137:5
    at AsyncResource.runInAsyncScope (node:async_hooks:206:9)
    at invokeCallback (E:\Project1\FundDoNotes\node_modules\raw-body\index.js:238:16)
    at done (E:\Project1\FundDoNotes\node_modules\raw-body\index.js:227:7)
    at IncomingMessage.onEnd (E:\Project1\FundDoNotes\node_modules\raw-body\index.js:287:7)
    at IncomingMessage.emit (node:events:519:28)
    at IncomingMessage.emit (node:domain:488:12)
    at endReadableNT (node:internal/streams/readable:1696:12)
    at processTicksAndRejections (node:internal/process/task_queues:82:21) 
    url - /api/v1/funddonotes/user/register 
    method - POST 
    IP - ::ffff:127.0.0.1
   {"timestamp":"2024-11-11T17:40:16.985Z"}
error: 
    status - 500 
    message - Error: Cannot apply rules to empty ruleset or the last rule added does not support rule properties
    at new module.exports (E:\Project1\FundDoNotes\node_modules\@hapi\hoek\lib\error.js:23:19)
    at module.exports (E:\Project1\FundDoNotes\node_modules\@hapi\hoek\lib\assert.js:21:11)
    at internals.Base.rule (E:\Project1\FundDoNotes\node_modules\@hapi\joi\lib\base.js:465:9)
    at internals.Base.method [as message] (E:\Project1\FundDoNotes\node_modules\@hapi\joi\lib\extend.js:145:29)
    at UserValidator.regUser (E:\Project1\FundDoNotes\src\validators\user.validator.ts:24:10)
    at Layer.handle [as handle_request] (E:\Project1\FundDoNotes\node_modules\express\lib\router\layer.js:95:5)
    at next (E:\Project1\FundDoNotes\node_modules\express\lib\router\route.js:149:13)
    at Route.dispatch (E:\Project1\FundDoNotes\node_modules\express\lib\router\route.js:119:3)
    at Layer.handle [as handle_request] (E:\Project1\FundDoNotes\node_modules\express\lib\router\layer.js:95:5)
    at E:\Project1\FundDoNotes\node_modules\express\lib\router\index.js:284:15
    at Function.process_params (E:\Project1\FundDoNotes\node_modules\express\lib\router\index.js:346:12)
    at next (E:\Project1\FundDoNotes\node_modules\express\lib\router\index.js:280:10)
    at Function.handle (E:\Project1\FundDoNotes\node_modules\express\lib\router\index.js:175:3)
    at router (E:\Project1\FundDoNotes\node_modules\express\lib\router\index.js:47:12)
    at Layer.handle [as handle_request] (E:\Project1\FundDoNotes\node_modules\express\lib\router\layer.js:95:5)
    at trim_prefix (E:\Project1\FundDoNotes\node_modules\express\lib\router\index.js:328:13)
    at E:\Project1\FundDoNotes\node_modules\express\lib\router\index.js:286:9
    at Function.process_params (E:\Project1\FundDoNotes\node_modules\express\lib\router\index.js:346:12)
    at next (E:\Project1\FundDoNotes\node_modules\express\lib\router\index.js:280:10)
    at Function.handle (E:\Project1\FundDoNotes\node_modules\express\lib\router\index.js:175:3)
    at router (E:\Project1\FundDoNotes\node_modules\express\lib\router\index.js:47:12)
    at Layer.handle [as handle_request] (E:\Project1\FundDoNotes\node_modules\express\lib\router\layer.js:95:5)
    at trim_prefix (E:\Project1\FundDoNotes\node_modules\express\lib\router\index.js:328:13)
    at E:\Project1\FundDoNotes\node_modules\express\lib\router\index.js:286:9
    at Function.process_params (E:\Project1\FundDoNotes\node_modules\express\lib\router\index.js:346:12)
    at next (E:\Project1\FundDoNotes\node_modules\express\lib\router\index.js:280:10)
    at logger (E:\Project1\FundDoNotes\node_modules\morgan\index.js:144:5)
    at Layer.handle [as handle_request] (E:\Project1\FundDoNotes\node_modules\express\lib\router\layer.js:95:5)
    at trim_prefix (E:\Project1\FundDoNotes\node_modules\express\lib\router\index.js:328:13)
    at E:\Project1\FundDoNotes\node_modules\express\lib\router\index.js:286:9
    at Function.process_params (E:\Project1\FundDoNotes\node_modules\express\lib\router\index.js:346:12)
    at next (E:\Project1\FundDoNotes\node_modules\express\lib\router\index.js:280:10)
    at E:\Project1\FundDoNotes\node_modules\body-parser\lib\read.js:137:5
    at AsyncResource.runInAsyncScope (node:async_hooks:206:9)
    at invokeCallback (E:\Project1\FundDoNotes\node_modules\raw-body\index.js:238:16)
    at done (E:\Project1\FundDoNotes\node_modules\raw-body\index.js:227:7)
    at IncomingMessage.onEnd (E:\Project1\FundDoNotes\node_modules\raw-body\index.js:287:7)
    at IncomingMessage.emit (node:events:519:28)
    at IncomingMessage.emit (node:domain:488:12)
    at endReadableNT (node:internal/streams/readable:1696:12)
    at processTicksAndRejections (node:internal/process/task_queues:82:21) 
    url - /api/v1/funddonotes/user/register 
    method - POST 
    IP - ::ffff:127.0.0.1
   {"timestamp":"2024-11-11T17:40:17.025Z"}
info: Server started at http://localhost:3000/api/v1/ {"timestamp":"2024-11-11T17:41:30.767Z"}
info: Connected to the database. {"timestamp":"2024-11-11T17:41:30.835Z"}
error: 
    status - 500 
    message - Error: Cannot apply rules to empty ruleset or the last rule added does not support rule properties
    at new module.exports (E:\Project1\FundDoNotes\node_modules\@hapi\hoek\lib\error.js:23:19)
    at module.exports (E:\Project1\FundDoNotes\node_modules\@hapi\hoek\lib\assert.js:21:11)
    at internals.Base.rule (E:\Project1\FundDoNotes\node_modules\@hapi\joi\lib\base.js:465:9)
    at internals.Base.method [as message] (E:\Project1\FundDoNotes\node_modules\@hapi\joi\lib\extend.js:145:29)
    at UserValidator.regUser (E:\Project1\FundDoNotes\src\validators\user.validator.ts:24:10)
    at Layer.handle [as handle_request] (E:\Project1\FundDoNotes\node_modules\express\lib\router\layer.js:95:5)
    at next (E:\Project1\FundDoNotes\node_modules\express\lib\router\route.js:149:13)
    at Route.dispatch (E:\Project1\FundDoNotes\node_modules\express\lib\router\route.js:119:3)
    at Layer.handle [as handle_request] (E:\Project1\FundDoNotes\node_modules\express\lib\router\layer.js:95:5)
    at E:\Project1\FundDoNotes\node_modules\express\lib\router\index.js:284:15
    at Function.process_params (E:\Project1\FundDoNotes\node_modules\express\lib\router\index.js:346:12)
    at next (E:\Project1\FundDoNotes\node_modules\express\lib\router\index.js:280:10)
    at Function.handle (E:\Project1\FundDoNotes\node_modules\express\lib\router\index.js:175:3)
    at router (E:\Project1\FundDoNotes\node_modules\express\lib\router\index.js:47:12)
    at Layer.handle [as handle_request] (E:\Project1\FundDoNotes\node_modules\express\lib\router\layer.js:95:5)
    at trim_prefix (E:\Project1\FundDoNotes\node_modules\express\lib\router\index.js:328:13)
    at E:\Project1\FundDoNotes\node_modules\express\lib\router\index.js:286:9
    at Function.process_params (E:\Project1\FundDoNotes\node_modules\express\lib\router\index.js:346:12)
    at next (E:\Project1\FundDoNotes\node_modules\express\lib\router\index.js:280:10)
    at Function.handle (E:\Project1\FundDoNotes\node_modules\express\lib\router\index.js:175:3)
    at router (E:\Project1\FundDoNotes\node_modules\express\lib\router\index.js:47:12)
    at Layer.handle [as handle_request] (E:\Project1\FundDoNotes\node_modules\express\lib\router\layer.js:95:5)
    at trim_prefix (E:\Project1\FundDoNotes\node_modules\express\lib\router\index.js:328:13)
    at E:\Project1\FundDoNotes\node_modules\express\lib\router\index.js:286:9
    at Function.process_params (E:\Project1\FundDoNotes\node_modules\express\lib\router\index.js:346:12)
    at next (E:\Project1\FundDoNotes\node_modules\express\lib\router\index.js:280:10)
    at logger (E:\Project1\FundDoNotes\node_modules\morgan\index.js:144:5)
    at Layer.handle [as handle_request] (E:\Project1\FundDoNotes\node_modules\express\lib\router\layer.js:95:5)
    at trim_prefix (E:\Project1\FundDoNotes\node_modules\express\lib\router\index.js:328:13)
    at E:\Project1\FundDoNotes\node_modules\express\lib\router\index.js:286:9
    at Function.process_params (E:\Project1\FundDoNotes\node_modules\express\lib\router\index.js:346:12)
    at next (E:\Project1\FundDoNotes\node_modules\express\lib\router\index.js:280:10)
    at E:\Project1\FundDoNotes\node_modules\body-parser\lib\read.js:137:5
    at AsyncResource.runInAsyncScope (node:async_hooks:206:9)
    at invokeCallback (E:\Project1\FundDoNotes\node_modules\raw-body\index.js:238:16)
    at done (E:\Project1\FundDoNotes\node_modules\raw-body\index.js:227:7)
    at IncomingMessage.onEnd (E:\Project1\FundDoNotes\node_modules\raw-body\index.js:287:7)
    at IncomingMessage.emit (node:events:519:28)
    at IncomingMessage.emit (node:domain:488:12)
    at endReadableNT (node:internal/streams/readable:1696:12)
    at processTicksAndRejections (node:internal/process/task_queues:82:21) 
    url - /api/v1/funddonotes/user/register 
    method - POST 
    IP - ::ffff:127.0.0.1
   {"timestamp":"2024-11-11T17:41:30.901Z"}
error: 
    status - 500 
    message - Error: Cannot apply rules to empty ruleset or the last rule added does not support rule properties
    at new module.exports (E:\Project1\FundDoNotes\node_modules\@hapi\hoek\lib\error.js:23:19)
    at module.exports (E:\Project1\FundDoNotes\node_modules\@hapi\hoek\lib\assert.js:21:11)
    at internals.Base.rule (E:\Project1\FundDoNotes\node_modules\@hapi\joi\lib\base.js:465:9)
    at internals.Base.method [as message] (E:\Project1\FundDoNotes\node_modules\@hapi\joi\lib\extend.js:145:29)
    at UserValidator.regUser (E:\Project1\FundDoNotes\src\validators\user.validator.ts:24:10)
    at Layer.handle [as handle_request] (E:\Project1\FundDoNotes\node_modules\express\lib\router\layer.js:95:5)
    at next (E:\Project1\FundDoNotes\node_modules\express\lib\router\route.js:149:13)
    at Route.dispatch (E:\Project1\FundDoNotes\node_modules\express\lib\router\route.js:119:3)
    at Layer.handle [as handle_request] (E:\Project1\FundDoNotes\node_modules\express\lib\router\layer.js:95:5)
    at E:\Project1\FundDoNotes\node_modules\express\lib\router\index.js:284:15
    at Function.process_params (E:\Project1\FundDoNotes\node_modules\express\lib\router\index.js:346:12)
    at next (E:\Project1\FundDoNotes\node_modules\express\lib\router\index.js:280:10)
    at Function.handle (E:\Project1\FundDoNotes\node_modules\express\lib\router\index.js:175:3)
    at router (E:\Project1\FundDoNotes\node_modules\express\lib\router\index.js:47:12)
    at Layer.handle [as handle_request] (E:\Project1\FundDoNotes\node_modules\express\lib\router\layer.js:95:5)
    at trim_prefix (E:\Project1\FundDoNotes\node_modules\express\lib\router\index.js:328:13)
    at E:\Project1\FundDoNotes\node_modules\express\lib\router\index.js:286:9
    at Function.process_params (E:\Project1\FundDoNotes\node_modules\express\lib\router\index.js:346:12)
    at next (E:\Project1\FundDoNotes\node_modules\express\lib\router\index.js:280:10)
    at Function.handle (E:\Project1\FundDoNotes\node_modules\express\lib\router\index.js:175:3)
    at router (E:\Project1\FundDoNotes\node_modules\express\lib\router\index.js:47:12)
    at Layer.handle [as handle_request] (E:\Project1\FundDoNotes\node_modules\express\lib\router\layer.js:95:5)
    at trim_prefix (E:\Project1\FundDoNotes\node_modules\express\lib\router\index.js:328:13)
    at E:\Project1\FundDoNotes\node_modules\express\lib\router\index.js:286:9
    at Function.process_params (E:\Project1\FundDoNotes\node_modules\express\lib\router\index.js:346:12)
    at next (E:\Project1\FundDoNotes\node_modules\express\lib\router\index.js:280:10)
    at logger (E:\Project1\FundDoNotes\node_modules\morgan\index.js:144:5)
    at Layer.handle [as handle_request] (E:\Project1\FundDoNotes\node_modules\express\lib\router\layer.js:95:5)
    at trim_prefix (E:\Project1\FundDoNotes\node_modules\express\lib\router\index.js:328:13)
    at E:\Project1\FundDoNotes\node_modules\express\lib\router\index.js:286:9
    at Function.process_params (E:\Project1\FundDoNotes\node_modules\express\lib\router\index.js:346:12)
    at next (E:\Project1\FundDoNotes\node_modules\express\lib\router\index.js:280:10)
    at E:\Project1\FundDoNotes\node_modules\body-parser\lib\read.js:137:5
    at AsyncResource.runInAsyncScope (node:async_hooks:206:9)
    at invokeCallback (E:\Project1\FundDoNotes\node_modules\raw-body\index.js:238:16)
    at done (E:\Project1\FundDoNotes\node_modules\raw-body\index.js:227:7)
    at IncomingMessage.onEnd (E:\Project1\FundDoNotes\node_modules\raw-body\index.js:287:7)
    at IncomingMessage.emit (node:events:519:28)
    at IncomingMessage.emit (node:domain:488:12)
    at endReadableNT (node:internal/streams/readable:1696:12)
    at processTicksAndRejections (node:internal/process/task_queues:82:21) 
    url - /api/v1/funddonotes/user/register 
    method - POST 
    IP - ::ffff:127.0.0.1
   {"timestamp":"2024-11-11T17:41:30.985Z"}
info: Server started at http://localhost:3000/api/v1/ {"timestamp":"2024-11-11T17:42:08.224Z"}
info: Connected to the database. {"timestamp":"2024-11-11T17:42:08.250Z"}
error: 
    status - 500 
    message - Error: Cannot apply rules to empty ruleset or the last rule added does not support rule properties
    at new module.exports (E:\Project1\FundDoNotes\node_modules\@hapi\hoek\lib\error.js:23:19)
    at module.exports (E:\Project1\FundDoNotes\node_modules\@hapi\hoek\lib\assert.js:21:11)
    at internals.Base.rule (E:\Project1\FundDoNotes\node_modules\@hapi\joi\lib\base.js:465:9)
    at internals.Base.method [as message] (E:\Project1\FundDoNotes\node_modules\@hapi\joi\lib\extend.js:145:29)
    at UserValidator.regUser (E:\Project1\FundDoNotes\src\validators\user.validator.ts:24:10)
    at Layer.handle [as handle_request] (E:\Project1\FundDoNotes\node_modules\express\lib\router\layer.js:95:5)
    at next (E:\Project1\FundDoNotes\node_modules\express\lib\router\route.js:149:13)
    at Route.dispatch (E:\Project1\FundDoNotes\node_modules\express\lib\router\route.js:119:3)
    at Layer.handle [as handle_request] (E:\Project1\FundDoNotes\node_modules\express\lib\router\layer.js:95:5)
    at E:\Project1\FundDoNotes\node_modules\express\lib\router\index.js:284:15
    at Function.process_params (E:\Project1\FundDoNotes\node_modules\express\lib\router\index.js:346:12)
    at next (E:\Project1\FundDoNotes\node_modules\express\lib\router\index.js:280:10)
    at Function.handle (E:\Project1\FundDoNotes\node_modules\express\lib\router\index.js:175:3)
    at router (E:\Project1\FundDoNotes\node_modules\express\lib\router\index.js:47:12)
    at Layer.handle [as handle_request] (E:\Project1\FundDoNotes\node_modules\express\lib\router\layer.js:95:5)
    at trim_prefix (E:\Project1\FundDoNotes\node_modules\express\lib\router\index.js:328:13)
    at E:\Project1\FundDoNotes\node_modules\express\lib\router\index.js:286:9
    at Function.process_params (E:\Project1\FundDoNotes\node_modules\express\lib\router\index.js:346:12)
    at next (E:\Project1\FundDoNotes\node_modules\express\lib\router\index.js:280:10)
    at Function.handle (E:\Project1\FundDoNotes\node_modules\express\lib\router\index.js:175:3)
    at router (E:\Project1\FundDoNotes\node_modules\express\lib\router\index.js:47:12)
    at Layer.handle [as handle_request] (E:\Project1\FundDoNotes\node_modules\express\lib\router\layer.js:95:5)
    at trim_prefix (E:\Project1\FundDoNotes\node_modules\express\lib\router\index.js:328:13)
    at E:\Project1\FundDoNotes\node_modules\express\lib\router\index.js:286:9
    at Function.process_params (E:\Project1\FundDoNotes\node_modules\express\lib\router\index.js:346:12)
    at next (E:\Project1\FundDoNotes\node_modules\express\lib\router\index.js:280:10)
    at logger (E:\Project1\FundDoNotes\node_modules\morgan\index.js:144:5)
    at Layer.handle [as handle_request] (E:\Project1\FundDoNotes\node_modules\express\lib\router\layer.js:95:5)
    at trim_prefix (E:\Project1\FundDoNotes\node_modules\express\lib\router\index.js:328:13)
    at E:\Project1\FundDoNotes\node_modules\express\lib\router\index.js:286:9
    at Function.process_params (E:\Project1\FundDoNotes\node_modules\express\lib\router\index.js:346:12)
    at next (E:\Project1\FundDoNotes\node_modules\express\lib\router\index.js:280:10)
    at E:\Project1\FundDoNotes\node_modules\body-parser\lib\read.js:137:5
    at AsyncResource.runInAsyncScope (node:async_hooks:206:9)
    at invokeCallback (E:\Project1\FundDoNotes\node_modules\raw-body\index.js:238:16)
    at done (E:\Project1\FundDoNotes\node_modules\raw-body\index.js:227:7)
    at IncomingMessage.onEnd (E:\Project1\FundDoNotes\node_modules\raw-body\index.js:287:7)
    at IncomingMessage.emit (node:events:519:28)
    at IncomingMessage.emit (node:domain:488:12)
    at endReadableNT (node:internal/streams/readable:1696:12)
    at processTicksAndRejections (node:internal/process/task_queues:82:21) 
    url - /api/v1/funddonotes/user/register 
    method - POST 
    IP - ::ffff:127.0.0.1
   {"timestamp":"2024-11-11T17:42:08.279Z"}
error: 
    status - 500 
    message - Error: Cannot apply rules to empty ruleset or the last rule added does not support rule properties
    at new module.exports (E:\Project1\FundDoNotes\node_modules\@hapi\hoek\lib\error.js:23:19)
    at module.exports (E:\Project1\FundDoNotes\node_modules\@hapi\hoek\lib\assert.js:21:11)
    at internals.Base.rule (E:\Project1\FundDoNotes\node_modules\@hapi\joi\lib\base.js:465:9)
    at internals.Base.method [as message] (E:\Project1\FundDoNotes\node_modules\@hapi\joi\lib\extend.js:145:29)
    at UserValidator.regUser (E:\Project1\FundDoNotes\src\validators\user.validator.ts:24:10)
    at Layer.handle [as handle_request] (E:\Project1\FundDoNotes\node_modules\express\lib\router\layer.js:95:5)
    at next (E:\Project1\FundDoNotes\node_modules\express\lib\router\route.js:149:13)
    at Route.dispatch (E:\Project1\FundDoNotes\node_modules\express\lib\router\route.js:119:3)
    at Layer.handle [as handle_request] (E:\Project1\FundDoNotes\node_modules\express\lib\router\layer.js:95:5)
    at E:\Project1\FundDoNotes\node_modules\express\lib\router\index.js:284:15
    at Function.process_params (E:\Project1\FundDoNotes\node_modules\express\lib\router\index.js:346:12)
    at next (E:\Project1\FundDoNotes\node_modules\express\lib\router\index.js:280:10)
    at Function.handle (E:\Project1\FundDoNotes\node_modules\express\lib\router\index.js:175:3)
    at router (E:\Project1\FundDoNotes\node_modules\express\lib\router\index.js:47:12)
    at Layer.handle [as handle_request] (E:\Project1\FundDoNotes\node_modules\express\lib\router\layer.js:95:5)
    at trim_prefix (E:\Project1\FundDoNotes\node_modules\express\lib\router\index.js:328:13)
    at E:\Project1\FundDoNotes\node_modules\express\lib\router\index.js:286:9
    at Function.process_params (E:\Project1\FundDoNotes\node_modules\express\lib\router\index.js:346:12)
    at next (E:\Project1\FundDoNotes\node_modules\express\lib\router\index.js:280:10)
    at Function.handle (E:\Project1\FundDoNotes\node_modules\express\lib\router\index.js:175:3)
    at router (E:\Project1\FundDoNotes\node_modules\express\lib\router\index.js:47:12)
    at Layer.handle [as handle_request] (E:\Project1\FundDoNotes\node_modules\express\lib\router\layer.js:95:5)
    at trim_prefix (E:\Project1\FundDoNotes\node_modules\express\lib\router\index.js:328:13)
    at E:\Project1\FundDoNotes\node_modules\express\lib\router\index.js:286:9
    at Function.process_params (E:\Project1\FundDoNotes\node_modules\express\lib\router\index.js:346:12)
    at next (E:\Project1\FundDoNotes\node_modules\express\lib\router\index.js:280:10)
    at logger (E:\Project1\FundDoNotes\node_modules\morgan\index.js:144:5)
    at Layer.handle [as handle_request] (E:\Project1\FundDoNotes\node_modules\express\lib\router\layer.js:95:5)
    at trim_prefix (E:\Project1\FundDoNotes\node_modules\express\lib\router\index.js:328:13)
    at E:\Project1\FundDoNotes\node_modules\express\lib\router\index.js:286:9
    at Function.process_params (E:\Project1\FundDoNotes\node_modules\express\lib\router\index.js:346:12)
    at next (E:\Project1\FundDoNotes\node_modules\express\lib\router\index.js:280:10)
    at E:\Project1\FundDoNotes\node_modules\body-parser\lib\read.js:137:5
    at AsyncResource.runInAsyncScope (node:async_hooks:206:9)
    at invokeCallback (E:\Project1\FundDoNotes\node_modules\raw-body\index.js:238:16)
    at done (E:\Project1\FundDoNotes\node_modules\raw-body\index.js:227:7)
    at IncomingMessage.onEnd (E:\Project1\FundDoNotes\node_modules\raw-body\index.js:287:7)
    at IncomingMessage.emit (node:events:519:28)
    at IncomingMessage.emit (node:domain:488:12)
    at endReadableNT (node:internal/streams/readable:1696:12)
    at processTicksAndRejections (node:internal/process/task_queues:82:21) 
    url - /api/v1/funddonotes/user/register 
    method - POST 
    IP - ::ffff:127.0.0.1
   {"timestamp":"2024-11-11T17:42:08.357Z"}
info: Server started at http://localhost:3000/api/v1/ {"timestamp":"2024-11-11T17:45:11.204Z"}
info: Connected to the database. {"timestamp":"2024-11-11T17:45:11.228Z"}
info: Server started at http://localhost:3000/api/v1/ {"timestamp":"2024-11-11T17:50:22.510Z"}
info: Connected to the database. {"timestamp":"2024-11-11T17:50:22.583Z"}
info: Server started at http://localhost:3000/api/v1/ {"timestamp":"2024-11-11T17:51:17.879Z"}
info: Connected to the database. {"timestamp":"2024-11-11T17:51:17.910Z"}
info: Server started at http://localhost:3000/api/v1/ {"timestamp":"2024-11-11T17:54:36.815Z"}
info: Connected to the database. {"timestamp":"2024-11-11T17:54:36.840Z"}
info: Server started at http://localhost:3000/api/v1/ {"timestamp":"2024-11-11T17:57:22.253Z"}
info: Connected to the database. {"timestamp":"2024-11-11T17:57:22.277Z"}
info: Server started at http://localhost:3000/api/v1/ {"timestamp":"2024-11-11T18:02:57.538Z"}
info: Connected to the database. {"timestamp":"2024-11-11T18:02:57.568Z"}
info: Server started at http://localhost:3000/api/v1/ {"timestamp":"2024-11-11T18:03:26.578Z"}
info: Connected to the database. {"timestamp":"2024-11-11T18:03:26.608Z"}
info: Server started at http://localhost:3000/api/v1/ {"timestamp":"2024-11-11T18:04:27.108Z"}
info: Connected to the database. {"timestamp":"2024-11-11T18:04:27.135Z"}
info: Server started at http://localhost:3000/api/v1/ {"timestamp":"2024-11-11T18:06:57.756Z"}
info: Connected to the database. {"timestamp":"2024-11-11T18:06:57.812Z"}
info: Server started at http://localhost:3000/api/v1/ {"timestamp":"2024-11-11T18:08:12.236Z"}
info: Connected to the database. {"timestamp":"2024-11-11T18:08:12.262Z"}
info: Server started at http://localhost:3000/api/v1/ {"timestamp":"2024-11-11T18:11:11.179Z"}
info: Connected to the database. {"timestamp":"2024-11-11T18:11:11.204Z"}
info: Server started at http://localhost:3000/api/v1/ {"timestamp":"2024-11-11T18:12:39.675Z"}
info: Connected to the database. {"timestamp":"2024-11-11T18:12:39.724Z"}
info: Server started at http://localhost:3000/api/v1/ {"timestamp":"2024-11-11T18:14:56.503Z"}
info: Connected to the database. {"timestamp":"2024-11-11T18:14:56.558Z"}
info: Server started at http://localhost:3000/api/v1/ {"timestamp":"2024-11-11T18:15:32.343Z"}
info: Connected to the database. {"timestamp":"2024-11-11T18:15:32.428Z"}
info: Server started at http://localhost:3000/api/v1/ {"timestamp":"2024-11-11T18:15:47.994Z"}
info: Connected to the database. {"timestamp":"2024-11-11T18:15:48.046Z"}
