info: Server started at http://localhost:3000/api/v1/ {"timestamp":"2024-11-06T09:14:25.368Z"}
info: Connected to the database. {"timestamp":"2024-11-06T09:14:25.428Z"}
error: 
    status - 500 
    message - SyntaxError: Unexpected end of JSON input
    at JSON.parse (<anonymous>)
    at createStrictSyntaxError (E:\Project1\FundDoNotes\node_modules\body-parser\lib\types\json.js:169:10)
    at parse (E:\Project1\FundDoNotes\node_modules\body-parser\lib\types\json.js:86:15)
    at E:\Project1\FundDoNotes\node_modules\body-parser\lib\read.js:128:18
    at AsyncResource.runInAsyncScope (node:async_hooks:206:9)
    at invokeCallback (E:\Project1\FundDoNotes\node_modules\raw-body\index.js:238:16)
    at done (E:\Project1\FundDoNotes\node_modules\raw-body\index.js:227:7)
    at IncomingMessage.onEnd (E:\Project1\FundDoNotes\node_modules\raw-body\index.js:287:7)
    at IncomingMessage.emit (node:events:519:28)
    at endReadableNT (node:internal/streams/readable:1696:12)
    at processTicksAndRejections (node:internal/process/task_queues:82:21) 
    url - /api/v1/funddonotes/usernotes/readnotes 
    method - GET 
    IP - ::1
   {"timestamp":"2024-11-06T09:20:23.591Z"}
info: Server started at http://localhost:3000/api/v1/ {"timestamp":"2024-11-06T09:20:51.116Z"}
info: Connected to the database. {"timestamp":"2024-11-06T09:20:51.162Z"}
error: 
    status - 500 
    message - SyntaxError: Unexpected end of JSON input
    at JSON.parse (<anonymous>)
    at createStrictSyntaxError (E:\Project1\FundDoNotes\node_modules\body-parser\lib\types\json.js:169:10)
    at parse (E:\Project1\FundDoNotes\node_modules\body-parser\lib\types\json.js:86:15)
    at E:\Project1\FundDoNotes\node_modules\body-parser\lib\read.js:128:18
    at AsyncResource.runInAsyncScope (node:async_hooks:206:9)
    at invokeCallback (E:\Project1\FundDoNotes\node_modules\raw-body\index.js:238:16)
    at done (E:\Project1\FundDoNotes\node_modules\raw-body\index.js:227:7)
    at IncomingMessage.onEnd (E:\Project1\FundDoNotes\node_modules\raw-body\index.js:287:7)
    at IncomingMessage.emit (node:events:519:28)
    at endReadableNT (node:internal/streams/readable:1696:12)
    at processTicksAndRejections (node:internal/process/task_queues:82:21) 
    url - /api/v1/funddonotes/usernotes/readnotes 
    method - GET 
    IP - ::1
   {"timestamp":"2024-11-06T09:20:55.996Z"}
info: Server started at http://localhost:3000/api/v1/ {"timestamp":"2024-11-06T09:21:34.133Z"}
info: Connected to the database. {"timestamp":"2024-11-06T09:21:34.187Z"}
info: Server started at http://localhost:3000/api/v1/ {"timestamp":"2024-11-06T09:21:40.776Z"}
info: Connected to the database. {"timestamp":"2024-11-06T09:21:40.828Z"}
info: Server started at http://localhost:3000/api/v1/ {"timestamp":"2024-11-06T09:21:48.632Z"}
info: Connected to the database. {"timestamp":"2024-11-06T09:21:48.681Z"}
error: 
    status - 500 
    message - SyntaxError: Unexpected end of JSON input
    at JSON.parse (<anonymous>)
    at createStrictSyntaxError (E:\Project1\FundDoNotes\node_modules\body-parser\lib\types\json.js:169:10)
    at parse (E:\Project1\FundDoNotes\node_modules\body-parser\lib\types\json.js:86:15)
    at E:\Project1\FundDoNotes\node_modules\body-parser\lib\read.js:128:18
    at AsyncResource.runInAsyncScope (node:async_hooks:206:9)
    at invokeCallback (E:\Project1\FundDoNotes\node_modules\raw-body\index.js:238:16)
    at done (E:\Project1\FundDoNotes\node_modules\raw-body\index.js:227:7)
    at IncomingMessage.onEnd (E:\Project1\FundDoNotes\node_modules\raw-body\index.js:287:7)
    at IncomingMessage.emit (node:events:519:28)
    at endReadableNT (node:internal/streams/readable:1696:12)
    at processTicksAndRejections (node:internal/process/task_queues:82:21) 
    url - /api/v1/funddonotes/usernotes/readnotes 
    method - GET 
    IP - ::1
   {"timestamp":"2024-11-06T09:21:55.978Z"}
info: Server started at http://localhost:3000/api/v1/ {"timestamp":"2024-11-06T09:22:11.522Z"}
info: Connected to the database. {"timestamp":"2024-11-06T09:22:11.574Z"}
error: 
    status - 500 
    message - SyntaxError: Unexpected end of JSON input
    at JSON.parse (<anonymous>)
    at createStrictSyntaxError (E:\Project1\FundDoNotes\node_modules\body-parser\lib\types\json.js:169:10)
    at parse (E:\Project1\FundDoNotes\node_modules\body-parser\lib\types\json.js:86:15)
    at E:\Project1\FundDoNotes\node_modules\body-parser\lib\read.js:128:18
    at AsyncResource.runInAsyncScope (node:async_hooks:206:9)
    at invokeCallback (E:\Project1\FundDoNotes\node_modules\raw-body\index.js:238:16)
    at done (E:\Project1\FundDoNotes\node_modules\raw-body\index.js:227:7)
    at IncomingMessage.onEnd (E:\Project1\FundDoNotes\node_modules\raw-body\index.js:287:7)
    at IncomingMessage.emit (node:events:519:28)
    at endReadableNT (node:internal/streams/readable:1696:12)
    at processTicksAndRejections (node:internal/process/task_queues:82:21) 
    url - /api/v1/funddonotes/usernotes/readnotes 
    method - GET 
    IP - ::1
   {"timestamp":"2024-11-06T09:22:14.346Z"}
info: Server started at http://localhost:3000/api/v1/ {"timestamp":"2024-11-06T09:23:07.699Z"}
info: Connected to the database. {"timestamp":"2024-11-06T09:23:07.747Z"}
info: Server started at http://localhost:3000/api/v1/ {"timestamp":"2024-11-06T09:23:22.081Z"}
info: Connected to the database. {"timestamp":"2024-11-06T09:23:22.107Z"}
info: Server started at http://localhost:3000/api/v1/ {"timestamp":"2024-11-06T09:23:25.383Z"}
info: Connected to the database. {"timestamp":"2024-11-06T09:23:25.425Z"}
error: 
    status - 500 
    message - SyntaxError: Unexpected end of JSON input
    at JSON.parse (<anonymous>)
    at createStrictSyntaxError (E:\Project1\FundDoNotes\node_modules\body-parser\lib\types\json.js:169:10)
    at parse (E:\Project1\FundDoNotes\node_modules\body-parser\lib\types\json.js:86:15)
    at E:\Project1\FundDoNotes\node_modules\body-parser\lib\read.js:128:18
    at AsyncResource.runInAsyncScope (node:async_hooks:206:9)
    at invokeCallback (E:\Project1\FundDoNotes\node_modules\raw-body\index.js:238:16)
    at done (E:\Project1\FundDoNotes\node_modules\raw-body\index.js:227:7)
    at IncomingMessage.onEnd (E:\Project1\FundDoNotes\node_modules\raw-body\index.js:287:7)
    at IncomingMessage.emit (node:events:519:28)
    at endReadableNT (node:internal/streams/readable:1696:12)
    at processTicksAndRejections (node:internal/process/task_queues:82:21) 
    url - /api/v1/funddonotes/usernotes/readnotes 
    method - GET 
    IP - ::1
   {"timestamp":"2024-11-06T09:23:47.269Z"}
error: 
    status - 500 
    message - SyntaxError: Unexpected end of JSON input
    at JSON.parse (<anonymous>)
    at createStrictSyntaxError (E:\Project1\FundDoNotes\node_modules\body-parser\lib\types\json.js:169:10)
    at parse (E:\Project1\FundDoNotes\node_modules\body-parser\lib\types\json.js:86:15)
    at E:\Project1\FundDoNotes\node_modules\body-parser\lib\read.js:128:18
    at AsyncResource.runInAsyncScope (node:async_hooks:206:9)
    at invokeCallback (E:\Project1\FundDoNotes\node_modules\raw-body\index.js:238:16)
    at done (E:\Project1\FundDoNotes\node_modules\raw-body\index.js:227:7)
    at IncomingMessage.onEnd (E:\Project1\FundDoNotes\node_modules\raw-body\index.js:287:7)
    at IncomingMessage.emit (node:events:519:28)
    at endReadableNT (node:internal/streams/readable:1696:12)
    at processTicksAndRejections (node:internal/process/task_queues:82:21) 
    url - /api/v1/funddonotes/usernotes/readnotes 
    method - GET 
    IP - ::1
   {"timestamp":"2024-11-06T09:23:49.234Z"}
info: Server started at http://localhost:3000/api/v1/ {"timestamp":"2024-11-06T09:25:46.785Z"}
info: Connected to the database. {"timestamp":"2024-11-06T09:25:46.829Z"}
error: 
    status - 500 
    message - SyntaxError: Unexpected end of JSON input
    at JSON.parse (<anonymous>)
    at createStrictSyntaxError (E:\Project1\FundDoNotes\node_modules\body-parser\lib\types\json.js:169:10)
    at parse (E:\Project1\FundDoNotes\node_modules\body-parser\lib\types\json.js:86:15)
    at E:\Project1\FundDoNotes\node_modules\body-parser\lib\read.js:128:18
    at AsyncResource.runInAsyncScope (node:async_hooks:206:9)
    at invokeCallback (E:\Project1\FundDoNotes\node_modules\raw-body\index.js:238:16)
    at done (E:\Project1\FundDoNotes\node_modules\raw-body\index.js:227:7)
    at IncomingMessage.onEnd (E:\Project1\FundDoNotes\node_modules\raw-body\index.js:287:7)
    at IncomingMessage.emit (node:events:519:28)
    at endReadableNT (node:internal/streams/readable:1696:12)
    at processTicksAndRejections (node:internal/process/task_queues:82:21) 
    url - /api/v1/funddonotes/usernotes/readnotes 
    method - GET 
    IP - ::1
   {"timestamp":"2024-11-06T09:25:51.749Z"}
info: Server started at http://localhost:3000/api/v1/ {"timestamp":"2024-11-06T09:26:16.225Z"}
info: Connected to the database. {"timestamp":"2024-11-06T09:26:16.299Z"}
error: 
    status - 500 
    message - SyntaxError: Unexpected end of JSON input
    at JSON.parse (<anonymous>)
    at createStrictSyntaxError (E:\Project1\FundDoNotes\node_modules\body-parser\lib\types\json.js:169:10)
    at parse (E:\Project1\FundDoNotes\node_modules\body-parser\lib\types\json.js:86:15)
    at E:\Project1\FundDoNotes\node_modules\body-parser\lib\read.js:128:18
    at AsyncResource.runInAsyncScope (node:async_hooks:206:9)
    at invokeCallback (E:\Project1\FundDoNotes\node_modules\raw-body\index.js:238:16)
    at done (E:\Project1\FundDoNotes\node_modules\raw-body\index.js:227:7)
    at IncomingMessage.onEnd (E:\Project1\FundDoNotes\node_modules\raw-body\index.js:287:7)
    at IncomingMessage.emit (node:events:519:28)
    at endReadableNT (node:internal/streams/readable:1696:12)
    at processTicksAndRejections (node:internal/process/task_queues:82:21) 
    url - /api/v1/funddonotes/usernotes/readnotes 
    method - GET 
    IP - ::1
   {"timestamp":"2024-11-06T09:26:21.926Z"}
error: 
    status - 500 
    message - SyntaxError: Unexpected end of JSON input
    at JSON.parse (<anonymous>)
    at createStrictSyntaxError (E:\Project1\FundDoNotes\node_modules\body-parser\lib\types\json.js:169:10)
    at parse (E:\Project1\FundDoNotes\node_modules\body-parser\lib\types\json.js:86:15)
    at E:\Project1\FundDoNotes\node_modules\body-parser\lib\read.js:128:18
    at AsyncResource.runInAsyncScope (node:async_hooks:206:9)
    at invokeCallback (E:\Project1\FundDoNotes\node_modules\raw-body\index.js:238:16)
    at done (E:\Project1\FundDoNotes\node_modules\raw-body\index.js:227:7)
    at IncomingMessage.onEnd (E:\Project1\FundDoNotes\node_modules\raw-body\index.js:287:7)
    at IncomingMessage.emit (node:events:519:28)
    at endReadableNT (node:internal/streams/readable:1696:12)
    at processTicksAndRejections (node:internal/process/task_queues:82:21) 
    url - /api/v1/funddonotes/usernotes/readnotes 
    method - GET 
    IP - ::1
   {"timestamp":"2024-11-06T09:26:28.381Z"}
info: Server started at http://localhost:3000/api/v1/ {"timestamp":"2024-11-06T09:26:55.854Z"}
info: Connected to the database. {"timestamp":"2024-11-06T09:26:55.918Z"}
info: Server started at http://localhost:3000/api/v1/ {"timestamp":"2024-11-06T09:33:42.255Z"}
info: Connected to the database. {"timestamp":"2024-11-06T09:33:42.317Z"}
info: Server started at http://localhost:3000/api/v1/ {"timestamp":"2024-11-06T09:36:03.663Z"}
info: Connected to the database. {"timestamp":"2024-11-06T09:36:03.716Z"}
info: Server started at http://localhost:3000/api/v1/ {"timestamp":"2024-11-06T09:36:23.755Z"}
info: Connected to the database. {"timestamp":"2024-11-06T09:36:23.783Z"}
info: Server started at http://localhost:3000/api/v1/ {"timestamp":"2024-11-06T09:38:56.576Z"}
info: Connected to the database. {"timestamp":"2024-11-06T09:38:56.602Z"}
info: Server started at http://localhost:3000/api/v1/ {"timestamp":"2024-11-06T09:41:08.538Z"}
info: Connected to the database. {"timestamp":"2024-11-06T09:41:08.598Z"}
info: Server started at http://localhost:3000/api/v1/ {"timestamp":"2024-11-06T09:41:11.548Z"}
info: Connected to the database. {"timestamp":"2024-11-06T09:41:11.619Z"}
info: Server started at http://localhost:3000/api/v1/ {"timestamp":"2024-11-06T09:41:53.833Z"}
info: Connected to the database. {"timestamp":"2024-11-06T09:41:53.886Z"}
info: Server started at http://localhost:3000/api/v1/ {"timestamp":"2024-11-06T09:42:35.100Z"}
info: Server started at http://localhost:3000/api/v1/ {"timestamp":"2024-11-06T09:42:37.948Z"}
info: Connected to the database. {"timestamp":"2024-11-06T09:42:38.018Z"}
info: Server started at http://localhost:3000/api/v1/ {"timestamp":"2024-11-06T09:42:43.635Z"}
info: Connected to the database. {"timestamp":"2024-11-06T09:42:43.695Z"}
info: Server started at http://localhost:3000/api/v1/ {"timestamp":"2024-11-06T09:43:27.462Z"}
info: Connected to the database. {"timestamp":"2024-11-06T09:43:27.568Z"}
info: Server started at http://localhost:3000/api/v1/ {"timestamp":"2024-11-06T09:43:32.298Z"}
info: Connected to the database. {"timestamp":"2024-11-06T09:43:32.355Z"}
info: Server started at http://localhost:3000/api/v1/ {"timestamp":"2024-11-06T09:43:38.315Z"}
info: Connected to the database. {"timestamp":"2024-11-06T09:43:38.367Z"}
info: Server started at http://localhost:3000/api/v1/ {"timestamp":"2024-11-06T09:43:42.480Z"}
info: Connected to the database. {"timestamp":"2024-11-06T09:43:42.537Z"}
info: Server started at http://localhost:3000/api/v1/ {"timestamp":"2024-11-06T09:43:49.482Z"}
info: Connected to the database. {"timestamp":"2024-11-06T09:43:49.560Z"}
info: Server started at http://localhost:3000/api/v1/ {"timestamp":"2024-11-06T09:43:53.052Z"}
info: Connected to the database. {"timestamp":"2024-11-06T09:43:53.107Z"}
info: Server started at http://localhost:3000/api/v1/ {"timestamp":"2024-11-06T09:44:13.957Z"}
info: Connected to the database. {"timestamp":"2024-11-06T09:44:14.018Z"}
info: Server started at http://localhost:3000/api/v1/ {"timestamp":"2024-11-06T09:45:07.509Z"}
info: Connected to the database. {"timestamp":"2024-11-06T09:45:07.535Z"}
info: Server started at http://localhost:3000/api/v1/ {"timestamp":"2024-11-06T09:45:59.126Z"}
info: Connected to the database. {"timestamp":"2024-11-06T09:45:59.233Z"}
info: Server started at http://localhost:3000/api/v1/ {"timestamp":"2024-11-06T09:46:43.992Z"}
info: Connected to the database. {"timestamp":"2024-11-06T09:46:44.038Z"}
info: Server started at http://localhost:3000/api/v1/ {"timestamp":"2024-11-06T09:46:56.112Z"}
info: Connected to the database. {"timestamp":"2024-11-06T09:46:56.169Z"}
info: Server started at http://localhost:3000/api/v1/ {"timestamp":"2024-11-06T09:48:26.960Z"}
info: Connected to the database. {"timestamp":"2024-11-06T09:48:27.005Z"}
info: Server started at http://localhost:3000/api/v1/ {"timestamp":"2024-11-06T09:48:39.418Z"}
info: Connected to the database. {"timestamp":"2024-11-06T09:48:39.476Z"}
info: Server started at http://localhost:3000/api/v1/ {"timestamp":"2024-11-06T09:48:54.998Z"}
info: Connected to the database. {"timestamp":"2024-11-06T09:48:55.042Z"}
info: Server started at http://localhost:3000/api/v1/ {"timestamp":"2024-11-06T09:51:52.419Z"}
info: Connected to the database. {"timestamp":"2024-11-06T09:51:52.483Z"}
info: Server started at http://localhost:3000/api/v1/ {"timestamp":"2024-11-06T09:54:43.292Z"}
info: Connected to the database. {"timestamp":"2024-11-06T09:54:43.335Z"}
info: Server started at http://localhost:3000/api/v1/ {"timestamp":"2024-11-06T09:54:53.252Z"}
info: Connected to the database. {"timestamp":"2024-11-06T09:54:53.295Z"}
info: Server started at http://localhost:3000/api/v1/ {"timestamp":"2024-11-06T09:55:59.795Z"}
info: Connected to the database. {"timestamp":"2024-11-06T09:55:59.845Z"}
info: Server started at http://localhost:3000/api/v1/ {"timestamp":"2024-11-06T09:57:24.359Z"}
info: Connected to the database. {"timestamp":"2024-11-06T09:57:24.381Z"}
info: Server started at http://localhost:3000/api/v1/ {"timestamp":"2024-11-06T09:58:03.533Z"}
info: Connected to the database. {"timestamp":"2024-11-06T09:58:03.567Z"}
info: Server started at http://localhost:3000/api/v1/ {"timestamp":"2024-11-06T09:58:48.381Z"}
info: Connected to the database. {"timestamp":"2024-11-06T09:58:48.405Z"}
info: Server started at http://localhost:3000/api/v1/ {"timestamp":"2024-11-06T09:58:52.345Z"}
info: Connected to the database. {"timestamp":"2024-11-06T09:58:52.398Z"}
info: Server started at http://localhost:3000/api/v1/ {"timestamp":"2024-11-06T09:59:06.149Z"}
info: Connected to the database. {"timestamp":"2024-11-06T09:59:06.197Z"}
info: Server started at http://localhost:3000/api/v1/ {"timestamp":"2024-11-06T09:59:11.613Z"}
info: Connected to the database. {"timestamp":"2024-11-06T09:59:11.672Z"}
info: Server started at http://localhost:3000/api/v1/ {"timestamp":"2024-11-06T09:59:37.112Z"}
info: Connected to the database. {"timestamp":"2024-11-06T09:59:37.163Z"}
info: Server started at http://localhost:3000/api/v1/ {"timestamp":"2024-11-06T09:59:42.139Z"}
info: Connected to the database. {"timestamp":"2024-11-06T09:59:42.198Z"}
info: Server started at http://localhost:3000/api/v1/ {"timestamp":"2024-11-06T09:59:49.624Z"}
info: Connected to the database. {"timestamp":"2024-11-06T09:59:49.685Z"}
info: Server started at http://localhost:3000/api/v1/ {"timestamp":"2024-11-06T09:59:54.519Z"}
info: Connected to the database. {"timestamp":"2024-11-06T09:59:54.611Z"}
info: Server started at http://localhost:3000/api/v1/ {"timestamp":"2024-11-06T10:00:36.778Z"}
info: Connected to the database. {"timestamp":"2024-11-06T10:00:36.836Z"}
info: Server started at http://localhost:3000/api/v1/ {"timestamp":"2024-11-06T10:22:27.982Z"}
info: Connected to the database. {"timestamp":"2024-11-06T10:22:28.008Z"}
info: Server started at http://localhost:3000/api/v1/ {"timestamp":"2024-11-06T10:22:37.350Z"}
info: Connected to the database. {"timestamp":"2024-11-06T10:22:37.404Z"}
info: Server started at http://localhost:3000/api/v1/ {"timestamp":"2024-11-06T10:23:04.982Z"}
info: Connected to the database. {"timestamp":"2024-11-06T10:23:05.011Z"}
info: Server started at http://localhost:3000/api/v1/ {"timestamp":"2024-11-06T10:26:20.353Z"}
info: Connected to the database. {"timestamp":"2024-11-06T10:26:20.416Z"}
info: Server started at http://localhost:3000/api/v1/ {"timestamp":"2024-11-06T10:26:32.766Z"}
info: Connected to the database. {"timestamp":"2024-11-06T10:26:32.832Z"}
info: Server started at http://localhost:3000/api/v1/ {"timestamp":"2024-11-06T10:26:38.764Z"}
info: Connected to the database. {"timestamp":"2024-11-06T10:26:38.817Z"}
info: Server started at http://localhost:3000/api/v1/ {"timestamp":"2024-11-06T10:26:48.078Z"}
info: Connected to the database. {"timestamp":"2024-11-06T10:26:48.130Z"}
info: Server started at http://localhost:3000/api/v1/ {"timestamp":"2024-11-06T10:27:16.699Z"}
info: Connected to the database. {"timestamp":"2024-11-06T10:27:16.724Z"}
info: Server started at http://localhost:3000/api/v1/ {"timestamp":"2024-11-06T10:28:38.549Z"}
info: Connected to the database. {"timestamp":"2024-11-06T10:28:38.571Z"}
info: Server started at http://localhost:3000/api/v1/ {"timestamp":"2024-11-06T10:29:01.616Z"}
info: Connected to the database. {"timestamp":"2024-11-06T10:29:01.666Z"}
info: Server started at http://localhost:3000/api/v1/ {"timestamp":"2024-11-06T10:29:22.229Z"}
info: Connected to the database. {"timestamp":"2024-11-06T10:29:22.283Z"}
info: Server started at http://localhost:3000/api/v1/ {"timestamp":"2024-11-06T10:29:34.471Z"}
info: Connected to the database. {"timestamp":"2024-11-06T10:29:34.527Z"}
info: Server started at http://localhost:3000/api/v1/ {"timestamp":"2024-11-06T10:29:41.185Z"}
info: Connected to the database. {"timestamp":"2024-11-06T10:29:41.239Z"}
info: Server started at http://localhost:3000/api/v1/ {"timestamp":"2024-11-06T10:29:47.885Z"}
info: Connected to the database. {"timestamp":"2024-11-06T10:29:47.942Z"}
info: Server started at http://localhost:3000/api/v1/ {"timestamp":"2024-11-06T10:29:56.958Z"}
info: Connected to the database. {"timestamp":"2024-11-06T10:29:57.016Z"}
info: Server started at http://localhost:3000/api/v1/ {"timestamp":"2024-11-06T10:30:00.284Z"}
info: Connected to the database. {"timestamp":"2024-11-06T10:30:00.352Z"}
info: Server started at http://localhost:3000/api/v1/ {"timestamp":"2024-11-06T10:30:06.319Z"}
info: Connected to the database. {"timestamp":"2024-11-06T10:30:06.374Z"}
info: Server started at http://localhost:3000/api/v1/ {"timestamp":"2024-11-06T10:30:14.980Z"}
info: Connected to the database. {"timestamp":"2024-11-06T10:30:15.034Z"}
info: Server started at http://localhost:3000/api/v1/ {"timestamp":"2024-11-06T10:30:23.499Z"}
info: Connected to the database. {"timestamp":"2024-11-06T10:30:23.552Z"}
info: Server started at http://localhost:3000/api/v1/ {"timestamp":"2024-11-06T10:31:03.488Z"}
info: Connected to the database. {"timestamp":"2024-11-06T10:31:03.540Z"}
info: Server started at http://localhost:3000/api/v1/ {"timestamp":"2024-11-06T10:31:11.259Z"}
info: Connected to the database. {"timestamp":"2024-11-06T10:31:11.281Z"}
info: Server started at http://localhost:3000/api/v1/ {"timestamp":"2024-11-06T10:31:17.060Z"}
info: Connected to the database. {"timestamp":"2024-11-06T10:31:17.121Z"}
info: Server started at http://localhost:3000/api/v1/ {"timestamp":"2024-11-06T10:31:22.356Z"}
info: Connected to the database. {"timestamp":"2024-11-06T10:31:22.404Z"}
info: Server started at http://localhost:3000/api/v1/ {"timestamp":"2024-11-06T10:31:42.580Z"}
info: Connected to the database. {"timestamp":"2024-11-06T10:31:42.630Z"}
info: Server started at http://localhost:3000/api/v1/ {"timestamp":"2024-11-06T10:31:50.503Z"}
info: Connected to the database. {"timestamp":"2024-11-06T10:31:50.577Z"}
info: Server started at http://localhost:3000/api/v1/ {"timestamp":"2024-11-06T10:31:54.181Z"}
info: Connected to the database. {"timestamp":"2024-11-06T10:31:54.235Z"}
info: Server started at http://localhost:3000/api/v1/ {"timestamp":"2024-11-06T10:32:24.496Z"}
info: Connected to the database. {"timestamp":"2024-11-06T10:32:24.562Z"}
info: Server started at http://localhost:3000/api/v1/ {"timestamp":"2024-11-06T10:32:48.467Z"}
info: Connected to the database. {"timestamp":"2024-11-06T10:32:48.525Z"}
info: Server started at http://localhost:3000/api/v1/ {"timestamp":"2024-11-06T10:33:54.349Z"}
info: Connected to the database. {"timestamp":"2024-11-06T10:33:54.399Z"}
info: Server started at http://localhost:3000/api/v1/ {"timestamp":"2024-11-06T10:34:49.468Z"}
info: Connected to the database. {"timestamp":"2024-11-06T10:34:49.520Z"}
info: Server started at http://localhost:3000/api/v1/ {"timestamp":"2024-11-06T10:34:54.788Z"}
info: Connected to the database. {"timestamp":"2024-11-06T10:34:54.843Z"}
info: Server started at http://localhost:3000/api/v1/ {"timestamp":"2024-11-06T10:48:54.171Z"}
info: Connected to the database. {"timestamp":"2024-11-06T10:48:54.228Z"}
info: Server started at http://localhost:3000/api/v1/ {"timestamp":"2024-11-06T10:49:15.410Z"}
info: Connected to the database. {"timestamp":"2024-11-06T10:49:15.466Z"}
info: Server started at http://localhost:3000/api/v1/ {"timestamp":"2024-11-06T10:50:10.733Z"}
info: Connected to the database. {"timestamp":"2024-11-06T10:50:10.782Z"}
info: Server started at http://localhost:3000/api/v1/ {"timestamp":"2024-11-06T10:51:21.505Z"}
info: Connected to the database. {"timestamp":"2024-11-06T10:51:21.556Z"}
info: Server started at http://localhost:3000/api/v1/ {"timestamp":"2024-11-06T10:51:31.015Z"}
info: Connected to the database. {"timestamp":"2024-11-06T10:51:31.084Z"}
info: Server started at http://localhost:3000/api/v1/ {"timestamp":"2024-11-06T10:51:39.775Z"}
info: Connected to the database. {"timestamp":"2024-11-06T10:51:39.927Z"}
info: Server started at http://localhost:3000/api/v1/ {"timestamp":"2024-11-06T11:01:45.030Z"}
info: Connected to the database. {"timestamp":"2024-11-06T11:01:45.079Z"}
info: Server started at http://localhost:3000/api/v1/ {"timestamp":"2024-11-06T11:01:59.832Z"}
info: Connected to the database. {"timestamp":"2024-11-06T11:01:59.898Z"}
info: Server started at http://localhost:3000/api/v1/ {"timestamp":"2024-11-06T11:02:06.171Z"}
info: Connected to the database. {"timestamp":"2024-11-06T11:02:06.225Z"}
info: Server started at http://localhost:3000/api/v1/ {"timestamp":"2024-11-06T11:02:23.604Z"}
info: Connected to the database. {"timestamp":"2024-11-06T11:02:23.661Z"}
info: Server started at http://localhost:3000/api/v1/ {"timestamp":"2024-11-06T11:02:32.493Z"}
info: Connected to the database. {"timestamp":"2024-11-06T11:02:32.542Z"}
info: Server started at http://localhost:3000/api/v1/ {"timestamp":"2024-11-06T11:02:46.705Z"}
info: Connected to the database. {"timestamp":"2024-11-06T11:02:46.760Z"}
info: Server started at http://localhost:3000/api/v1/ {"timestamp":"2024-11-06T11:06:28.527Z"}
info: Connected to the database. {"timestamp":"2024-11-06T11:06:28.573Z"}
info: Server started at http://localhost:3000/api/v1/ {"timestamp":"2024-11-06T11:06:39.644Z"}
info: Connected to the database. {"timestamp":"2024-11-06T11:06:39.693Z"}
info: Server started at http://localhost:3000/api/v1/ {"timestamp":"2024-11-06T11:06:43.461Z"}
info: Connected to the database. {"timestamp":"2024-11-06T11:06:43.512Z"}
info: Server started at http://localhost:3000/api/v1/ {"timestamp":"2024-11-06T11:08:53.377Z"}
info: Connected to the database. {"timestamp":"2024-11-06T11:08:53.426Z"}
info: Server started at http://localhost:3000/api/v1/ {"timestamp":"2024-11-06T11:09:03.858Z"}
info: Connected to the database. {"timestamp":"2024-11-06T11:09:03.915Z"}
info: Server started at http://localhost:3000/api/v1/ {"timestamp":"2024-11-06T11:09:07.409Z"}
info: Connected to the database. {"timestamp":"2024-11-06T11:09:07.460Z"}
info: Server started at http://localhost:3000/api/v1/ {"timestamp":"2024-11-06T11:09:15.715Z"}
info: Connected to the database. {"timestamp":"2024-11-06T11:09:15.764Z"}
info: Server started at http://localhost:3000/api/v1/ {"timestamp":"2024-11-06T11:09:27.406Z"}
info: Connected to the database. {"timestamp":"2024-11-06T11:09:27.432Z"}
info: Server started at http://localhost:3000/api/v1/ {"timestamp":"2024-11-06T11:09:31.331Z"}
info: Connected to the database. {"timestamp":"2024-11-06T11:09:31.382Z"}
info: Server started at http://localhost:3000/api/v1/ {"timestamp":"2024-11-06T11:09:42.235Z"}
info: Connected to the database. {"timestamp":"2024-11-06T11:09:42.283Z"}
info: Server started at http://localhost:3000/api/v1/ {"timestamp":"2024-11-06T11:11:19.517Z"}
info: Connected to the database. {"timestamp":"2024-11-06T11:11:19.569Z"}
info: Server started at http://localhost:3000/api/v1/ {"timestamp":"2024-11-06T11:11:27.413Z"}
info: Connected to the database. {"timestamp":"2024-11-06T11:11:27.483Z"}
info: Server started at http://localhost:3000/api/v1/ {"timestamp":"2024-11-06T11:11:31.890Z"}
info: Connected to the database. {"timestamp":"2024-11-06T11:11:31.955Z"}
info: Server started at http://localhost:3000/api/v1/ {"timestamp":"2024-11-06T11:11:35.668Z"}
info: Connected to the database. {"timestamp":"2024-11-06T11:11:35.716Z"}
info: Server started at http://localhost:3000/api/v1/ {"timestamp":"2024-11-06T11:11:45.449Z"}
info: Connected to the database. {"timestamp":"2024-11-06T11:11:45.504Z"}
info: Server started at http://localhost:3000/api/v1/ {"timestamp":"2024-11-06T11:12:15.355Z"}
info: Connected to the database. {"timestamp":"2024-11-06T11:12:15.426Z"}
info: Server started at http://localhost:3000/api/v1/ {"timestamp":"2024-11-06T11:15:22.009Z"}
info: Connected to the database. {"timestamp":"2024-11-06T11:15:22.071Z"}
info: Server started at http://localhost:3000/api/v1/ {"timestamp":"2024-11-06T11:15:26.821Z"}
info: Connected to the database. {"timestamp":"2024-11-06T11:15:26.870Z"}
info: Server started at http://localhost:3000/api/v1/ {"timestamp":"2024-11-06T11:15:38.488Z"}
info: Connected to the database. {"timestamp":"2024-11-06T11:15:38.536Z"}
info: Server started at http://localhost:3000/api/v1/ {"timestamp":"2024-11-06T11:17:04.714Z"}
info: Connected to the database. {"timestamp":"2024-11-06T11:17:04.772Z"}
info: Server started at http://localhost:3000/api/v1/ {"timestamp":"2024-11-06T11:17:21.040Z"}
info: Connected to the database. {"timestamp":"2024-11-06T11:17:21.096Z"}
info: Server started at http://localhost:3000/api/v1/ {"timestamp":"2024-11-06T11:18:16.836Z"}
info: Connected to the database. {"timestamp":"2024-11-06T11:18:16.890Z"}
info: Server started at http://localhost:3000/api/v1/ {"timestamp":"2024-11-06T11:18:50.719Z"}
info: Connected to the database. {"timestamp":"2024-11-06T11:18:50.788Z"}
info: Server started at http://localhost:3000/api/v1/ {"timestamp":"2024-11-06T11:18:54.605Z"}
info: Connected to the database. {"timestamp":"2024-11-06T11:18:54.664Z"}
info: Server started at http://localhost:3000/api/v1/ {"timestamp":"2024-11-06T11:19:15.850Z"}
info: Connected to the database. {"timestamp":"2024-11-06T11:19:15.900Z"}
info: Server started at http://localhost:3000/api/v1/ {"timestamp":"2024-11-06T11:19:29.193Z"}
info: Connected to the database. {"timestamp":"2024-11-06T11:19:29.240Z"}
info: Server started at http://localhost:3000/api/v1/ {"timestamp":"2024-11-06T11:19:40.244Z"}
info: Connected to the database. {"timestamp":"2024-11-06T11:19:40.296Z"}
info: Server started at http://localhost:3000/api/v1/ {"timestamp":"2024-11-06T11:19:46.174Z"}
info: Connected to the database. {"timestamp":"2024-11-06T11:19:46.315Z"}
info: Server started at http://localhost:3000/api/v1/ {"timestamp":"2024-11-06T11:19:51.007Z"}
info: Connected to the database. {"timestamp":"2024-11-06T11:19:51.069Z"}
info: Server started at http://localhost:3000/api/v1/ {"timestamp":"2024-11-06T11:19:54.473Z"}
info: Connected to the database. {"timestamp":"2024-11-06T11:19:54.541Z"}
info: Server started at http://localhost:3000/api/v1/ {"timestamp":"2024-11-06T11:20:11.664Z"}
info: Connected to the database. {"timestamp":"2024-11-06T11:20:11.723Z"}
info: Server started at http://localhost:3000/api/v1/ {"timestamp":"2024-11-06T11:20:40.803Z"}
info: Connected to the database. {"timestamp":"2024-11-06T11:20:40.859Z"}
info: Server started at http://localhost:3000/api/v1/ {"timestamp":"2024-11-06T11:20:53.320Z"}
info: Connected to the database. {"timestamp":"2024-11-06T11:20:53.376Z"}
info: Server started at http://localhost:3000/api/v1/ {"timestamp":"2024-11-06T11:21:00.306Z"}
info: Connected to the database. {"timestamp":"2024-11-06T11:21:00.365Z"}
info: Server started at http://localhost:3000/api/v1/ {"timestamp":"2024-11-06T11:21:16.695Z"}
info: Connected to the database. {"timestamp":"2024-11-06T11:21:16.749Z"}
info: Server started at http://localhost:3000/api/v1/ {"timestamp":"2024-11-06T11:21:20.005Z"}
info: Connected to the database. {"timestamp":"2024-11-06T11:21:20.060Z"}
info: Server started at http://localhost:3000/api/v1/ {"timestamp":"2024-11-06T11:21:36.600Z"}
info: Connected to the database. {"timestamp":"2024-11-06T11:21:36.651Z"}
info: Server started at http://localhost:3000/api/v1/ {"timestamp":"2024-11-06T11:21:46.245Z"}
info: Connected to the database. {"timestamp":"2024-11-06T11:21:46.297Z"}
info: Server started at http://localhost:3000/api/v1/ {"timestamp":"2024-11-06T11:21:50.980Z"}
info: Connected to the database. {"timestamp":"2024-11-06T11:21:51.036Z"}
info: Server started at http://localhost:3000/api/v1/ {"timestamp":"2024-11-06T11:23:20.902Z"}
info: Connected to the database. {"timestamp":"2024-11-06T11:23:20.954Z"}
info: Server started at http://localhost:3000/api/v1/ {"timestamp":"2024-11-06T11:23:37.871Z"}
info: Connected to the database. {"timestamp":"2024-11-06T11:23:37.970Z"}
info: Server started at http://localhost:3000/api/v1/ {"timestamp":"2024-11-06T11:25:36.625Z"}
info: Connected to the database. {"timestamp":"2024-11-06T11:25:36.676Z"}
info: Server started at http://localhost:3000/api/v1/ {"timestamp":"2024-11-06T11:25:55.302Z"}
info: Server started at http://localhost:3000/api/v1/ {"timestamp":"2024-11-06T11:26:00.879Z"}
info: Connected to the database. {"timestamp":"2024-11-06T11:26:00.934Z"}
info: Server started at http://localhost:3000/api/v1/ {"timestamp":"2024-11-06T11:28:19.955Z"}
info: Connected to the database. {"timestamp":"2024-11-06T11:28:20.009Z"}
info: Server started at http://localhost:3000/api/v1/ {"timestamp":"2024-11-06T11:28:26.782Z"}
info: Connected to the database. {"timestamp":"2024-11-06T11:28:26.837Z"}
info: Server started at http://localhost:3000/api/v1/ {"timestamp":"2024-11-06T11:28:32.887Z"}
info: Connected to the database. {"timestamp":"2024-11-06T11:28:32.937Z"}
info: Server started at http://localhost:3000/api/v1/ {"timestamp":"2024-11-06T11:29:38.799Z"}
info: Connected to the database. {"timestamp":"2024-11-06T11:29:38.888Z"}
info: Server started at http://localhost:3000/api/v1/ {"timestamp":"2024-11-06T11:29:44.270Z"}
info: Connected to the database. {"timestamp":"2024-11-06T11:29:44.324Z"}
info: Server started at http://localhost:3000/api/v1/ {"timestamp":"2024-11-06T11:29:47.950Z"}
info: Connected to the database. {"timestamp":"2024-11-06T11:29:48.003Z"}
info: Server started at http://localhost:3000/api/v1/ {"timestamp":"2024-11-06T11:30:04.113Z"}
info: Connected to the database. {"timestamp":"2024-11-06T11:30:04.165Z"}
info: Server started at http://localhost:3000/api/v1/ {"timestamp":"2024-11-06T11:30:18.145Z"}
info: Connected to the database. {"timestamp":"2024-11-06T11:30:18.206Z"}
info: Server started at http://localhost:3000/api/v1/ {"timestamp":"2024-11-06T11:30:24.778Z"}
info: Connected to the database. {"timestamp":"2024-11-06T11:30:24.834Z"}
info: Server started at http://localhost:3000/api/v1/ {"timestamp":"2024-11-06T11:30:28.163Z"}
info: Connected to the database. {"timestamp":"2024-11-06T11:30:28.213Z"}
info: Server started at http://localhost:3000/api/v1/ {"timestamp":"2024-11-06T11:30:53.976Z"}
info: Connected to the database. {"timestamp":"2024-11-06T11:30:54.051Z"}
info: Server started at http://localhost:3000/api/v1/ {"timestamp":"2024-11-06T11:32:01.484Z"}
info: Connected to the database. {"timestamp":"2024-11-06T11:32:01.551Z"}
info: Server started at http://localhost:3000/api/v1/ {"timestamp":"2024-11-06T11:32:15.203Z"}
info: Connected to the database. {"timestamp":"2024-11-06T11:32:15.250Z"}
info: Server started at http://localhost:3000/api/v1/ {"timestamp":"2024-11-06T11:34:09.885Z"}
info: Connected to the database. {"timestamp":"2024-11-06T11:34:09.934Z"}
info: Server started at http://localhost:3000/api/v1/ {"timestamp":"2024-11-06T11:34:21.804Z"}
info: Connected to the database. {"timestamp":"2024-11-06T11:34:21.839Z"}
info: Server started at http://localhost:3000/api/v1/ {"timestamp":"2024-11-06T11:34:28.294Z"}
info: Connected to the database. {"timestamp":"2024-11-06T11:34:28.352Z"}
info: Server started at http://localhost:3000/api/v1/ {"timestamp":"2024-11-06T11:34:31.721Z"}
info: Connected to the database. {"timestamp":"2024-11-06T11:34:31.770Z"}
info: Server started at http://localhost:3000/api/v1/ {"timestamp":"2024-11-06T11:34:39.011Z"}
info: Connected to the database. {"timestamp":"2024-11-06T11:34:39.066Z"}
info: Server started at http://localhost:3000/api/v1/ {"timestamp":"2024-11-06T11:34:43.782Z"}
info: Connected to the database. {"timestamp":"2024-11-06T11:34:43.844Z"}
info: Server started at http://localhost:3000/api/v1/ {"timestamp":"2024-11-06T16:38:07.077Z"}
info: Connected to the database. {"timestamp":"2024-11-06T16:38:07.332Z"}
info: Server started at http://localhost:3000/api/v1/ {"timestamp":"2024-11-06T16:41:15.121Z"}
info: Connected to the database. {"timestamp":"2024-11-06T16:41:15.188Z"}
info: Server started at http://localhost:3000/api/v1/ {"timestamp":"2024-11-06T16:41:22.832Z"}
info: Connected to the database. {"timestamp":"2024-11-06T16:41:22.888Z"}
info: Server started at http://localhost:3000/api/v1/ {"timestamp":"2024-11-06T16:41:47.828Z"}
info: Connected to the database. {"timestamp":"2024-11-06T16:41:47.886Z"}
info: Server started at http://localhost:3000/api/v1/ {"timestamp":"2024-11-06T16:42:22.873Z"}
info: Connected to the database. {"timestamp":"2024-11-06T16:42:22.922Z"}
info: Server started at http://localhost:3000/api/v1/ {"timestamp":"2024-11-06T16:43:02.764Z"}
info: Connected to the database. {"timestamp":"2024-11-06T16:43:02.822Z"}
info: Server started at http://localhost:3000/api/v1/ {"timestamp":"2024-11-06T16:43:22.863Z"}
info: Connected to the database. {"timestamp":"2024-11-06T16:43:22.915Z"}
info: Server started at http://localhost:3000/api/v1/ {"timestamp":"2024-11-06T16:43:28.528Z"}
info: Connected to the database. {"timestamp":"2024-11-06T16:43:28.641Z"}
info: Server started at http://localhost:3000/api/v1/ {"timestamp":"2024-11-06T16:43:32.843Z"}
info: Connected to the database. {"timestamp":"2024-11-06T16:43:32.899Z"}
info: Server started at http://localhost:3000/api/v1/ {"timestamp":"2024-11-06T16:43:39.692Z"}
info: Connected to the database. {"timestamp":"2024-11-06T16:43:39.748Z"}
info: Server started at http://localhost:3000/api/v1/ {"timestamp":"2024-11-06T16:44:03.703Z"}
info: Connected to the database. {"timestamp":"2024-11-06T16:44:03.752Z"}
info: Server started at http://localhost:3000/api/v1/ {"timestamp":"2024-11-06T16:44:20.843Z"}
info: Connected to the database. {"timestamp":"2024-11-06T16:44:20.891Z"}
info: Server started at http://localhost:3000/api/v1/ {"timestamp":"2024-11-06T16:44:30.275Z"}
info: Connected to the database. {"timestamp":"2024-11-06T16:44:30.333Z"}
info: Server started at http://localhost:3000/api/v1/ {"timestamp":"2024-11-06T16:44:51.598Z"}
info: Connected to the database. {"timestamp":"2024-11-06T16:44:51.660Z"}
info: Server started at http://localhost:3000/api/v1/ {"timestamp":"2024-11-06T16:45:15.857Z"}
info: Connected to the database. {"timestamp":"2024-11-06T16:45:15.908Z"}
info: Server started at http://localhost:3000/api/v1/ {"timestamp":"2024-11-06T16:45:31.861Z"}
info: Connected to the database. {"timestamp":"2024-11-06T16:45:31.925Z"}
info: Server started at http://localhost:3000/api/v1/ {"timestamp":"2024-11-06T16:45:44.125Z"}
info: Connected to the database. {"timestamp":"2024-11-06T16:45:44.187Z"}
info: Server started at http://localhost:3000/api/v1/ {"timestamp":"2024-11-06T16:46:05.882Z"}
info: Connected to the database. {"timestamp":"2024-11-06T16:46:05.932Z"}
info: Server started at http://localhost:3000/api/v1/ {"timestamp":"2024-11-06T16:46:29.967Z"}
info: Connected to the database. {"timestamp":"2024-11-06T16:46:30.018Z"}
info: Server started at http://localhost:3000/api/v1/ {"timestamp":"2024-11-06T16:46:42.397Z"}
info: Connected to the database. {"timestamp":"2024-11-06T16:46:42.450Z"}
info: Server started at http://localhost:3000/api/v1/ {"timestamp":"2024-11-06T16:46:57.861Z"}
info: Connected to the database. {"timestamp":"2024-11-06T16:46:57.913Z"}
info: Server started at http://localhost:3000/api/v1/ {"timestamp":"2024-11-06T16:47:43.911Z"}
info: Connected to the database. {"timestamp":"2024-11-06T16:47:43.961Z"}
info: Server started at http://localhost:3000/api/v1/ {"timestamp":"2024-11-06T16:47:52.327Z"}
info: Connected to the database. {"timestamp":"2024-11-06T16:47:52.424Z"}
info: Server started at http://localhost:3000/api/v1/ {"timestamp":"2024-11-06T16:48:09.599Z"}
info: Connected to the database. {"timestamp":"2024-11-06T16:48:09.649Z"}
info: Server started at http://localhost:3000/api/v1/ {"timestamp":"2024-11-06T16:49:15.154Z"}
info: Connected to the database. {"timestamp":"2024-11-06T16:49:15.218Z"}
info: Server started at http://localhost:3000/api/v1/ {"timestamp":"2024-11-06T16:51:28.567Z"}
info: Connected to the database. {"timestamp":"2024-11-06T16:51:28.651Z"}
info: Server started at http://localhost:3000/api/v1/ {"timestamp":"2024-11-06T16:51:43.468Z"}
info: Connected to the database. {"timestamp":"2024-11-06T16:51:43.517Z"}
info: Server started at http://localhost:3000/api/v1/ {"timestamp":"2024-11-06T16:51:54.012Z"}
info: Connected to the database. {"timestamp":"2024-11-06T16:51:54.066Z"}
info: Server started at http://localhost:3000/api/v1/ {"timestamp":"2024-11-06T16:52:03.843Z"}
info: Connected to the database. {"timestamp":"2024-11-06T16:52:03.897Z"}
info: Server started at http://localhost:3000/api/v1/ {"timestamp":"2024-11-06T16:52:46.554Z"}
info: Connected to the database. {"timestamp":"2024-11-06T16:52:46.603Z"}
info: Server started at http://localhost:3000/api/v1/ {"timestamp":"2024-11-06T16:52:54.623Z"}
info: Connected to the database. {"timestamp":"2024-11-06T16:52:54.681Z"}
error: 
    status - 500 
    message - SyntaxError: Expected double-quoted property name in JSON at position 75
    at JSON.parse (<anonymous>)
    at parse (E:\Project1\FundDoNotes\node_modules\body-parser\lib\types\json.js:92:19)
    at E:\Project1\FundDoNotes\node_modules\body-parser\lib\read.js:128:18
    at AsyncResource.runInAsyncScope (node:async_hooks:206:9)
    at invokeCallback (E:\Project1\FundDoNotes\node_modules\raw-body\index.js:238:16)
    at done (E:\Project1\FundDoNotes\node_modules\raw-body\index.js:227:7)
    at IncomingMessage.onEnd (E:\Project1\FundDoNotes\node_modules\raw-body\index.js:287:7)
    at IncomingMessage.emit (node:events:519:28)
    at endReadableNT (node:internal/streams/readable:1696:12)
    at processTicksAndRejections (node:internal/process/task_queues:82:21) 
    url - /api/v1/funddonotes/usernotes/updatenote/672b3acc54c6163e740bb1cf 
    method - PUT 
    IP - ::1
   {"timestamp":"2024-11-06T16:52:59.666Z"}
info: Server started at http://localhost:3000/api/v1/ {"timestamp":"2024-11-06T16:53:20.586Z"}
info: Connected to the database. {"timestamp":"2024-11-06T16:53:20.647Z"}
info: Server started at http://localhost:3000/api/v1/ {"timestamp":"2024-11-06T16:53:50.851Z"}
info: Connected to the database. {"timestamp":"2024-11-06T16:53:50.938Z"}
info: Server started at http://localhost:3000/api/v1/ {"timestamp":"2024-11-06T16:57:34.032Z"}
info: Connected to the database. {"timestamp":"2024-11-06T16:57:34.055Z"}
info: Server started at http://localhost:3000/api/v1/ {"timestamp":"2024-11-06T16:57:37.021Z"}
info: Connected to the database. {"timestamp":"2024-11-06T16:57:37.108Z"}
info: Server started at http://localhost:3000/api/v1/ {"timestamp":"2024-11-06T16:57:40.215Z"}
info: Connected to the database. {"timestamp":"2024-11-06T16:57:40.276Z"}
info: Server started at http://localhost:3000/api/v1/ {"timestamp":"2024-11-06T17:01:27.024Z"}
info: Connected to the database. {"timestamp":"2024-11-06T17:01:27.076Z"}
info: Server started at http://localhost:3000/api/v1/ {"timestamp":"2024-11-06T17:01:34.899Z"}
info: Connected to the database. {"timestamp":"2024-11-06T17:01:34.928Z"}
info: Server started at http://localhost:3000/api/v1/ {"timestamp":"2024-11-06T17:01:51.365Z"}
info: Connected to the database. {"timestamp":"2024-11-06T17:01:51.417Z"}
info: Server started at http://localhost:3000/api/v1/ {"timestamp":"2024-11-06T17:01:56.861Z"}
info: Connected to the database. {"timestamp":"2024-11-06T17:01:56.910Z"}
info: Server started at http://localhost:3000/api/v1/ {"timestamp":"2024-11-06T17:03:10.613Z"}
info: Connected to the database. {"timestamp":"2024-11-06T17:03:10.665Z"}
info: Server started at http://localhost:3000/api/v1/ {"timestamp":"2024-11-06T17:03:19.435Z"}
info: Connected to the database. {"timestamp":"2024-11-06T17:03:19.502Z"}
info: Server started at http://localhost:3000/api/v1/ {"timestamp":"2024-11-06T17:07:31.683Z"}
info: Connected to the database. {"timestamp":"2024-11-06T17:07:31.730Z"}
info: Server started at http://localhost:3000/api/v1/ {"timestamp":"2024-11-06T17:09:26.783Z"}
info: Connected to the database. {"timestamp":"2024-11-06T17:09:26.815Z"}
info: Server started at http://localhost:3000/api/v1/ {"timestamp":"2024-11-06T17:09:30.781Z"}
info: Connected to the database. {"timestamp":"2024-11-06T17:09:30.840Z"}
info: Server started at http://localhost:3000/api/v1/ {"timestamp":"2024-11-06T17:10:36.445Z"}
info: Connected to the database. {"timestamp":"2024-11-06T17:10:36.495Z"}
info: Server started at http://localhost:3000/api/v1/ {"timestamp":"2024-11-06T17:10:49.416Z"}
info: Connected to the database. {"timestamp":"2024-11-06T17:10:49.445Z"}
info: Server started at http://localhost:3000/api/v1/ {"timestamp":"2024-11-06T17:10:54.752Z"}
info: Connected to the database. {"timestamp":"2024-11-06T17:10:54.776Z"}
info: Server started at http://localhost:3000/api/v1/ {"timestamp":"2024-11-06T17:11:19.130Z"}
info: Connected to the database. {"timestamp":"2024-11-06T17:11:19.229Z"}
info: Server started at http://localhost:3000/api/v1/ {"timestamp":"2024-11-06T17:37:25.848Z"}
info: Connected to the database. {"timestamp":"2024-11-06T17:37:25.899Z"}
info: Server started at http://localhost:3000/api/v1/ {"timestamp":"2024-11-06T17:38:48.056Z"}
info: Connected to the database. {"timestamp":"2024-11-06T17:38:48.215Z"}
info: Server started at http://localhost:3000/api/v1/ {"timestamp":"2024-11-06T17:39:13.771Z"}
info: Connected to the database. {"timestamp":"2024-11-06T17:39:13.839Z"}
info: Server started at http://localhost:3000/api/v1/ {"timestamp":"2024-11-06T17:45:31.340Z"}
info: Connected to the database. {"timestamp":"2024-11-06T17:45:31.390Z"}
info: Server started at http://localhost:3000/api/v1/ {"timestamp":"2024-11-06T17:46:58.909Z"}
info: Connected to the database. {"timestamp":"2024-11-06T17:46:58.989Z"}
info: Server started at http://localhost:3000/api/v1/ {"timestamp":"2024-11-06T17:47:06.680Z"}
info: Connected to the database. {"timestamp":"2024-11-06T17:47:06.738Z"}
