info: Server started at http://localhost:3000/api/v1/ {"timestamp":"2024-10-20T18:33:49.775Z"}
info: Connected to the database. {"timestamp":"2024-10-20T18:33:49.816Z"}
info: Server started at http://localhost:3000/api/v1/ {"timestamp":"2024-10-20T18:33:56.721Z"}
info: Connected to the database. {"timestamp":"2024-10-20T18:33:56.750Z"}
info: Server started at http://localhost:3000/api/v1/ {"timestamp":"2024-10-20T18:34:30.682Z"}
info: Connected to the database. {"timestamp":"2024-10-20T18:34:30.714Z"}
info: Server started at http://localhost:3000/api/v1/ {"timestamp":"2024-10-20T18:34:40.945Z"}
info: Connected to the database. {"timestamp":"2024-10-20T18:34:40.987Z"}
error: 
    status - 500 
    message - TypeError: Cannot read properties of undefined (reading 'message')
    at UserValidator.createdBy (E:\Project1\FundDoNotes\src\validators\user.validator.ts:92:19)
    at Layer.handle [as handle_request] (E:\Project1\FundDoNotes\node_modules\express\lib\router\layer.js:95:5)
    at next (E:\Project1\FundDoNotes\node_modules\express\lib\router\route.js:149:13)
    at E:\Project1\FundDoNotes\src\middlewares\auth.middleware.ts:30:5
    at Generator.next (<anonymous>)
    at fulfilled (E:\Project1\FundDoNotes\src\middlewares\auth.middleware.ts:5:58)
    at processTicksAndRejections (node:internal/process/task_queues:95:5) 
    url - /api/v1/funddonotes/users/updatenote 
    method - POST 
    IP - ::1
   {"timestamp":"2024-10-20T18:34:44.322Z"}
info: Server started at http://localhost:3000/api/v1/ {"timestamp":"2024-10-20T18:35:15.023Z"}
info: Connected to the database. {"timestamp":"2024-10-20T18:35:15.057Z"}
info: Server started at http://localhost:3000/api/v1/ {"timestamp":"2024-10-20T18:35:48.768Z"}
info: Connected to the database. {"timestamp":"2024-10-20T18:35:48.804Z"}
info: Server started at http://localhost:3000/api/v1/ {"timestamp":"2024-10-20T18:35:54.547Z"}
info: Connected to the database. {"timestamp":"2024-10-20T18:35:54.572Z"}
info: Server started at http://localhost:3000/api/v1/ {"timestamp":"2024-10-20T18:35:58.551Z"}
info: Connected to the database. {"timestamp":"2024-10-20T18:35:58.586Z"}
info: Server started at http://localhost:3000/api/v1/ {"timestamp":"2024-10-20T18:36:02.322Z"}
info: Connected to the database. {"timestamp":"2024-10-20T18:36:02.350Z"}
info: Server started at http://localhost:3000/api/v1/ {"timestamp":"2024-10-20T18:36:07.129Z"}
info: Connected to the database. {"timestamp":"2024-10-20T18:36:07.155Z"}
info: Server started at http://localhost:3000/api/v1/ {"timestamp":"2024-10-20T18:37:05.202Z"}
info: Connected to the database. {"timestamp":"2024-10-20T18:37:05.242Z"}
info: Server started at http://localhost:3000/api/v1/ {"timestamp":"2024-10-20T18:37:24.579Z"}
info: Connected to the database. {"timestamp":"2024-10-20T18:37:24.612Z"}
info: Server started at http://localhost:3000/api/v1/ {"timestamp":"2024-10-20T18:48:17.157Z"}
info: Connected to the database. {"timestamp":"2024-10-20T18:48:17.210Z"}
info: Server started at http://localhost:3000/api/v1/ {"timestamp":"2024-10-20T18:48:41.812Z"}
info: Connected to the database. {"timestamp":"2024-10-20T18:48:41.864Z"}
info: Server started at http://localhost:3000/api/v1/ {"timestamp":"2024-10-20T18:48:57.692Z"}
info: Connected to the database. {"timestamp":"2024-10-20T18:48:57.759Z"}
info: Server started at http://localhost:3000/api/v1/ {"timestamp":"2024-10-20T18:59:32.450Z"}
info: Connected to the database. {"timestamp":"2024-10-20T18:59:32.482Z"}
info: Server started at http://localhost:3000/api/v1/ {"timestamp":"2024-10-20T19:00:20.778Z"}
info: Connected to the database. {"timestamp":"2024-10-20T19:00:20.829Z"}
info: Server started at http://localhost:3000/api/v1/ {"timestamp":"2024-10-20T19:00:28.397Z"}
info: Connected to the database. {"timestamp":"2024-10-20T19:00:28.430Z"}
info: Server started at http://localhost:3000/api/v1/ {"timestamp":"2024-10-20T19:00:33.003Z"}
info: Connected to the database. {"timestamp":"2024-10-20T19:00:33.033Z"}
info: Server started at http://localhost:3000/api/v1/ {"timestamp":"2024-10-20T19:00:35.311Z"}
info: Connected to the database. {"timestamp":"2024-10-20T19:00:35.338Z"}
info: Server started at http://localhost:3000/api/v1/ {"timestamp":"2024-10-20T19:00:37.978Z"}
info: Connected to the database. {"timestamp":"2024-10-20T19:00:38.061Z"}
info: Server started at http://localhost:3000/api/v1/ {"timestamp":"2024-10-20T19:00:42.531Z"}
info: Connected to the database. {"timestamp":"2024-10-20T19:00:42.559Z"}
info: Server started at http://localhost:3000/api/v1/ {"timestamp":"2024-10-20T19:00:47.790Z"}
info: Connected to the database. {"timestamp":"2024-10-20T19:00:47.816Z"}
info: Server started at http://localhost:3000/api/v1/ {"timestamp":"2024-10-20T19:04:18.661Z"}
info: Connected to the database. {"timestamp":"2024-10-20T19:04:18.719Z"}
info: Server started at http://localhost:3000/api/v1/ {"timestamp":"2024-10-20T19:04:24.827Z"}
info: Connected to the database. {"timestamp":"2024-10-20T19:04:24.854Z"}
info: Server started at http://localhost:3000/api/v1/ {"timestamp":"2024-10-20T19:04:29.501Z"}
info: Connected to the database. {"timestamp":"2024-10-20T19:04:29.537Z"}
info: Server started at http://localhost:3000/api/v1/ {"timestamp":"2024-10-20T19:04:37.949Z"}
info: Connected to the database. {"timestamp":"2024-10-20T19:04:37.982Z"}
info: Server started at http://localhost:3000/api/v1/ {"timestamp":"2024-10-20T19:04:42.378Z"}
info: Connected to the database. {"timestamp":"2024-10-20T19:04:42.407Z"}
info: Server started at http://localhost:3000/api/v1/ {"timestamp":"2024-10-20T19:04:44.038Z"}
info: Connected to the database. {"timestamp":"2024-10-20T19:04:44.064Z"}
info: Server started at http://localhost:3000/api/v1/ {"timestamp":"2024-10-20T19:04:51.648Z"}
info: Connected to the database. {"timestamp":"2024-10-20T19:04:51.712Z"}
info: Server started at http://localhost:3000/api/v1/ {"timestamp":"2024-10-20T19:05:37.383Z"}
info: Connected to the database. {"timestamp":"2024-10-20T19:05:37.410Z"}
info: Server started at http://localhost:3000/api/v1/ {"timestamp":"2024-10-20T19:07:42.270Z"}
info: Connected to the database. {"timestamp":"2024-10-20T19:07:42.296Z"}
info: Server started at http://localhost:3000/api/v1/ {"timestamp":"2024-10-20T19:07:47.968Z"}
info: Connected to the database. {"timestamp":"2024-10-20T19:07:48.004Z"}
info: Server started at http://localhost:3000/api/v1/ {"timestamp":"2024-10-20T19:07:50.007Z"}
info: Connected to the database. {"timestamp":"2024-10-20T19:07:50.037Z"}
info: Server started at http://localhost:3000/api/v1/ {"timestamp":"2024-10-20T19:07:59.537Z"}
info: Connected to the database. {"timestamp":"2024-10-20T19:07:59.564Z"}
info: Server started at http://localhost:3000/api/v1/ {"timestamp":"2024-10-20T19:08:05.331Z"}
info: Connected to the database. {"timestamp":"2024-10-20T19:08:05.367Z"}
info: Server started at http://localhost:3000/api/v1/ {"timestamp":"2024-10-20T19:08:17.750Z"}
info: Connected to the database. {"timestamp":"2024-10-20T19:08:17.779Z"}
info: Server started at http://localhost:3000/api/v1/ {"timestamp":"2024-10-20T19:08:21.116Z"}
info: Connected to the database. {"timestamp":"2024-10-20T19:08:21.143Z"}
info: Server started at http://localhost:3000/api/v1/ {"timestamp":"2024-10-20T19:08:28.648Z"}
info: Connected to the database. {"timestamp":"2024-10-20T19:08:28.674Z"}
info: Server started at http://localhost:3000/api/v1/ {"timestamp":"2024-10-20T19:08:40.315Z"}
info: Connected to the database. {"timestamp":"2024-10-20T19:08:40.341Z"}
info: Server started at http://localhost:3000/api/v1/ {"timestamp":"2024-10-20T19:11:52.654Z"}
info: Connected to the database. {"timestamp":"2024-10-20T19:11:52.680Z"}
info: Server started at http://localhost:3000/api/v1/ {"timestamp":"2024-10-20T19:12:13.032Z"}
info: Connected to the database. {"timestamp":"2024-10-20T19:12:13.070Z"}
info: Server started at http://localhost:3000/api/v1/ {"timestamp":"2024-10-20T19:12:15.625Z"}
info: Connected to the database. {"timestamp":"2024-10-20T19:12:15.652Z"}
info: Server started at http://localhost:3000/api/v1/ {"timestamp":"2024-10-20T19:12:20.122Z"}
info: Connected to the database. {"timestamp":"2024-10-20T19:12:20.178Z"}
info: Server started at http://localhost:3000/api/v1/ {"timestamp":"2024-10-20T19:12:25.089Z"}
info: Connected to the database. {"timestamp":"2024-10-20T19:12:25.116Z"}
info: Server started at http://localhost:3000/api/v1/ {"timestamp":"2024-10-20T19:12:30.759Z"}
info: Connected to the database. {"timestamp":"2024-10-20T19:12:30.786Z"}
info: Server started at http://localhost:3000/api/v1/ {"timestamp":"2024-10-20T19:12:37.170Z"}
info: Connected to the database. {"timestamp":"2024-10-20T19:12:37.194Z"}
info: Server started at http://localhost:3000/api/v1/ {"timestamp":"2024-10-20T19:12:43.425Z"}
info: Connected to the database. {"timestamp":"2024-10-20T19:12:43.453Z"}
info: Server started at http://localhost:3000/api/v1/ {"timestamp":"2024-10-20T19:12:45.184Z"}
info: Connected to the database. {"timestamp":"2024-10-20T19:12:45.212Z"}
info: Server started at http://localhost:3000/api/v1/ {"timestamp":"2024-10-20T19:12:47.780Z"}
info: Connected to the database. {"timestamp":"2024-10-20T19:12:47.816Z"}
info: Server started at http://localhost:3000/api/v1/ {"timestamp":"2024-10-20T19:12:48.981Z"}
info: Connected to the database. {"timestamp":"2024-10-20T19:12:49.009Z"}
info: Server started at http://localhost:3000/api/v1/ {"timestamp":"2024-10-20T19:12:55.274Z"}
info: Connected to the database. {"timestamp":"2024-10-20T19:12:55.313Z"}
info: Server started at http://localhost:3000/api/v1/ {"timestamp":"2024-10-20T19:14:49.012Z"}
info: Connected to the database. {"timestamp":"2024-10-20T19:14:49.043Z"}
info: Server started at http://localhost:3000/api/v1/ {"timestamp":"2024-10-20T19:14:59.471Z"}
info: Connected to the database. {"timestamp":"2024-10-20T19:14:59.498Z"}
info: Server started at http://localhost:3000/api/v1/ {"timestamp":"2024-10-20T19:15:04.322Z"}
info: Connected to the database. {"timestamp":"2024-10-20T19:15:04.360Z"}
info: Server started at http://localhost:3000/api/v1/ {"timestamp":"2024-10-20T19:15:06.065Z"}
info: Connected to the database. {"timestamp":"2024-10-20T19:15:06.092Z"}
info: Server started at http://localhost:3000/api/v1/ {"timestamp":"2024-10-20T19:15:12.034Z"}
info: Connected to the database. {"timestamp":"2024-10-20T19:15:12.078Z"}
info: Server started at http://localhost:3000/api/v1/ {"timestamp":"2024-10-20T19:15:13.662Z"}
info: Connected to the database. {"timestamp":"2024-10-20T19:15:13.689Z"}
info: Server started at http://localhost:3000/api/v1/ {"timestamp":"2024-10-20T19:15:24.402Z"}
info: Connected to the database. {"timestamp":"2024-10-20T19:15:24.448Z"}
info: Server started at http://localhost:3000/api/v1/ {"timestamp":"2024-10-20T19:15:28.064Z"}
info: Connected to the database. {"timestamp":"2024-10-20T19:15:28.095Z"}
info: Server started at http://localhost:3000/api/v1/ {"timestamp":"2024-10-20T19:15:30.015Z"}
info: Connected to the database. {"timestamp":"2024-10-20T19:15:30.070Z"}
info: Server started at http://localhost:3000/api/v1/ {"timestamp":"2024-10-20T19:15:32.020Z"}
info: Connected to the database. {"timestamp":"2024-10-20T19:15:32.049Z"}
info: Server started at http://localhost:3000/api/v1/ {"timestamp":"2024-10-20T19:15:35.429Z"}
info: Connected to the database. {"timestamp":"2024-10-20T19:15:35.459Z"}
info: Server started at http://localhost:3000/api/v1/ {"timestamp":"2024-10-20T19:15:39.720Z"}
info: Connected to the database. {"timestamp":"2024-10-20T19:15:39.746Z"}
info: Server started at http://localhost:3000/api/v1/ {"timestamp":"2024-10-20T19:15:44.545Z"}
info: Connected to the database. {"timestamp":"2024-10-20T19:15:44.578Z"}
info: Server started at http://localhost:3000/api/v1/ {"timestamp":"2024-10-20T19:15:47.267Z"}
info: Connected to the database. {"timestamp":"2024-10-20T19:15:47.297Z"}
info: Server started at http://localhost:3000/api/v1/ {"timestamp":"2024-10-20T19:15:49.550Z"}
info: Connected to the database. {"timestamp":"2024-10-20T19:15:49.578Z"}
info: Server started at http://localhost:3000/api/v1/ {"timestamp":"2024-10-20T19:15:54.322Z"}
info: Connected to the database. {"timestamp":"2024-10-20T19:15:54.351Z"}
info: Server started at http://localhost:3000/api/v1/ {"timestamp":"2024-10-20T19:15:58.237Z"}
info: Connected to the database. {"timestamp":"2024-10-20T19:15:58.296Z"}
info: Server started at http://localhost:3000/api/v1/ {"timestamp":"2024-10-20T19:16:01.395Z"}
info: Connected to the database. {"timestamp":"2024-10-20T19:16:01.427Z"}
info: Server started at http://localhost:3000/api/v1/ {"timestamp":"2024-10-20T19:16:10.323Z"}
info: Connected to the database. {"timestamp":"2024-10-20T19:16:10.349Z"}
info: Server started at http://localhost:3000/api/v1/ {"timestamp":"2024-10-20T19:16:42.754Z"}
info: Connected to the database. {"timestamp":"2024-10-20T19:16:42.803Z"}
info: Server started at http://localhost:3000/api/v1/ {"timestamp":"2024-10-20T19:16:50.032Z"}
info: Connected to the database. {"timestamp":"2024-10-20T19:16:50.064Z"}
info: Server started at http://localhost:3000/api/v1/ {"timestamp":"2024-10-20T19:17:24.716Z"}
info: Connected to the database. {"timestamp":"2024-10-20T19:17:24.743Z"}
info: Server started at http://localhost:3000/api/v1/ {"timestamp":"2024-10-20T19:17:29.095Z"}
info: Connected to the database. {"timestamp":"2024-10-20T19:17:29.122Z"}
info: Server started at http://localhost:3000/api/v1/ {"timestamp":"2024-10-20T19:17:33.487Z"}
info: Connected to the database. {"timestamp":"2024-10-20T19:17:33.572Z"}
info: Server started at http://localhost:3000/api/v1/ {"timestamp":"2024-10-20T19:17:35.408Z"}
info: Connected to the database. {"timestamp":"2024-10-20T19:17:35.436Z"}
info: Server started at http://localhost:3000/api/v1/ {"timestamp":"2024-10-20T19:17:39.235Z"}
info: Connected to the database. {"timestamp":"2024-10-20T19:17:39.261Z"}
info: Server started at http://localhost:3000/api/v1/ {"timestamp":"2024-10-20T19:17:59.400Z"}
info: Connected to the database. {"timestamp":"2024-10-20T19:17:59.441Z"}
info: Server started at http://localhost:3000/api/v1/ {"timestamp":"2024-10-20T19:18:01.128Z"}
info: Connected to the database. {"timestamp":"2024-10-20T19:18:01.176Z"}
info: Server started at http://localhost:3000/api/v1/ {"timestamp":"2024-10-20T19:18:05.308Z"}
info: Connected to the database. {"timestamp":"2024-10-20T19:18:05.337Z"}
info: Server started at http://localhost:3000/api/v1/ {"timestamp":"2024-10-20T19:18:09.178Z"}
info: Connected to the database. {"timestamp":"2024-10-20T19:18:09.209Z"}
info: Server started at http://localhost:3000/api/v1/ {"timestamp":"2024-10-20T19:21:47.620Z"}
info: Connected to the database. {"timestamp":"2024-10-20T19:21:47.651Z"}
info: Server started at http://localhost:3000/api/v1/ {"timestamp":"2024-10-20T19:22:15.626Z"}
info: Connected to the database. {"timestamp":"2024-10-20T19:22:15.653Z"}
info: Server started at http://localhost:3000/api/v1/ {"timestamp":"2024-10-20T19:23:08.255Z"}
info: Connected to the database. {"timestamp":"2024-10-20T19:23:08.282Z"}
info: Server started at http://localhost:3000/api/v1/ {"timestamp":"2024-10-20T19:23:52.634Z"}
info: Connected to the database. {"timestamp":"2024-10-20T19:23:52.667Z"}
info: Server started at http://localhost:3000/api/v1/ {"timestamp":"2024-10-20T19:23:55.304Z"}
info: Connected to the database. {"timestamp":"2024-10-20T19:23:55.371Z"}
info: Server started at http://localhost:3000/api/v1/ {"timestamp":"2024-10-20T19:24:02.578Z"}
info: Connected to the database. {"timestamp":"2024-10-20T19:24:02.631Z"}
info: Server started at http://localhost:3000/api/v1/ {"timestamp":"2024-10-20T19:24:05.986Z"}
info: Connected to the database. {"timestamp":"2024-10-20T19:24:06.023Z"}
info: Server started at http://localhost:3000/api/v1/ {"timestamp":"2024-10-20T19:25:53.790Z"}
info: Connected to the database. {"timestamp":"2024-10-20T19:25:53.883Z"}
info: Server started at http://localhost:3000/api/v1/ {"timestamp":"2024-10-20T19:26:05.521Z"}
info: Connected to the database. {"timestamp":"2024-10-20T19:26:05.549Z"}
info: Server started at http://localhost:3000/api/v1/ {"timestamp":"2024-10-20T19:26:14.566Z"}
info: Connected to the database. {"timestamp":"2024-10-20T19:26:14.591Z"}
info: Server started at http://localhost:3000/api/v1/ {"timestamp":"2024-10-20T19:26:19.575Z"}
info: Connected to the database. {"timestamp":"2024-10-20T19:26:19.608Z"}
info: Server started at http://localhost:3000/api/v1/ {"timestamp":"2024-10-20T19:26:24.679Z"}
info: Connected to the database. {"timestamp":"2024-10-20T19:26:24.711Z"}
info: Server started at http://localhost:3000/api/v1/ {"timestamp":"2024-10-20T19:27:00.708Z"}
info: Connected to the database. {"timestamp":"2024-10-20T19:27:00.737Z"}
info: Server started at http://localhost:3000/api/v1/ {"timestamp":"2024-10-20T19:27:22.337Z"}
info: Connected to the database. {"timestamp":"2024-10-20T19:27:22.391Z"}
info: Server started at http://localhost:3000/api/v1/ {"timestamp":"2024-10-20T19:27:44.924Z"}
info: Connected to the database. {"timestamp":"2024-10-20T19:27:44.990Z"}
info: Server started at http://localhost:3000/api/v1/ {"timestamp":"2024-10-20T19:27:49.673Z"}
info: Connected to the database. {"timestamp":"2024-10-20T19:27:49.725Z"}
info: Server started at http://localhost:3000/api/v1/ {"timestamp":"2024-10-20T19:27:53.423Z"}
info: Connected to the database. {"timestamp":"2024-10-20T19:27:53.451Z"}
info: Server started at http://localhost:3000/api/v1/ {"timestamp":"2024-10-20T19:27:56.296Z"}
info: Connected to the database. {"timestamp":"2024-10-20T19:27:56.336Z"}
info: Server started at http://localhost:3000/api/v1/ {"timestamp":"2024-10-20T19:27:58.246Z"}
info: Connected to the database. {"timestamp":"2024-10-20T19:27:58.337Z"}
info: Server started at http://localhost:3000/api/v1/ {"timestamp":"2024-10-20T19:28:08.029Z"}
info: Connected to the database. {"timestamp":"2024-10-20T19:28:08.056Z"}
info: Server started at http://localhost:3000/api/v1/ {"timestamp":"2024-10-20T19:28:20.448Z"}
info: Connected to the database. {"timestamp":"2024-10-20T19:28:20.482Z"}
info: Server started at http://localhost:3000/api/v1/ {"timestamp":"2024-10-20T19:28:56.979Z"}
info: Connected to the database. {"timestamp":"2024-10-20T19:28:57.011Z"}
info: Server started at http://localhost:3000/api/v1/ {"timestamp":"2024-10-20T19:29:14.629Z"}
info: Connected to the database. {"timestamp":"2024-10-20T19:29:14.657Z"}
info: Server started at http://localhost:3000/api/v1/ {"timestamp":"2024-10-20T19:29:35.934Z"}
info: Connected to the database. {"timestamp":"2024-10-20T19:29:35.961Z"}
info: Server started at http://localhost:3000/api/v1/ {"timestamp":"2024-10-20T19:29:44.100Z"}
info: Connected to the database. {"timestamp":"2024-10-20T19:29:44.133Z"}
info: Server started at http://localhost:3000/api/v1/ {"timestamp":"2024-10-20T19:30:13.420Z"}
info: Connected to the database. {"timestamp":"2024-10-20T19:30:13.451Z"}
info: Server started at http://localhost:3000/api/v1/ {"timestamp":"2024-10-20T19:30:16.581Z"}
info: Connected to the database. {"timestamp":"2024-10-20T19:30:16.618Z"}
info: Server started at http://localhost:3000/api/v1/ {"timestamp":"2024-10-20T19:30:20.973Z"}
info: Connected to the database. {"timestamp":"2024-10-20T19:30:21.000Z"}
info: Server started at http://localhost:3000/api/v1/ {"timestamp":"2024-10-20T19:30:23.764Z"}
info: Connected to the database. {"timestamp":"2024-10-20T19:30:23.793Z"}
info: Server started at http://localhost:3000/api/v1/ {"timestamp":"2024-10-20T19:32:00.111Z"}
info: Connected to the database. {"timestamp":"2024-10-20T19:32:00.148Z"}
info: Server started at http://localhost:3000/api/v1/ {"timestamp":"2024-10-20T19:32:05.934Z"}
info: Connected to the database. {"timestamp":"2024-10-20T19:32:05.962Z"}
info: Server started at http://localhost:3000/api/v1/ {"timestamp":"2024-10-20T19:32:20.102Z"}
info: Connected to the database. {"timestamp":"2024-10-20T19:32:20.130Z"}
info: Server started at http://localhost:3000/api/v1/ {"timestamp":"2024-10-20T19:32:54.574Z"}
info: Connected to the database. {"timestamp":"2024-10-20T19:32:54.624Z"}
info: Server started at http://localhost:3000/api/v1/ {"timestamp":"2024-10-20T19:32:55.915Z"}
info: Connected to the database. {"timestamp":"2024-10-20T19:32:55.948Z"}
info: Server started at http://localhost:3000/api/v1/ {"timestamp":"2024-10-20T19:32:57.869Z"}
info: Connected to the database. {"timestamp":"2024-10-20T19:32:57.898Z"}
info: Server started at http://localhost:3000/api/v1/ {"timestamp":"2024-10-20T19:33:02.560Z"}
info: Connected to the database. {"timestamp":"2024-10-20T19:33:02.586Z"}
info: Server started at http://localhost:3000/api/v1/ {"timestamp":"2024-10-20T19:33:06.596Z"}
info: Connected to the database. {"timestamp":"2024-10-20T19:33:06.637Z"}
info: Server started at http://localhost:3000/api/v1/ {"timestamp":"2024-10-20T19:33:11.376Z"}
info: Connected to the database. {"timestamp":"2024-10-20T19:33:11.461Z"}
info: Server started at http://localhost:3000/api/v1/ {"timestamp":"2024-10-20T19:33:14.145Z"}
info: Connected to the database. {"timestamp":"2024-10-20T19:33:14.178Z"}
info: Server started at http://localhost:3000/api/v1/ {"timestamp":"2024-10-20T19:33:16.525Z"}
info: Connected to the database. {"timestamp":"2024-10-20T19:33:16.552Z"}
info: Server started at http://localhost:3000/api/v1/ {"timestamp":"2024-10-20T19:33:20.634Z"}
info: Connected to the database. {"timestamp":"2024-10-20T19:33:20.665Z"}
info: Server started at http://localhost:3000/api/v1/ {"timestamp":"2024-10-20T19:33:23.503Z"}
info: Connected to the database. {"timestamp":"2024-10-20T19:33:23.529Z"}
info: Server started at http://localhost:3000/api/v1/ {"timestamp":"2024-10-20T19:33:52.818Z"}
info: Connected to the database. {"timestamp":"2024-10-20T19:33:52.849Z"}
info: Server started at http://localhost:3000/api/v1/ {"timestamp":"2024-10-20T19:33:55.439Z"}
info: Connected to the database. {"timestamp":"2024-10-20T19:33:55.472Z"}
info: Server started at http://localhost:3000/api/v1/ {"timestamp":"2024-10-20T19:33:57.014Z"}
info: Connected to the database. {"timestamp":"2024-10-20T19:33:57.039Z"}
info: Server started at http://localhost:3000/api/v1/ {"timestamp":"2024-10-20T19:35:42.256Z"}
info: Connected to the database. {"timestamp":"2024-10-20T19:35:42.288Z"}
info: Server started at http://localhost:3000/api/v1/ {"timestamp":"2024-10-20T19:36:23.252Z"}
info: Connected to the database. {"timestamp":"2024-10-20T19:36:23.293Z"}
info: Server started at http://localhost:3000/api/v1/ {"timestamp":"2024-10-20T19:36:28.393Z"}
info: Connected to the database. {"timestamp":"2024-10-20T19:36:28.438Z"}
info: Server started at http://localhost:3000/api/v1/ {"timestamp":"2024-10-20T19:37:52.220Z"}
info: Connected to the database. {"timestamp":"2024-10-20T19:37:52.257Z"}
info: Server started at http://localhost:3000/api/v1/ {"timestamp":"2024-10-20T19:38:50.067Z"}
info: Connected to the database. {"timestamp":"2024-10-20T19:38:50.092Z"}
info: Server started at http://localhost:3000/api/v1/ {"timestamp":"2024-10-20T19:39:03.683Z"}
info: Connected to the database. {"timestamp":"2024-10-20T19:39:03.718Z"}
info: Server started at http://localhost:3000/api/v1/ {"timestamp":"2024-10-20T19:39:19.922Z"}
info: Connected to the database. {"timestamp":"2024-10-20T19:39:19.956Z"}
info: Server started at http://localhost:3000/api/v1/ {"timestamp":"2024-10-20T19:39:22.744Z"}
info: Connected to the database. {"timestamp":"2024-10-20T19:39:22.776Z"}
info: Server started at http://localhost:3000/api/v1/ {"timestamp":"2024-10-20T19:39:24.404Z"}
info: Connected to the database. {"timestamp":"2024-10-20T19:39:24.429Z"}
info: Server started at http://localhost:3000/api/v1/ {"timestamp":"2024-10-20T19:39:27.428Z"}
info: Connected to the database. {"timestamp":"2024-10-20T19:39:27.454Z"}
info: Server started at http://localhost:3000/api/v1/ {"timestamp":"2024-10-20T19:39:30.786Z"}
info: Connected to the database. {"timestamp":"2024-10-20T19:39:30.813Z"}
info: Server started at http://localhost:3000/api/v1/ {"timestamp":"2024-10-20T19:39:34.885Z"}
info: Connected to the database. {"timestamp":"2024-10-20T19:39:34.912Z"}
info: Server started at http://localhost:3000/api/v1/ {"timestamp":"2024-10-20T19:40:17.450Z"}
info: Connected to the database. {"timestamp":"2024-10-20T19:40:17.475Z"}
info: Server started at http://localhost:3000/api/v1/ {"timestamp":"2024-10-20T19:40:27.147Z"}
info: Connected to the database. {"timestamp":"2024-10-20T19:40:27.194Z"}
info: Server started at http://localhost:3000/api/v1/ {"timestamp":"2024-10-20T19:40:29.066Z"}
info: Connected to the database. {"timestamp":"2024-10-20T19:40:29.092Z"}
info: Server started at http://localhost:3000/api/v1/ {"timestamp":"2024-10-20T19:40:50.961Z"}
info: Connected to the database. {"timestamp":"2024-10-20T19:40:50.988Z"}
info: Server started at http://localhost:3000/api/v1/ {"timestamp":"2024-10-20T19:41:06.117Z"}
info: Connected to the database. {"timestamp":"2024-10-20T19:41:06.146Z"}
info: Server started at http://localhost:3000/api/v1/ {"timestamp":"2024-10-20T19:41:08.631Z"}
info: Connected to the database. {"timestamp":"2024-10-20T19:41:08.656Z"}
info: Server started at http://localhost:3000/api/v1/ {"timestamp":"2024-10-20T19:41:17.210Z"}
info: Connected to the database. {"timestamp":"2024-10-20T19:41:17.253Z"}
info: Server started at http://localhost:3000/api/v1/ {"timestamp":"2024-10-20T19:41:18.823Z"}
info: Connected to the database. {"timestamp":"2024-10-20T19:41:18.850Z"}
info: Server started at http://localhost:3000/api/v1/ {"timestamp":"2024-10-20T19:41:22.691Z"}
info: Connected to the database. {"timestamp":"2024-10-20T19:41:22.725Z"}
info: Server started at http://localhost:3000/api/v1/ {"timestamp":"2024-10-20T19:41:35.134Z"}
info: Connected to the database. {"timestamp":"2024-10-20T19:41:35.164Z"}
info: Server started at http://localhost:3000/api/v1/ {"timestamp":"2024-10-20T19:41:39.478Z"}
info: Connected to the database. {"timestamp":"2024-10-20T19:41:39.506Z"}
info: Server started at http://localhost:3000/api/v1/ {"timestamp":"2024-10-20T19:41:41.518Z"}
info: Connected to the database. {"timestamp":"2024-10-20T19:41:41.546Z"}
info: Server started at http://localhost:3000/api/v1/ {"timestamp":"2024-10-20T19:42:23.223Z"}
info: Connected to the database. {"timestamp":"2024-10-20T19:42:23.268Z"}
info: Server started at http://localhost:3000/api/v1/ {"timestamp":"2024-10-20T19:42:27.285Z"}
info: Connected to the database. {"timestamp":"2024-10-20T19:42:27.312Z"}
info: Server started at http://localhost:3000/api/v1/ {"timestamp":"2024-10-20T19:42:30.085Z"}
info: Connected to the database. {"timestamp":"2024-10-20T19:42:30.112Z"}
info: Server started at http://localhost:3000/api/v1/ {"timestamp":"2024-10-20T19:42:33.607Z"}
info: Connected to the database. {"timestamp":"2024-10-20T19:42:33.684Z"}
info: Server started at http://localhost:3000/api/v1/ {"timestamp":"2024-10-20T19:42:44.521Z"}
info: Connected to the database. {"timestamp":"2024-10-20T19:42:44.560Z"}
info: Server started at http://localhost:3000/api/v1/ {"timestamp":"2024-10-20T19:42:47.401Z"}
info: Connected to the database. {"timestamp":"2024-10-20T19:42:47.430Z"}
info: Server started at http://localhost:3000/api/v1/ {"timestamp":"2024-10-20T19:42:50.813Z"}
info: Connected to the database. {"timestamp":"2024-10-20T19:42:50.839Z"}
info: Server started at http://localhost:3000/api/v1/ {"timestamp":"2024-10-20T19:43:06.599Z"}
info: Connected to the database. {"timestamp":"2024-10-20T19:43:06.679Z"}
info: Server started at http://localhost:3000/api/v1/ {"timestamp":"2024-10-20T19:45:02.744Z"}
info: Connected to the database. {"timestamp":"2024-10-20T19:45:02.769Z"}
info: Server started at http://localhost:3000/api/v1/ {"timestamp":"2024-10-20T19:45:07.534Z"}
info: Connected to the database. {"timestamp":"2024-10-20T19:45:07.568Z"}
info: Server started at http://localhost:3000/api/v1/ {"timestamp":"2024-10-20T19:45:12.299Z"}
info: Connected to the database. {"timestamp":"2024-10-20T19:45:12.329Z"}
info: Server started at http://localhost:3000/api/v1/ {"timestamp":"2024-10-20T19:45:21.461Z"}
info: Connected to the database. {"timestamp":"2024-10-20T19:45:21.521Z"}
info: Server started at http://localhost:3000/api/v1/ {"timestamp":"2024-10-20T19:45:29.531Z"}
info: Connected to the database. {"timestamp":"2024-10-20T19:45:29.557Z"}
info: Server started at http://localhost:3000/api/v1/ {"timestamp":"2024-10-20T19:45:31.998Z"}
info: Connected to the database. {"timestamp":"2024-10-20T19:45:32.029Z"}
info: Server started at http://localhost:3000/api/v1/ {"timestamp":"2024-10-20T19:45:34.995Z"}
info: Connected to the database. {"timestamp":"2024-10-20T19:45:35.026Z"}
info: Server started at http://localhost:3000/api/v1/ {"timestamp":"2024-10-20T19:46:15.240Z"}
info: Connected to the database. {"timestamp":"2024-10-20T19:46:15.273Z"}
info: Server started at http://localhost:3000/api/v1/ {"timestamp":"2024-10-20T19:46:20.265Z"}
info: Connected to the database. {"timestamp":"2024-10-20T19:46:20.295Z"}
info: Server started at http://localhost:3000/api/v1/ {"timestamp":"2024-10-20T19:46:34.466Z"}
info: Connected to the database. {"timestamp":"2024-10-20T19:46:34.512Z"}
info: Server started at http://localhost:3000/api/v1/ {"timestamp":"2024-10-20T19:46:35.928Z"}
info: Connected to the database. {"timestamp":"2024-10-20T19:46:35.952Z"}
info: Server started at http://localhost:3000/api/v1/ {"timestamp":"2024-10-20T19:46:42.008Z"}
info: Connected to the database. {"timestamp":"2024-10-20T19:46:42.036Z"}
info: Server started at http://localhost:3000/api/v1/ {"timestamp":"2024-10-20T19:46:46.634Z"}
info: Connected to the database. {"timestamp":"2024-10-20T19:46:46.661Z"}
info: Server started at http://localhost:3000/api/v1/ {"timestamp":"2024-10-20T19:46:50.435Z"}
info: Connected to the database. {"timestamp":"2024-10-20T19:46:50.463Z"}
info: Server started at http://localhost:3000/api/v1/ {"timestamp":"2024-10-20T19:46:53.650Z"}
info: Connected to the database. {"timestamp":"2024-10-20T19:46:53.702Z"}
info: Server started at http://localhost:3000/api/v1/ {"timestamp":"2024-10-20T19:46:57.645Z"}
info: Connected to the database. {"timestamp":"2024-10-20T19:46:57.757Z"}
info: Server started at http://localhost:3000/api/v1/ {"timestamp":"2024-10-20T19:47:02.031Z"}
info: Connected to the database. {"timestamp":"2024-10-20T19:47:02.064Z"}
info: Server started at http://localhost:3000/api/v1/ {"timestamp":"2024-10-20T19:47:06.408Z"}
info: Connected to the database. {"timestamp":"2024-10-20T19:47:06.435Z"}
info: Server started at http://localhost:3000/api/v1/ {"timestamp":"2024-10-20T19:47:09.068Z"}
info: Connected to the database. {"timestamp":"2024-10-20T19:47:09.119Z"}
info: Server started at http://localhost:3000/api/v1/ {"timestamp":"2024-10-20T19:47:15.718Z"}
info: Connected to the database. {"timestamp":"2024-10-20T19:47:15.763Z"}
info: Server started at http://localhost:3000/api/v1/ {"timestamp":"2024-10-20T19:47:27.518Z"}
info: Connected to the database. {"timestamp":"2024-10-20T19:47:27.552Z"}
info: Server started at http://localhost:3000/api/v1/ {"timestamp":"2024-10-20T19:47:35.632Z"}
info: Connected to the database. {"timestamp":"2024-10-20T19:47:35.662Z"}
info: Server started at http://localhost:3000/api/v1/ {"timestamp":"2024-10-20T19:47:37.284Z"}
info: Connected to the database. {"timestamp":"2024-10-20T19:47:37.316Z"}
info: Server started at http://localhost:3000/api/v1/ {"timestamp":"2024-10-20T19:47:45.737Z"}
info: Connected to the database. {"timestamp":"2024-10-20T19:47:45.765Z"}
info: Server started at http://localhost:3000/api/v1/ {"timestamp":"2024-10-20T19:48:04.775Z"}
info: Connected to the database. {"timestamp":"2024-10-20T19:48:04.810Z"}
info: Server started at http://localhost:3000/api/v1/ {"timestamp":"2024-10-20T19:48:06.658Z"}
info: Connected to the database. {"timestamp":"2024-10-20T19:48:06.685Z"}
info: Server started at http://localhost:3000/api/v1/ {"timestamp":"2024-10-20T19:50:02.155Z"}
info: Connected to the database. {"timestamp":"2024-10-20T19:50:02.180Z"}
info: Server started at http://localhost:3000/api/v1/ {"timestamp":"2024-10-20T19:52:00.889Z"}
info: Connected to the database. {"timestamp":"2024-10-20T19:52:00.925Z"}
info: Server started at http://localhost:3000/api/v1/ {"timestamp":"2024-10-20T19:52:03.603Z"}
info: Connected to the database. {"timestamp":"2024-10-20T19:52:03.630Z"}
info: Server started at http://localhost:3000/api/v1/ {"timestamp":"2024-10-20T19:52:08.216Z"}
info: Connected to the database. {"timestamp":"2024-10-20T19:52:08.244Z"}
info: Server started at http://localhost:3000/api/v1/ {"timestamp":"2024-10-20T19:52:11.862Z"}
info: Connected to the database. {"timestamp":"2024-10-20T19:52:11.891Z"}
info: Server started at http://localhost:3000/api/v1/ {"timestamp":"2024-10-20T19:52:14.557Z"}
info: Connected to the database. {"timestamp":"2024-10-20T19:52:14.582Z"}
info: Server started at http://localhost:3000/api/v1/ {"timestamp":"2024-10-20T19:52:21.783Z"}
info: Connected to the database. {"timestamp":"2024-10-20T19:52:21.812Z"}
info: Server started at http://localhost:3000/api/v1/ {"timestamp":"2024-10-20T19:52:24.158Z"}
info: Connected to the database. {"timestamp":"2024-10-20T19:52:24.185Z"}
info: Server started at http://localhost:3000/api/v1/ {"timestamp":"2024-10-20T19:52:29.920Z"}
info: Connected to the database. {"timestamp":"2024-10-20T19:52:29.954Z"}
info: Server started at http://localhost:3000/api/v1/ {"timestamp":"2024-10-20T19:52:32.497Z"}
info: Connected to the database. {"timestamp":"2024-10-20T19:52:32.529Z"}
info: Server started at http://localhost:3000/api/v1/ {"timestamp":"2024-10-20T19:52:43.244Z"}
info: Connected to the database. {"timestamp":"2024-10-20T19:52:43.289Z"}
info: Server started at http://localhost:3000/api/v1/ {"timestamp":"2024-10-20T19:52:49.126Z"}
info: Connected to the database. {"timestamp":"2024-10-20T19:52:49.157Z"}
info: Server started at http://localhost:3000/api/v1/ {"timestamp":"2024-10-20T19:52:51.180Z"}
info: Connected to the database. {"timestamp":"2024-10-20T19:52:51.208Z"}
info: Server started at http://localhost:3000/api/v1/ {"timestamp":"2024-10-20T19:52:55.068Z"}
info: Connected to the database. {"timestamp":"2024-10-20T19:52:55.124Z"}
info: Server started at http://localhost:3000/api/v1/ {"timestamp":"2024-10-20T19:52:58.575Z"}
info: Connected to the database. {"timestamp":"2024-10-20T19:52:58.609Z"}
info: Server started at http://localhost:3000/api/v1/ {"timestamp":"2024-10-20T19:53:00.300Z"}
info: Connected to the database. {"timestamp":"2024-10-20T19:53:00.328Z"}
info: Server started at http://localhost:3000/api/v1/ {"timestamp":"2024-10-20T19:53:05.624Z"}
info: Connected to the database. {"timestamp":"2024-10-20T19:53:05.654Z"}
info: Server started at http://localhost:3000/api/v1/ {"timestamp":"2024-10-20T19:53:12.235Z"}
info: Connected to the database. {"timestamp":"2024-10-20T19:53:12.265Z"}
info: Server started at http://localhost:3000/api/v1/ {"timestamp":"2024-10-20T19:53:22.417Z"}
info: Connected to the database. {"timestamp":"2024-10-20T19:53:22.449Z"}
info: Server started at http://localhost:3000/api/v1/ {"timestamp":"2024-10-20T19:53:29.589Z"}
info: Connected to the database. {"timestamp":"2024-10-20T19:53:29.624Z"}
info: Server started at http://localhost:3000/api/v1/ {"timestamp":"2024-10-20T19:53:35.481Z"}
info: Connected to the database. {"timestamp":"2024-10-20T19:53:35.517Z"}
info: Server started at http://localhost:3000/api/v1/ {"timestamp":"2024-10-20T19:53:37.935Z"}
info: Connected to the database. {"timestamp":"2024-10-20T19:53:37.963Z"}
info: Server started at http://localhost:3000/api/v1/ {"timestamp":"2024-10-20T19:53:42.707Z"}
info: Connected to the database. {"timestamp":"2024-10-20T19:53:42.743Z"}
info: Server started at http://localhost:3000/api/v1/ {"timestamp":"2024-10-20T19:53:52.811Z"}
info: Connected to the database. {"timestamp":"2024-10-20T19:53:52.842Z"}
info: Server started at http://localhost:3000/api/v1/ {"timestamp":"2024-10-20T19:53:58.111Z"}
info: Connected to the database. {"timestamp":"2024-10-20T19:53:58.146Z"}
info: Server started at http://localhost:3000/api/v1/ {"timestamp":"2024-10-20T19:54:05.606Z"}
info: Connected to the database. {"timestamp":"2024-10-20T19:54:05.641Z"}
info: Server started at http://localhost:3000/api/v1/ {"timestamp":"2024-10-20T19:54:07.064Z"}
info: Connected to the database. {"timestamp":"2024-10-20T19:54:07.099Z"}
info: Server started at http://localhost:3000/api/v1/ {"timestamp":"2024-10-20T19:54:13.475Z"}
info: Connected to the database. {"timestamp":"2024-10-20T19:54:13.501Z"}
info: Server started at http://localhost:3000/api/v1/ {"timestamp":"2024-10-20T19:54:24.994Z"}
info: Connected to the database. {"timestamp":"2024-10-20T19:54:25.033Z"}
info: Server started at http://localhost:3000/api/v1/ {"timestamp":"2024-10-20T19:54:30.945Z"}
info: Connected to the database. {"timestamp":"2024-10-20T19:54:30.971Z"}
info: Server started at http://localhost:3000/api/v1/ {"timestamp":"2024-10-20T19:54:33.379Z"}
info: Connected to the database. {"timestamp":"2024-10-20T19:54:33.405Z"}
info: Server started at http://localhost:3000/api/v1/ {"timestamp":"2024-10-20T19:54:38.046Z"}
info: Connected to the database. {"timestamp":"2024-10-20T19:54:38.078Z"}
info: Server started at http://localhost:3000/api/v1/ {"timestamp":"2024-10-20T19:54:39.648Z"}
info: Connected to the database. {"timestamp":"2024-10-20T19:54:39.676Z"}
info: Server started at http://localhost:3000/api/v1/ {"timestamp":"2024-10-20T19:54:42.263Z"}
info: Connected to the database. {"timestamp":"2024-10-20T19:54:42.344Z"}
info: Server started at http://localhost:3000/api/v1/ {"timestamp":"2024-10-20T19:54:45.370Z"}
info: Connected to the database. {"timestamp":"2024-10-20T19:54:45.420Z"}
info: Server started at http://localhost:3000/api/v1/ {"timestamp":"2024-10-20T19:54:49.370Z"}
info: Connected to the database. {"timestamp":"2024-10-20T19:54:49.398Z"}
info: Server started at http://localhost:3000/api/v1/ {"timestamp":"2024-10-20T19:54:54.425Z"}
info: Connected to the database. {"timestamp":"2024-10-20T19:54:54.451Z"}
info: Server started at http://localhost:3000/api/v1/ {"timestamp":"2024-10-20T19:54:59.427Z"}
info: Connected to the database. {"timestamp":"2024-10-20T19:54:59.455Z"}
info: Server started at http://localhost:3000/api/v1/ {"timestamp":"2024-10-20T19:55:01.511Z"}
info: Connected to the database. {"timestamp":"2024-10-20T19:55:01.537Z"}
info: Server started at http://localhost:3000/api/v1/ {"timestamp":"2024-10-20T19:55:09.453Z"}
info: Connected to the database. {"timestamp":"2024-10-20T19:55:09.481Z"}
info: Server started at http://localhost:3000/api/v1/ {"timestamp":"2024-10-20T19:55:12.050Z"}
info: Connected to the database. {"timestamp":"2024-10-20T19:55:12.105Z"}
info: Server started at http://localhost:3000/api/v1/ {"timestamp":"2024-10-20T19:55:14.213Z"}
info: Connected to the database. {"timestamp":"2024-10-20T19:55:14.247Z"}
info: Server started at http://localhost:3000/api/v1/ {"timestamp":"2024-10-20T19:55:18.226Z"}
info: Connected to the database. {"timestamp":"2024-10-20T19:55:18.254Z"}
info: Server started at http://localhost:3000/api/v1/ {"timestamp":"2024-10-20T19:55:44.275Z"}
info: Connected to the database. {"timestamp":"2024-10-20T19:55:44.302Z"}
info: Server started at http://localhost:3000/api/v1/ {"timestamp":"2024-10-20T19:55:49.572Z"}
info: Connected to the database. {"timestamp":"2024-10-20T19:55:49.601Z"}
info: Server started at http://localhost:3000/api/v1/ {"timestamp":"2024-10-20T19:55:54.024Z"}
info: Connected to the database. {"timestamp":"2024-10-20T19:55:54.053Z"}
info: Server started at http://localhost:3000/api/v1/ {"timestamp":"2024-10-20T19:55:57.462Z"}
info: Connected to the database. {"timestamp":"2024-10-20T19:55:57.488Z"}
info: Server started at http://localhost:3000/api/v1/ {"timestamp":"2024-10-20T19:56:02.571Z"}
info: Connected to the database. {"timestamp":"2024-10-20T19:56:02.597Z"}
info: Server started at http://localhost:3000/api/v1/ {"timestamp":"2024-10-20T19:56:06.161Z"}
info: Connected to the database. {"timestamp":"2024-10-20T19:56:06.189Z"}
info: Server started at http://localhost:3000/api/v1/ {"timestamp":"2024-10-20T19:56:08.189Z"}
info: Connected to the database. {"timestamp":"2024-10-20T19:56:08.236Z"}
info: Server started at http://localhost:3000/api/v1/ {"timestamp":"2024-10-20T19:56:10.257Z"}
info: Connected to the database. {"timestamp":"2024-10-20T19:56:10.286Z"}
info: Server started at http://localhost:3000/api/v1/ {"timestamp":"2024-10-20T19:56:15.937Z"}
info: Connected to the database. {"timestamp":"2024-10-20T19:56:15.962Z"}
info: Server started at http://localhost:3000/api/v1/ {"timestamp":"2024-10-20T19:56:19.365Z"}
info: Connected to the database. {"timestamp":"2024-10-20T19:56:19.410Z"}
info: Server started at http://localhost:3000/api/v1/ {"timestamp":"2024-10-20T19:56:31.640Z"}
info: Connected to the database. {"timestamp":"2024-10-20T19:56:31.691Z"}
info: Server started at http://localhost:3000/api/v1/ {"timestamp":"2024-10-20T19:56:35.056Z"}
info: Connected to the database. {"timestamp":"2024-10-20T19:56:35.087Z"}
info: Server started at http://localhost:3000/api/v1/ {"timestamp":"2024-10-20T19:56:39.888Z"}
info: Connected to the database. {"timestamp":"2024-10-20T19:56:39.921Z"}
info: Server started at http://localhost:3000/api/v1/ {"timestamp":"2024-10-20T19:56:53.075Z"}
info: Connected to the database. {"timestamp":"2024-10-20T19:56:53.108Z"}
info: Server started at http://localhost:3000/api/v1/ {"timestamp":"2024-10-20T19:56:56.985Z"}
info: Connected to the database. {"timestamp":"2024-10-20T19:56:57.040Z"}
info: Server started at http://localhost:3000/api/v1/ {"timestamp":"2024-10-20T19:57:00.566Z"}
info: Connected to the database. {"timestamp":"2024-10-20T19:57:00.597Z"}
info: Server started at http://localhost:3000/api/v1/ {"timestamp":"2024-10-20T19:57:07.671Z"}
info: Connected to the database. {"timestamp":"2024-10-20T19:57:07.703Z"}
info: Server started at http://localhost:3000/api/v1/ {"timestamp":"2024-10-20T19:57:09.058Z"}
info: Connected to the database. {"timestamp":"2024-10-20T19:57:09.086Z"}
info: Server started at http://localhost:3000/api/v1/ {"timestamp":"2024-10-20T19:57:17.725Z"}
info: Connected to the database. {"timestamp":"2024-10-20T19:57:17.750Z"}
info: Server started at http://localhost:3000/api/v1/ {"timestamp":"2024-10-20T19:57:24.054Z"}
info: Connected to the database. {"timestamp":"2024-10-20T19:57:24.081Z"}
info: Server started at http://localhost:3000/api/v1/ {"timestamp":"2024-10-20T19:57:50.323Z"}
info: Connected to the database. {"timestamp":"2024-10-20T19:57:50.354Z"}
info: Server started at http://localhost:3000/api/v1/ {"timestamp":"2024-10-20T19:58:07.700Z"}
info: Connected to the database. {"timestamp":"2024-10-20T19:58:07.728Z"}
info: Server started at http://localhost:3000/api/v1/ {"timestamp":"2024-10-20T19:58:17.733Z"}
info: Connected to the database. {"timestamp":"2024-10-20T19:58:17.762Z"}
info: Server started at http://localhost:3000/api/v1/ {"timestamp":"2024-10-20T19:58:20.056Z"}
info: Connected to the database. {"timestamp":"2024-10-20T19:58:20.081Z"}
info: Server started at http://localhost:3000/api/v1/ {"timestamp":"2024-10-20T19:58:27.330Z"}
info: Connected to the database. {"timestamp":"2024-10-20T19:58:27.357Z"}
info: Server started at http://localhost:3000/api/v1/ {"timestamp":"2024-10-20T19:58:36.495Z"}
info: Connected to the database. {"timestamp":"2024-10-20T19:58:36.522Z"}
info: Server started at http://localhost:3000/api/v1/ {"timestamp":"2024-10-20T19:58:40.289Z"}
info: Connected to the database. {"timestamp":"2024-10-20T19:58:40.316Z"}
info: Server started at http://localhost:3000/api/v1/ {"timestamp":"2024-10-20T19:58:46.918Z"}
info: Connected to the database. {"timestamp":"2024-10-20T19:58:46.949Z"}
info: Server started at http://localhost:3000/api/v1/ {"timestamp":"2024-10-20T19:58:52.661Z"}
info: Connected to the database. {"timestamp":"2024-10-20T19:58:52.691Z"}
info: Server started at http://localhost:3000/api/v1/ {"timestamp":"2024-10-20T19:58:56.188Z"}
info: Connected to the database. {"timestamp":"2024-10-20T19:58:56.243Z"}
info: Server started at http://localhost:3000/api/v1/ {"timestamp":"2024-10-20T19:59:02.269Z"}
info: Connected to the database. {"timestamp":"2024-10-20T19:59:02.297Z"}
info: Server started at http://localhost:3000/api/v1/ {"timestamp":"2024-10-20T19:59:06.565Z"}
info: Connected to the database. {"timestamp":"2024-10-20T19:59:06.592Z"}
info: Server started at http://localhost:3000/api/v1/ {"timestamp":"2024-10-20T19:59:10.301Z"}
info: Connected to the database. {"timestamp":"2024-10-20T19:59:10.328Z"}
info: Server started at http://localhost:3000/api/v1/ {"timestamp":"2024-10-20T19:59:16.945Z"}
info: Connected to the database. {"timestamp":"2024-10-20T19:59:16.982Z"}
info: Server started at http://localhost:3000/api/v1/ {"timestamp":"2024-10-20T19:59:18.481Z"}
info: Connected to the database. {"timestamp":"2024-10-20T19:59:18.513Z"}
info: Server started at http://localhost:3000/api/v1/ {"timestamp":"2024-10-20T19:59:22.206Z"}
info: Connected to the database. {"timestamp":"2024-10-20T19:59:22.263Z"}
info: Server started at http://localhost:3000/api/v1/ {"timestamp":"2024-10-20T19:59:24.966Z"}
info: Connected to the database. {"timestamp":"2024-10-20T19:59:24.992Z"}
info: Server started at http://localhost:3000/api/v1/ {"timestamp":"2024-10-20T19:59:27.227Z"}
info: Connected to the database. {"timestamp":"2024-10-20T19:59:27.256Z"}
info: Server started at http://localhost:3000/api/v1/ {"timestamp":"2024-10-20T19:59:30.206Z"}
info: Connected to the database. {"timestamp":"2024-10-20T19:59:30.232Z"}
info: Server started at http://localhost:3000/api/v1/ {"timestamp":"2024-10-20T19:59:35.654Z"}
info: Connected to the database. {"timestamp":"2024-10-20T19:59:35.684Z"}
info: Server started at http://localhost:3000/api/v1/ {"timestamp":"2024-10-20T19:59:38.595Z"}
info: Connected to the database. {"timestamp":"2024-10-20T19:59:38.649Z"}
info: Server started at http://localhost:3000/api/v1/ {"timestamp":"2024-10-20T19:59:40.866Z"}
info: Connected to the database. {"timestamp":"2024-10-20T19:59:40.896Z"}
info: Server started at http://localhost:3000/api/v1/ {"timestamp":"2024-10-20T19:59:49.730Z"}
info: Connected to the database. {"timestamp":"2024-10-20T19:59:49.789Z"}
info: Server started at http://localhost:3000/api/v1/ {"timestamp":"2024-10-20T19:59:55.389Z"}
info: Connected to the database. {"timestamp":"2024-10-20T19:59:55.444Z"}
info: Server started at http://localhost:3000/api/v1/ {"timestamp":"2024-10-20T19:59:57.501Z"}
info: Connected to the database. {"timestamp":"2024-10-20T19:59:57.537Z"}
info: Server started at http://localhost:3000/api/v1/ {"timestamp":"2024-10-20T19:59:58.862Z"}
info: Connected to the database. {"timestamp":"2024-10-20T19:59:58.890Z"}
info: Server started at http://localhost:3000/api/v1/ {"timestamp":"2024-10-20T20:00:03.118Z"}
info: Connected to the database. {"timestamp":"2024-10-20T20:00:03.152Z"}
info: Server started at http://localhost:3000/api/v1/ {"timestamp":"2024-10-20T20:00:05.524Z"}
info: Connected to the database. {"timestamp":"2024-10-20T20:00:05.587Z"}
info: Server started at http://localhost:3000/api/v1/ {"timestamp":"2024-10-20T20:00:08.444Z"}
info: Connected to the database. {"timestamp":"2024-10-20T20:00:08.478Z"}
info: Server started at http://localhost:3000/api/v1/ {"timestamp":"2024-10-20T20:00:10.747Z"}
info: Connected to the database. {"timestamp":"2024-10-20T20:00:10.785Z"}
info: Server started at http://localhost:3000/api/v1/ {"timestamp":"2024-10-20T20:00:21.906Z"}
info: Connected to the database. {"timestamp":"2024-10-20T20:00:21.946Z"}
info: Server started at http://localhost:3000/api/v1/ {"timestamp":"2024-10-20T20:00:28.785Z"}
info: Connected to the database. {"timestamp":"2024-10-20T20:00:28.824Z"}
info: Server started at http://localhost:3000/api/v1/ {"timestamp":"2024-10-20T20:00:31.136Z"}
info: Connected to the database. {"timestamp":"2024-10-20T20:00:31.163Z"}
info: Server started at http://localhost:3000/api/v1/ {"timestamp":"2024-10-20T20:00:39.514Z"}
info: Connected to the database. {"timestamp":"2024-10-20T20:00:39.546Z"}
info: Server started at http://localhost:3000/api/v1/ {"timestamp":"2024-10-20T20:00:48.062Z"}
info: Connected to the database. {"timestamp":"2024-10-20T20:00:48.089Z"}
info: Server started at http://localhost:3000/api/v1/ {"timestamp":"2024-10-20T20:00:49.229Z"}
info: Connected to the database. {"timestamp":"2024-10-20T20:00:49.258Z"}
info: Server started at http://localhost:3000/api/v1/ {"timestamp":"2024-10-20T20:00:52.936Z"}
info: Connected to the database. {"timestamp":"2024-10-20T20:00:52.966Z"}
info: Server started at http://localhost:3000/api/v1/ {"timestamp":"2024-10-20T20:00:54.403Z"}
info: Connected to the database. {"timestamp":"2024-10-20T20:00:54.453Z"}
info: Server started at http://localhost:3000/api/v1/ {"timestamp":"2024-10-20T20:00:58.272Z"}
info: Connected to the database. {"timestamp":"2024-10-20T20:00:58.299Z"}
info: Server started at http://localhost:3000/api/v1/ {"timestamp":"2024-10-20T20:01:01.163Z"}
info: Connected to the database. {"timestamp":"2024-10-20T20:01:01.190Z"}
info: Server started at http://localhost:3000/api/v1/ {"timestamp":"2024-10-20T20:01:06.846Z"}
info: Connected to the database. {"timestamp":"2024-10-20T20:01:06.880Z"}
info: Server started at http://localhost:3000/api/v1/ {"timestamp":"2024-10-20T20:01:09.402Z"}
info: Connected to the database. {"timestamp":"2024-10-20T20:01:09.430Z"}
info: Server started at http://localhost:3000/api/v1/ {"timestamp":"2024-10-20T20:01:18.484Z"}
info: Connected to the database. {"timestamp":"2024-10-20T20:01:18.510Z"}
info: Server started at http://localhost:3000/api/v1/ {"timestamp":"2024-10-20T20:01:22.404Z"}
info: Connected to the database. {"timestamp":"2024-10-20T20:01:22.434Z"}
info: Server started at http://localhost:3000/api/v1/ {"timestamp":"2024-10-20T20:01:41.825Z"}
info: Connected to the database. {"timestamp":"2024-10-20T20:01:41.921Z"}
info: Server started at http://localhost:3000/api/v1/ {"timestamp":"2024-10-20T20:03:05.841Z"}
info: Connected to the database. {"timestamp":"2024-10-20T20:03:05.885Z"}
info: Server started at http://localhost:3000/api/v1/ {"timestamp":"2024-10-20T20:03:21.363Z"}
info: Connected to the database. {"timestamp":"2024-10-20T20:03:21.396Z"}
info: Server started at http://localhost:3000/api/v1/ {"timestamp":"2024-10-20T20:03:28.114Z"}
info: Connected to the database. {"timestamp":"2024-10-20T20:03:28.145Z"}
info: Server started at http://localhost:3000/api/v1/ {"timestamp":"2024-10-20T20:03:34.665Z"}
info: Connected to the database. {"timestamp":"2024-10-20T20:03:34.707Z"}
info: Server started at http://localhost:3000/api/v1/ {"timestamp":"2024-10-20T20:03:38.062Z"}
info: Connected to the database. {"timestamp":"2024-10-20T20:03:38.091Z"}
info: Server started at http://localhost:3000/api/v1/ {"timestamp":"2024-10-20T20:03:49.083Z"}
info: Connected to the database. {"timestamp":"2024-10-20T20:03:49.123Z"}
info: Server started at http://localhost:3000/api/v1/ {"timestamp":"2024-10-20T20:03:50.909Z"}
info: Connected to the database. {"timestamp":"2024-10-20T20:03:50.936Z"}
info: Server started at http://localhost:3000/api/v1/ {"timestamp":"2024-10-20T20:04:07.710Z"}
info: Connected to the database. {"timestamp":"2024-10-20T20:04:07.747Z"}
info: Server started at http://localhost:3000/api/v1/ {"timestamp":"2024-10-20T20:04:11.443Z"}
info: Connected to the database. {"timestamp":"2024-10-20T20:04:11.470Z"}
info: Server started at http://localhost:3000/api/v1/ {"timestamp":"2024-10-20T20:04:27.072Z"}
info: Connected to the database. {"timestamp":"2024-10-20T20:04:27.111Z"}
info: Server started at http://localhost:3000/api/v1/ {"timestamp":"2024-10-20T20:04:34.471Z"}
info: Connected to the database. {"timestamp":"2024-10-20T20:04:34.502Z"}
info: Server started at http://localhost:3000/api/v1/ {"timestamp":"2024-10-20T20:04:36.210Z"}
info: Connected to the database. {"timestamp":"2024-10-20T20:04:36.236Z"}
info: Server started at http://localhost:3000/api/v1/ {"timestamp":"2024-10-20T20:04:41.374Z"}
info: Connected to the database. {"timestamp":"2024-10-20T20:04:41.401Z"}
info: Server started at http://localhost:3000/api/v1/ {"timestamp":"2024-10-20T20:04:42.723Z"}
info: Connected to the database. {"timestamp":"2024-10-20T20:04:42.754Z"}
info: Server started at http://localhost:3000/api/v1/ {"timestamp":"2024-10-20T20:04:47.448Z"}
info: Connected to the database. {"timestamp":"2024-10-20T20:04:47.476Z"}
info: Server started at http://localhost:3000/api/v1/ {"timestamp":"2024-10-20T20:04:57.074Z"}
info: Connected to the database. {"timestamp":"2024-10-20T20:04:57.120Z"}
info: Server started at http://localhost:3000/api/v1/ {"timestamp":"2024-10-20T20:05:12.258Z"}
info: Connected to the database. {"timestamp":"2024-10-20T20:05:12.296Z"}
info: Server started at http://localhost:3000/api/v1/ {"timestamp":"2024-10-20T20:05:58.767Z"}
info: Connected to the database. {"timestamp":"2024-10-20T20:05:58.805Z"}
info: Server started at http://localhost:3000/api/v1/ {"timestamp":"2024-10-20T20:06:05.073Z"}
info: Connected to the database. {"timestamp":"2024-10-20T20:06:05.110Z"}
info: Server started at http://localhost:3000/api/v1/ {"timestamp":"2024-10-20T20:06:48.541Z"}
info: Connected to the database. {"timestamp":"2024-10-20T20:06:48.578Z"}
info: Server started at http://localhost:3000/api/v1/ {"timestamp":"2024-10-20T20:06:51.864Z"}
info: Connected to the database. {"timestamp":"2024-10-20T20:06:51.891Z"}
info: Server started at http://localhost:3000/api/v1/ {"timestamp":"2024-10-20T20:07:01.885Z"}
info: Connected to the database. {"timestamp":"2024-10-20T20:07:01.937Z"}
info: Server started at http://localhost:3000/api/v1/ {"timestamp":"2024-10-20T20:07:20.818Z"}
info: Connected to the database. {"timestamp":"2024-10-20T20:07:20.866Z"}
info: Server started at http://localhost:3000/api/v1/ {"timestamp":"2024-10-20T20:07:32.398Z"}
info: Connected to the database. {"timestamp":"2024-10-20T20:07:32.424Z"}
info: Server started at http://localhost:3000/api/v1/ {"timestamp":"2024-10-20T20:07:34.877Z"}
info: Connected to the database. {"timestamp":"2024-10-20T20:07:34.911Z"}
info: Server started at http://localhost:3000/api/v1/ {"timestamp":"2024-10-20T20:07:53.592Z"}
info: Connected to the database. {"timestamp":"2024-10-20T20:07:53.637Z"}
info: Server started at http://localhost:3000/api/v1/ {"timestamp":"2024-10-20T20:08:25.117Z"}
info: Connected to the database. {"timestamp":"2024-10-20T20:08:25.168Z"}
info: Server started at http://localhost:3000/api/v1/ {"timestamp":"2024-10-20T20:08:31.520Z"}
info: Connected to the database. {"timestamp":"2024-10-20T20:08:31.551Z"}
info: Server started at http://localhost:3000/api/v1/ {"timestamp":"2024-10-20T20:08:55.625Z"}
info: Connected to the database. {"timestamp":"2024-10-20T20:08:55.670Z"}
info: Server started at http://localhost:3000/api/v1/ {"timestamp":"2024-10-20T20:09:04.410Z"}
info: Connected to the database. {"timestamp":"2024-10-20T20:09:04.441Z"}
info: Server started at http://localhost:3000/api/v1/ {"timestamp":"2024-10-20T20:09:20.341Z"}
info: Connected to the database. {"timestamp":"2024-10-20T20:09:20.375Z"}
info: Server started at http://localhost:3000/api/v1/ {"timestamp":"2024-10-20T20:13:16.317Z"}
info: Connected to the database. {"timestamp":"2024-10-20T20:13:16.351Z"}
info: Server started at http://localhost:3000/api/v1/ {"timestamp":"2024-10-20T20:13:26.178Z"}
info: Connected to the database. {"timestamp":"2024-10-20T20:13:26.208Z"}
