info: Server started at http://localhost:3000/api/v1/ {"timestamp":"2024-10-18T05:29:53.973Z"}
info: Connected to the database. {"timestamp":"2024-10-18T05:29:54.023Z"}
info: Server started at http://localhost:3000/api/v1/ {"timestamp":"2024-10-18T05:33:22.809Z"}
info: Connected to the database. {"timestamp":"2024-10-18T05:33:22.839Z"}
info: Server started at http://localhost:3000/api/v1/ {"timestamp":"2024-10-18T05:34:28.372Z"}
info: Connected to the database. {"timestamp":"2024-10-18T05:34:28.398Z"}
info: Server started at http://localhost:3000/api/v1/ {"timestamp":"2024-10-18T05:35:24.085Z"}
info: Connected to the database. {"timestamp":"2024-10-18T05:35:24.161Z"}
info: Server started at http://localhost:3000/api/v1/ {"timestamp":"2024-10-18T05:35:53.519Z"}
info: Connected to the database. {"timestamp":"2024-10-18T05:35:53.546Z"}
error: 
    status - 500 
    message - Error: You have entered a incorrect paassword, try again
    at UserController.<anonymous> (E:\Project1\FundDoNotes\src\controllers\user.controller.ts:100:15)
    at Generator.next (<anonymous>)
    at fulfilled (E:\Project1\FundDoNotes\src\controllers\user.controller.ts:5:58) 
    url - /api/v1/funddonotes/users/login 
    method - POST 
    IP - ::1
   {"timestamp":"2024-10-18T05:36:29.027Z"}
error: 
    status - 500 
    message - Error: You have entered a incorrect paassword, try again
    at UserController.<anonymous> (E:\Project1\FundDoNotes\src\controllers\user.controller.ts:100:15)
    at Generator.next (<anonymous>)
    at fulfilled (E:\Project1\FundDoNotes\src\controllers\user.controller.ts:5:58) 
    url - /api/v1/funddonotes/users/login 
    method - POST 
    IP - ::1
   {"timestamp":"2024-10-18T05:36:53.408Z"}
error: 
    status - 500 
    message - Error: User with email arjungmail.com doesn't exist, please go with the registration
    at UserController.<anonymous> (E:\Project1\FundDoNotes\src\controllers\user.controller.ts:98:15)
    at Generator.next (<anonymous>)
    at fulfilled (E:\Project1\FundDoNotes\src\controllers\user.controller.ts:5:58)
    at processTicksAndRejections (node:internal/process/task_queues:95:5) 
    url - /api/v1/funddonotes/users/login 
    method - POST 
    IP - ::1
   {"timestamp":"2024-10-18T05:37:02.079Z"}
info: Server started at http://localhost:3000/api/v1/ {"timestamp":"2024-10-18T05:40:14.457Z"}
info: Connected to the database. {"timestamp":"2024-10-18T05:40:14.482Z"}
info: Server started at http://localhost:3000/api/v1/ {"timestamp":"2024-10-18T05:40:18.869Z"}
info: Connected to the database. {"timestamp":"2024-10-18T05:40:18.901Z"}
info: Server started at http://localhost:3000/api/v1/ {"timestamp":"2024-10-18T05:47:50.075Z"}
info: Connected to the database. {"timestamp":"2024-10-18T05:47:50.106Z"}
info: Server started at http://localhost:3000/api/v1/ {"timestamp":"2024-10-18T05:48:02.953Z"}
info: Connected to the database. {"timestamp":"2024-10-18T05:48:02.989Z"}
info: Server started at http://localhost:3000/api/v1/ {"timestamp":"2024-10-18T05:50:26.192Z"}
info: Connected to the database. {"timestamp":"2024-10-18T05:50:26.221Z"}
info: Server started at http://localhost:3000/api/v1/ {"timestamp":"2024-10-18T05:50:27.484Z"}
info: Connected to the database. {"timestamp":"2024-10-18T05:50:27.517Z"}
info: Server started at http://localhost:3000/api/v1/ {"timestamp":"2024-10-18T05:50:30.000Z"}
info: Connected to the database. {"timestamp":"2024-10-18T05:50:30.030Z"}
info: Server started at http://localhost:3000/api/v1/ {"timestamp":"2024-10-18T05:50:31.897Z"}
info: Connected to the database. {"timestamp":"2024-10-18T05:50:31.927Z"}
info: Server started at http://localhost:3000/api/v1/ {"timestamp":"2024-10-18T05:50:34.417Z"}
info: Connected to the database. {"timestamp":"2024-10-18T05:50:34.480Z"}
info: Server started at http://localhost:3000/api/v1/ {"timestamp":"2024-10-18T05:51:16.490Z"}
info: Connected to the database. {"timestamp":"2024-10-18T05:51:16.516Z"}
info: Server started at http://localhost:3000/api/v1/ {"timestamp":"2024-10-18T05:51:27.459Z"}
info: Connected to the database. {"timestamp":"2024-10-18T05:51:27.484Z"}
info: Server started at http://localhost:3000/api/v1/ {"timestamp":"2024-10-18T05:51:35.648Z"}
info: Connected to the database. {"timestamp":"2024-10-18T05:51:35.691Z"}
info: Server started at http://localhost:3000/api/v1/ {"timestamp":"2024-10-18T05:54:34.804Z"}
info: Connected to the database. {"timestamp":"2024-10-18T05:54:34.836Z"}
info: Server started at http://localhost:3000/api/v1/ {"timestamp":"2024-10-18T05:54:40.010Z"}
info: Connected to the database. {"timestamp":"2024-10-18T05:54:40.039Z"}
info: Server started at http://localhost:3000/api/v1/ {"timestamp":"2024-10-18T05:54:56.284Z"}
info: Connected to the database. {"timestamp":"2024-10-18T05:54:56.313Z"}
info: Server started at http://localhost:3000/api/v1/ {"timestamp":"2024-10-18T05:55:02.041Z"}
info: Server started at http://localhost:3000/api/v1/ {"timestamp":"2024-10-18T05:55:03.129Z"}
info: Connected to the database. {"timestamp":"2024-10-18T05:55:03.154Z"}
info: Server started at http://localhost:3000/api/v1/ {"timestamp":"2024-10-18T05:55:05.252Z"}
info: Connected to the database. {"timestamp":"2024-10-18T05:55:05.277Z"}
info: Server started at http://localhost:3000/api/v1/ {"timestamp":"2024-10-18T05:55:08.116Z"}
info: Connected to the database. {"timestamp":"2024-10-18T05:55:08.147Z"}
info: Server started at http://localhost:3000/api/v1/ {"timestamp":"2024-10-18T05:55:21.054Z"}
info: Connected to the database. {"timestamp":"2024-10-18T05:55:21.083Z"}
info: Server started at http://localhost:3000/api/v1/ {"timestamp":"2024-10-18T05:55:24.375Z"}
info: Connected to the database. {"timestamp":"2024-10-18T05:55:24.413Z"}
info: Server started at http://localhost:3000/api/v1/ {"timestamp":"2024-10-18T05:56:53.415Z"}
info: Connected to the database. {"timestamp":"2024-10-18T05:56:53.451Z"}
info: Server started at http://localhost:3000/api/v1/ {"timestamp":"2024-10-18T05:56:55.769Z"}
info: Connected to the database. {"timestamp":"2024-10-18T05:56:55.798Z"}
info: Server started at http://localhost:3000/api/v1/ {"timestamp":"2024-10-18T06:02:30.850Z"}
info: Connected to the database. {"timestamp":"2024-10-18T06:02:30.878Z"}
info: Server started at http://localhost:3000/api/v1/ {"timestamp":"2024-10-18T06:02:36.607Z"}
info: Connected to the database. {"timestamp":"2024-10-18T06:02:36.659Z"}
info: Server started at http://localhost:3000/api/v1/ {"timestamp":"2024-10-18T06:02:51.836Z"}
info: Connected to the database. {"timestamp":"2024-10-18T06:02:51.878Z"}
info: Server started at http://localhost:3000/api/v1/ {"timestamp":"2024-10-18T06:02:53.648Z"}
info: Connected to the database. {"timestamp":"2024-10-18T06:02:53.705Z"}
info: Server started at http://localhost:3000/api/v1/ {"timestamp":"2024-10-18T06:03:27.572Z"}
info: Connected to the database. {"timestamp":"2024-10-18T06:03:27.601Z"}
info: Server started at http://localhost:3000/api/v1/ {"timestamp":"2024-10-18T06:03:32.979Z"}
info: Connected to the database. {"timestamp":"2024-10-18T06:03:33.004Z"}
info: Server started at http://localhost:3000/api/v1/ {"timestamp":"2024-10-18T06:03:35.698Z"}
info: Connected to the database. {"timestamp":"2024-10-18T06:03:35.746Z"}
info: Server started at http://localhost:3000/api/v1/ {"timestamp":"2024-10-18T06:03:43.841Z"}
info: Connected to the database. {"timestamp":"2024-10-18T06:03:43.866Z"}
error: 
    status - 500 
    message - Error: User with email issacnewtn@gmail.com doesn't exist, please go with the registration
    at UserService.<anonymous> (E:\Project1\FundDoNotes\src\services\user.service.ts:28:13)
    at Generator.next (<anonymous>)
    at fulfilled (E:\Project1\FundDoNotes\src\services\user.service.ts:5:58)
    at processTicksAndRejections (node:internal/process/task_queues:95:5) 
    url - /api/v1/funddonotes/users/login 
    method - POST 
    IP - ::1
   {"timestamp":"2024-10-18T06:04:11.236Z"}
error: 
    status - 500 
    message - Error: You have entered a incorrect paassword, try again
    at UserService.<anonymous> (E:\Project1\FundDoNotes\src\services\user.service.ts:32:13)
    at Generator.next (<anonymous>)
    at fulfilled (E:\Project1\FundDoNotes\src\services\user.service.ts:5:58) 
    url - /api/v1/funddonotes/users/login 
    method - POST 
    IP - ::1
   {"timestamp":"2024-10-18T06:04:27.672Z"}
info: Server started at http://localhost:3000/api/v1/ {"timestamp":"2024-10-18T06:04:54.675Z"}
info: Connected to the database. {"timestamp":"2024-10-18T06:04:54.747Z"}
info: Server started at http://localhost:3000/api/v1/ {"timestamp":"2024-10-18T06:07:11.337Z"}
info: Connected to the database. {"timestamp":"2024-10-18T06:07:11.400Z"}
info: Server started at http://localhost:3000/api/v1/ {"timestamp":"2024-10-18T06:07:17.604Z"}
info: Connected to the database. {"timestamp":"2024-10-18T06:07:17.654Z"}
info: Server started at http://localhost:3000/api/v1/ {"timestamp":"2024-10-18T06:53:10.936Z"}
info: Connected to the database. {"timestamp":"2024-10-18T06:53:10.992Z"}
info: Server started at http://localhost:3000/api/v1/ {"timestamp":"2024-10-18T06:54:26.372Z"}
info: Connected to the database. {"timestamp":"2024-10-18T06:54:26.426Z"}
info: Server started at http://localhost:3000/api/v1/ {"timestamp":"2024-10-18T06:54:36.932Z"}
info: Connected to the database. {"timestamp":"2024-10-18T06:54:37.003Z"}
info: Server started at http://localhost:3000/api/v1/ {"timestamp":"2024-10-18T06:54:52.668Z"}
info: Connected to the database. {"timestamp":"2024-10-18T06:54:52.726Z"}
info: Server started at http://localhost:3000/api/v1/ {"timestamp":"2024-10-18T06:54:57.228Z"}
info: Connected to the database. {"timestamp":"2024-10-18T06:54:57.283Z"}
info: Server started at http://localhost:3000/api/v1/ {"timestamp":"2024-10-18T07:02:06.062Z"}
info: Connected to the database. {"timestamp":"2024-10-18T07:02:06.091Z"}
info: Server started at http://localhost:3000/api/v1/ {"timestamp":"2024-10-18T07:03:39.556Z"}
info: Connected to the database. {"timestamp":"2024-10-18T07:03:39.635Z"}
info: Server started at http://localhost:3000/api/v1/ {"timestamp":"2024-10-18T07:03:47.193Z"}
info: Connected to the database. {"timestamp":"2024-10-18T07:03:47.247Z"}
info: Server started at http://localhost:3000/api/v1/ {"timestamp":"2024-10-18T07:03:57.366Z"}
info: Connected to the database. {"timestamp":"2024-10-18T07:03:57.423Z"}
info: Server started at http://localhost:3000/api/v1/ {"timestamp":"2024-10-18T07:04:15.427Z"}
info: Connected to the database. {"timestamp":"2024-10-18T07:04:15.452Z"}
info: Server started at http://localhost:3000/api/v1/ {"timestamp":"2024-10-18T07:04:18.204Z"}
info: Connected to the database. {"timestamp":"2024-10-18T07:04:18.259Z"}
error: 
    status - 500 
    message - ValidationError: "firstName" is not allowed 
    url - /api/v1/funddonotes/users/login 
    method - POST 
    IP - ::1
   {"timestamp":"2024-10-18T07:04:24.750Z"}
info: Server started at http://localhost:3000/api/v1/ {"timestamp":"2024-10-18T07:10:23.141Z"}
info: Connected to the database. {"timestamp":"2024-10-18T07:10:23.201Z"}
