info: Server started at http://localhost:3000/api/v1/ {"timestamp":"2024-10-16T18:25:42.613Z"}
info: Connected to the database. {"timestamp":"2024-10-16T18:25:42.689Z"}
info: Server started at http://localhost:3000/api/v1/ {"timestamp":"2024-10-16T18:26:45.156Z"}
info: Connected to the database. {"timestamp":"2024-10-16T18:26:45.180Z"}
info: Server started at http://localhost:3000/api/v1/ {"timestamp":"2024-10-16T18:31:04.730Z"}
info: Connected to the database. {"timestamp":"2024-10-16T18:31:04.762Z"}
info: Server started at http://localhost:3000/api/v1/ {"timestamp":"2024-10-16T19:02:16.856Z"}
info: Connected to the database. {"timestamp":"2024-10-16T19:02:16.907Z"}
info: Server started at http://localhost:3000/api/v1/ {"timestamp":"2024-10-16T19:02:18.861Z"}
info: Connected to the database. {"timestamp":"2024-10-16T19:02:18.881Z"}
info: Server started at http://localhost:3000/api/v1/ {"timestamp":"2024-10-16T19:02:20.616Z"}
info: Connected to the database. {"timestamp":"2024-10-16T19:02:20.644Z"}
info: Server started at http://localhost:3000/api/v1/ {"timestamp":"2024-10-16T19:02:23.702Z"}
info: Connected to the database. {"timestamp":"2024-10-16T19:02:23.756Z"}
info: Server started at http://localhost:3000/api/v1/ {"timestamp":"2024-10-16T19:03:07.683Z"}
info: Connected to the database. {"timestamp":"2024-10-16T19:03:07.770Z"}
info: Server started at http://localhost:3000/api/v1/ {"timestamp":"2024-10-16T19:03:14.569Z"}
info: Connected to the database. {"timestamp":"2024-10-16T19:03:14.637Z"}
info: Server started at http://localhost:3000/api/v1/ {"timestamp":"2024-10-16T19:03:25.630Z"}
info: Connected to the database. {"timestamp":"2024-10-16T19:03:25.682Z"}
info: Server started at http://localhost:3000/api/v1/ {"timestamp":"2024-10-16T19:03:27.076Z"}
info: Connected to the database. {"timestamp":"2024-10-16T19:03:27.105Z"}
info: Server started at http://localhost:3000/api/v1/ {"timestamp":"2024-10-16T19:03:28.237Z"}
info: Connected to the database. {"timestamp":"2024-10-16T19:03:28.256Z"}
info: Server started at http://localhost:3000/api/v1/ {"timestamp":"2024-10-16T19:09:04.167Z"}
info: Connected to the database. {"timestamp":"2024-10-16T19:09:04.194Z"}
info: Server started at http://localhost:3000/api/v1/ {"timestamp":"2024-10-16T19:17:57.529Z"}
info: Connected to the database. {"timestamp":"2024-10-16T19:17:57.583Z"}
info: Server started at http://localhost:3000/api/v1/ {"timestamp":"2024-10-16T19:23:06.766Z"}
info: Connected to the database. {"timestamp":"2024-10-16T19:23:06.801Z"}
info: Server started at http://localhost:3000/api/v1/ {"timestamp":"2024-10-16T19:23:13.383Z"}
info: Connected to the database. {"timestamp":"2024-10-16T19:23:13.407Z"}
info: Server started at http://localhost:3000/api/v1/ {"timestamp":"2024-10-16T19:32:47.096Z"}
info: Connected to the database. {"timestamp":"2024-10-16T19:32:47.127Z"}
info: Server started at http://localhost:3000/api/v1/ {"timestamp":"2024-10-16T19:32:49.233Z"}
info: Connected to the database. {"timestamp":"2024-10-16T19:32:49.256Z"}
info: Server started at http://localhost:3000/api/v1/ {"timestamp":"2024-10-16T19:32:53.979Z"}
info: Connected to the database. {"timestamp":"2024-10-16T19:32:54.043Z"}
info: Server started at http://localhost:3000/api/v1/ {"timestamp":"2024-10-16T19:35:06.948Z"}
info: Connected to the database. {"timestamp":"2024-10-16T19:35:06.977Z"}
info: Server started at http://localhost:3000/api/v1/ {"timestamp":"2024-10-16T19:35:12.815Z"}
info: Connected to the database. {"timestamp":"2024-10-16T19:35:12.845Z"}
info: Server started at http://localhost:3000/api/v1/ {"timestamp":"2024-10-16T19:35:14.457Z"}
info: Connected to the database. {"timestamp":"2024-10-16T19:35:14.496Z"}
info: Server started at http://localhost:3000/api/v1/ {"timestamp":"2024-10-16T19:39:38.622Z"}
info: Connected to the database. {"timestamp":"2024-10-16T19:39:38.646Z"}
info: Server started at http://localhost:3000/api/v1/ {"timestamp":"2024-10-16T19:39:39.732Z"}
info: Connected to the database. {"timestamp":"2024-10-16T19:39:39.813Z"}
info: Server started at http://localhost:3000/api/v1/ {"timestamp":"2024-10-16T19:39:43.063Z"}
info: Connected to the database. {"timestamp":"2024-10-16T19:39:43.090Z"}
info: Server started at http://localhost:3000/api/v1/ {"timestamp":"2024-10-16T19:39:45.582Z"}
info: Connected to the database. {"timestamp":"2024-10-16T19:39:45.612Z"}
info: Server started at http://localhost:3000/api/v1/ {"timestamp":"2024-10-16T19:40:21.611Z"}
info: Connected to the database. {"timestamp":"2024-10-16T19:40:21.634Z"}
info: Server started at http://localhost:3000/api/v1/ {"timestamp":"2024-10-16T19:40:32.423Z"}
info: Connected to the database. {"timestamp":"2024-10-16T19:40:32.467Z"}
info: Server started at http://localhost:3000/api/v1/ {"timestamp":"2024-10-16T19:40:38.246Z"}
info: Connected to the database. {"timestamp":"2024-10-16T19:40:38.264Z"}
info: Server started at http://localhost:3000/api/v1/ {"timestamp":"2024-10-16T19:41:17.522Z"}
info: Connected to the database. {"timestamp":"2024-10-16T19:41:17.558Z"}
info: Server started at http://localhost:3000/api/v1/ {"timestamp":"2024-10-16T19:41:21.340Z"}
info: Connected to the database. {"timestamp":"2024-10-16T19:41:21.363Z"}
info: Server started at http://localhost:3000/api/v1/ {"timestamp":"2024-10-16T19:41:25.271Z"}
info: Connected to the database. {"timestamp":"2024-10-16T19:41:25.293Z"}
info: Server started at http://localhost:3000/api/v1/ {"timestamp":"2024-10-16T19:41:27.234Z"}
info: Connected to the database. {"timestamp":"2024-10-16T19:41:27.256Z"}
info: Server started at http://localhost:3000/api/v1/ {"timestamp":"2024-10-16T19:42:01.624Z"}
info: Connected to the database. {"timestamp":"2024-10-16T19:42:01.653Z"}
info: Server started at http://localhost:3000/api/v1/ {"timestamp":"2024-10-16T19:42:21.382Z"}
info: Connected to the database. {"timestamp":"2024-10-16T19:42:21.404Z"}
info: Server started at http://localhost:3000/api/v1/ {"timestamp":"2024-10-16T19:42:23.524Z"}
info: Connected to the database. {"timestamp":"2024-10-16T19:42:23.607Z"}
info: Server started at http://localhost:3000/api/v1/ {"timestamp":"2024-10-16T19:42:30.906Z"}
info: Connected to the database. {"timestamp":"2024-10-16T19:42:30.933Z"}
info: Server started at http://localhost:3000/api/v1/ {"timestamp":"2024-10-16T19:42:35.790Z"}
info: Connected to the database. {"timestamp":"2024-10-16T19:42:35.820Z"}
info: Server started at http://localhost:3000/api/v1/ {"timestamp":"2024-10-16T19:42:38.745Z"}
info: Connected to the database. {"timestamp":"2024-10-16T19:42:38.766Z"}
info: Server started at http://localhost:3000/api/v1/ {"timestamp":"2024-10-16T19:42:40.314Z"}
info: Connected to the database. {"timestamp":"2024-10-16T19:42:40.346Z"}
info: Server started at http://localhost:3000/api/v1/ {"timestamp":"2024-10-16T19:42:54.660Z"}
info: Connected to the database. {"timestamp":"2024-10-16T19:42:54.684Z"}
info: Server started at http://localhost:3000/api/v1/ {"timestamp":"2024-10-16T19:42:57.344Z"}
info: Connected to the database. {"timestamp":"2024-10-16T19:42:57.369Z"}
info: Server started at http://localhost:3000/api/v1/ {"timestamp":"2024-10-16T19:48:18.114Z"}
info: Connected to the database. {"timestamp":"2024-10-16T19:48:18.142Z"}
info: Server started at http://localhost:3000/api/v1/ {"timestamp":"2024-10-16T19:53:56.909Z"}
info: Connected to the database. {"timestamp":"2024-10-16T19:53:56.976Z"}
info: Server started at http://localhost:3000/api/v1/ {"timestamp":"2024-10-16T19:55:34.959Z"}
info: Connected to the database. {"timestamp":"2024-10-16T19:55:34.978Z"}
info: Server started at http://localhost:3000/api/v1/ {"timestamp":"2024-10-16T19:55:44.549Z"}
info: Connected to the database. {"timestamp":"2024-10-16T19:55:44.621Z"}
info: Server started at http://localhost:3000/api/v1/ {"timestamp":"2024-10-16T19:55:47.605Z"}
info: Connected to the database. {"timestamp":"2024-10-16T19:55:47.634Z"}
info: Server started at http://localhost:3000/api/v1/ {"timestamp":"2024-10-16T19:56:00.404Z"}
info: Connected to the database. {"timestamp":"2024-10-16T19:56:00.426Z"}
info: Server started at http://localhost:3000/api/v1/ {"timestamp":"2024-10-16T19:56:02.107Z"}
info: Connected to the database. {"timestamp":"2024-10-16T19:56:02.127Z"}
info: Server started at http://localhost:3000/api/v1/ {"timestamp":"2024-10-16T19:56:04.376Z"}
info: Connected to the database. {"timestamp":"2024-10-16T19:56:04.398Z"}
info: Server started at http://localhost:3000/api/v1/ {"timestamp":"2024-10-16T19:56:11.623Z"}
info: Connected to the database. {"timestamp":"2024-10-16T19:56:11.646Z"}
info: Server started at http://localhost:3000/api/v1/ {"timestamp":"2024-10-16T19:56:45.561Z"}
info: Connected to the database. {"timestamp":"2024-10-16T19:56:45.585Z"}
info: Server started at http://localhost:3000/api/v1/ {"timestamp":"2024-10-16T19:56:50.416Z"}
info: Connected to the database. {"timestamp":"2024-10-16T19:56:50.457Z"}
info: Server started at http://localhost:3000/api/v1/ {"timestamp":"2024-10-16T19:56:51.816Z"}
info: Connected to the database. {"timestamp":"2024-10-16T19:56:51.843Z"}
info: Server started at http://localhost:3000/api/v1/ {"timestamp":"2024-10-16T19:57:28.281Z"}
info: Connected to the database. {"timestamp":"2024-10-16T19:57:28.333Z"}
info: Server started at http://localhost:3000/api/v1/ {"timestamp":"2024-10-16T19:57:31.241Z"}
info: Connected to the database. {"timestamp":"2024-10-16T19:57:31.272Z"}
info: Server started at http://localhost:3000/api/v1/ {"timestamp":"2024-10-16T19:57:40.690Z"}
info: Connected to the database. {"timestamp":"2024-10-16T19:57:40.713Z"}
info: Server started at http://localhost:3000/api/v1/ {"timestamp":"2024-10-16T19:57:44.142Z"}
info: Connected to the database. {"timestamp":"2024-10-16T19:57:44.184Z"}
info: Server started at http://localhost:3000/api/v1/ {"timestamp":"2024-10-16T19:58:12.569Z"}
info: Connected to the database. {"timestamp":"2024-10-16T19:58:12.589Z"}
info: Server started at http://localhost:3000/api/v1/ {"timestamp":"2024-10-16T19:58:13.905Z"}
info: Connected to the database. {"timestamp":"2024-10-16T19:58:13.934Z"}
info: Server started at http://localhost:3000/api/v1/ {"timestamp":"2024-10-16T19:58:17.066Z"}
info: Connected to the database. {"timestamp":"2024-10-16T19:58:17.097Z"}
info: Server started at http://localhost:3000/api/v1/ {"timestamp":"2024-10-16T20:12:40.272Z"}
info: Connected to the database. {"timestamp":"2024-10-16T20:12:40.295Z"}
info: Server started at http://localhost:3000/api/v1/ {"timestamp":"2024-10-16T20:13:15.268Z"}
info: Connected to the database. {"timestamp":"2024-10-16T20:13:15.297Z"}
info: Server started at http://localhost:3000/api/v1/ {"timestamp":"2024-10-16T20:13:18.319Z"}
info: Connected to the database. {"timestamp":"2024-10-16T20:13:18.352Z"}
info: Server started at http://localhost:3000/api/v1/ {"timestamp":"2024-10-16T20:13:20.766Z"}
info: Connected to the database. {"timestamp":"2024-10-16T20:13:20.785Z"}
info: Server started at http://localhost:3000/api/v1/ {"timestamp":"2024-10-16T20:13:34.465Z"}
info: Connected to the database. {"timestamp":"2024-10-16T20:13:34.491Z"}
info: Server started at http://localhost:3000/api/v1/ {"timestamp":"2024-10-16T20:13:37.844Z"}
info: Connected to the database. {"timestamp":"2024-10-16T20:13:37.878Z"}
info: Server started at http://localhost:3000/api/v1/ {"timestamp":"2024-10-16T20:13:39.352Z"}
info: Connected to the database. {"timestamp":"2024-10-16T20:13:39.379Z"}
info: Server started at http://localhost:3000/api/v1/ {"timestamp":"2024-10-16T20:13:42.594Z"}
info: Connected to the database. {"timestamp":"2024-10-16T20:13:42.630Z"}
info: Server started at http://localhost:3000/api/v1/ {"timestamp":"2024-10-16T20:13:48.028Z"}
info: Connected to the database. {"timestamp":"2024-10-16T20:13:48.055Z"}
info: Server started at http://localhost:3000/api/v1/ {"timestamp":"2024-10-16T20:13:50.587Z"}
info: Connected to the database. {"timestamp":"2024-10-16T20:13:50.616Z"}
info: Server started at http://localhost:3000/api/v1/ {"timestamp":"2024-10-16T20:13:54.465Z"}
info: Connected to the database. {"timestamp":"2024-10-16T20:13:54.487Z"}
info: Server started at http://localhost:3000/api/v1/ {"timestamp":"2024-10-16T20:13:58.596Z"}
info: Connected to the database. {"timestamp":"2024-10-16T20:13:58.632Z"}
error: 
    status - 500 
    message - Error: User already exists
    at UserController.<anonymous> (E:\Project1\FrontNote\src\controllers\user.controller.ts:76:13)
    at Generator.next (<anonymous>)
    at fulfilled (E:\Project1\FrontNote\src\controllers\user.controller.ts:5:58)
    at processTicksAndRejections (node:internal/process/task_queues:95:5) 
    url - /api/v1/frontnote/users/register 
    method - POST 
    IP - ::1
   {"timestamp":"2024-10-16T20:23:56.584Z"}
error: 
    status - 500 
    message - Error: User already exists
    at UserController.<anonymous> (E:\Project1\FrontNote\src\controllers\user.controller.ts:76:13)
    at Generator.next (<anonymous>)
    at fulfilled (E:\Project1\FrontNote\src\controllers\user.controller.ts:5:58)
    at processTicksAndRejections (node:internal/process/task_queues:95:5) 
    url - /api/v1/frontnote/users/register 
    method - POST 
    IP - ::1
   {"timestamp":"2024-10-16T20:24:24.906Z"}
error: 
    status - 500 
    message - Error: User already exists
    at UserController.<anonymous> (E:\Project1\FrontNote\src\controllers\user.controller.ts:76:13)
    at Generator.next (<anonymous>)
    at fulfilled (E:\Project1\FrontNote\src\controllers\user.controller.ts:5:58)
    at processTicksAndRejections (node:internal/process/task_queues:95:5) 
    url - /api/v1/frontnote/users/register 
    method - POST 
    IP - ::1
   {"timestamp":"2024-10-16T20:24:43.478Z"}
info: Server started at http://localhost:3000/api/v1/ {"timestamp":"2024-10-16T20:27:25.183Z"}
info: Connected to the database. {"timestamp":"2024-10-16T20:27:25.212Z"}
info: Server started at http://localhost:3000/api/v1/ {"timestamp":"2024-10-16T20:27:54.156Z"}
info: Connected to the database. {"timestamp":"2024-10-16T20:27:54.178Z"}
info: Server started at http://localhost:3000/api/v1/ {"timestamp":"2024-10-16T20:27:58.621Z"}
info: Connected to the database. {"timestamp":"2024-10-16T20:27:58.654Z"}
info: Server started at http://localhost:3000/api/v1/ {"timestamp":"2024-10-16T20:28:01.466Z"}
info: Connected to the database. {"timestamp":"2024-10-16T20:28:01.498Z"}
info: Server started at http://localhost:3000/api/v1/ {"timestamp":"2024-10-16T20:28:02.519Z"}
info: Connected to the database. {"timestamp":"2024-10-16T20:28:02.539Z"}
info: Server started at http://localhost:3000/api/v1/ {"timestamp":"2024-10-16T20:28:07.171Z"}
info: Connected to the database. {"timestamp":"2024-10-16T20:28:07.222Z"}
info: Server started at http://localhost:3000/api/v1/ {"timestamp":"2024-10-16T20:28:12.191Z"}
info: Connected to the database. {"timestamp":"2024-10-16T20:28:12.217Z"}
info: Server started at http://localhost:3000/api/v1/ {"timestamp":"2024-10-16T20:28:15.629Z"}
info: Connected to the database. {"timestamp":"2024-10-16T20:28:15.657Z"}
info: Server started at http://localhost:3000/api/v1/ {"timestamp":"2024-10-16T20:28:20.618Z"}
info: Connected to the database. {"timestamp":"2024-10-16T20:28:20.668Z"}
info: Server started at http://localhost:3000/api/v1/ {"timestamp":"2024-10-16T20:28:25.306Z"}
info: Connected to the database. {"timestamp":"2024-10-16T20:28:25.345Z"}
info: Server started at http://localhost:3000/api/v1/ {"timestamp":"2024-10-16T20:28:41.388Z"}
info: Connected to the database. {"timestamp":"2024-10-16T20:28:41.415Z"}
info: Server started at http://localhost:3000/api/v1/ {"timestamp":"2024-10-16T20:28:46.687Z"}
info: Connected to the database. {"timestamp":"2024-10-16T20:28:46.708Z"}
info: Server started at http://localhost:3000/api/v1/ {"timestamp":"2024-10-16T20:28:47.801Z"}
info: Connected to the database. {"timestamp":"2024-10-16T20:28:47.822Z"}
info: Server started at http://localhost:3000/api/v1/ {"timestamp":"2024-10-16T20:28:50.287Z"}
info: Connected to the database. {"timestamp":"2024-10-16T20:28:50.319Z"}
info: Server started at http://localhost:3000/api/v1/ {"timestamp":"2024-10-16T20:28:51.555Z"}
info: Connected to the database. {"timestamp":"2024-10-16T20:28:51.611Z"}
info: Server started at http://localhost:3000/api/v1/ {"timestamp":"2024-10-16T20:28:53.772Z"}
info: Connected to the database. {"timestamp":"2024-10-16T20:28:53.794Z"}
info: Server started at http://localhost:3000/api/v1/ {"timestamp":"2024-10-16T20:28:58.082Z"}
info: Connected to the database. {"timestamp":"2024-10-16T20:28:58.109Z"}
info: Server started at http://localhost:3000/api/v1/ {"timestamp":"2024-10-16T20:29:07.319Z"}
info: Connected to the database. {"timestamp":"2024-10-16T20:29:07.346Z"}
info: Server started at http://localhost:3000/api/v1/ {"timestamp":"2024-10-16T20:29:11.972Z"}
info: Connected to the database. {"timestamp":"2024-10-16T20:29:11.999Z"}
info: Server started at http://localhost:3000/api/v1/ {"timestamp":"2024-10-16T20:29:15.750Z"}
info: Connected to the database. {"timestamp":"2024-10-16T20:29:15.776Z"}
info: Server started at http://localhost:3000/api/v1/ {"timestamp":"2024-10-16T20:29:17.417Z"}
info: Connected to the database. {"timestamp":"2024-10-16T20:29:17.449Z"}
error: 
    status - 500 
    message - Error: User already exists
    at UserController.<anonymous> (E:\Project1\FrontNote\src\controllers\user.controller.ts:76:13)
    at Generator.next (<anonymous>)
    at fulfilled (E:\Project1\FrontNote\src\controllers\user.controller.ts:5:58)
    at processTicksAndRejections (node:internal/process/task_queues:95:5) 
    url - /api/v1/frontnote/users/register 
    method - POST 
    IP - ::1
   {"timestamp":"2024-10-16T20:30:09.147Z"}
error: 
    status - 500 
    message - Error: User already exists
    at UserController.<anonymous> (E:\Project1\FrontNote\src\controllers\user.controller.ts:76:13)
    at Generator.next (<anonymous>)
    at fulfilled (E:\Project1\FrontNote\src\controllers\user.controller.ts:5:58)
    at processTicksAndRejections (node:internal/process/task_queues:95:5) 
    url - /api/v1/frontnote/users/register 
    method - POST 
    IP - ::1
   {"timestamp":"2024-10-16T20:30:24.985Z"}
info: Server started at http://localhost:3000/api/v1/ {"timestamp":"2024-10-16T20:30:38.301Z"}
info: Connected to the database. {"timestamp":"2024-10-16T20:30:38.328Z"}
info: Server started at http://localhost:3000/api/v1/ {"timestamp":"2024-10-16T20:30:39.859Z"}
info: Connected to the database. {"timestamp":"2024-10-16T20:30:39.880Z"}
info: Server started at http://localhost:3000/api/v1/ {"timestamp":"2024-10-16T20:31:11.296Z"}
info: Connected to the database. {"timestamp":"2024-10-16T20:31:11.316Z"}
info: Server started at http://localhost:3000/api/v1/ {"timestamp":"2024-10-16T20:31:13.609Z"}
info: Connected to the database. {"timestamp":"2024-10-16T20:31:13.629Z"}
info: Server started at http://localhost:3000/api/v1/ {"timestamp":"2024-10-16T20:31:37.557Z"}
info: Connected to the database. {"timestamp":"2024-10-16T20:31:37.577Z"}
info: Server started at http://localhost:3000/api/v1/ {"timestamp":"2024-10-16T20:31:45.873Z"}
info: Connected to the database. {"timestamp":"2024-10-16T20:31:45.895Z"}
info: Server started at http://localhost:3000/api/v1/ {"timestamp":"2024-10-16T20:31:48.785Z"}
info: Connected to the database. {"timestamp":"2024-10-16T20:31:48.810Z"}
info: Server started at http://localhost:3000/api/v1/ {"timestamp":"2024-10-16T20:32:02.234Z"}
info: Connected to the database. {"timestamp":"2024-10-16T20:32:02.262Z"}
info: Server started at http://localhost:3000/api/v1/ {"timestamp":"2024-10-16T20:32:05.318Z"}
info: Connected to the database. {"timestamp":"2024-10-16T20:32:05.345Z"}
info: Server started at http://localhost:3000/api/v1/ {"timestamp":"2024-10-16T20:32:07.079Z"}
info: Connected to the database. {"timestamp":"2024-10-16T20:32:07.102Z"}
info: Server started at http://localhost:3000/api/v1/ {"timestamp":"2024-10-16T20:32:09.027Z"}
info: Connected to the database. {"timestamp":"2024-10-16T20:32:09.080Z"}
info: Server started at http://localhost:3000/api/v1/ {"timestamp":"2024-10-16T20:32:11.599Z"}
info: Connected to the database. {"timestamp":"2024-10-16T20:32:11.619Z"}
info: Server started at http://localhost:3000/api/v1/ {"timestamp":"2024-10-16T20:32:13.345Z"}
info: Connected to the database. {"timestamp":"2024-10-16T20:32:13.371Z"}
info: Server started at http://localhost:3000/api/v1/ {"timestamp":"2024-10-16T20:32:16.769Z"}
info: Connected to the database. {"timestamp":"2024-10-16T20:32:16.794Z"}
info: Server started at http://localhost:3000/api/v1/ {"timestamp":"2024-10-16T20:32:24.032Z"}
info: Connected to the database. {"timestamp":"2024-10-16T20:32:24.061Z"}
info: Server started at http://localhost:3000/api/v1/ {"timestamp":"2024-10-16T20:33:24.635Z"}
info: Connected to the database. {"timestamp":"2024-10-16T20:33:24.665Z"}
info: Server started at http://localhost:3000/api/v1/ {"timestamp":"2024-10-16T20:33:29.253Z"}
info: Connected to the database. {"timestamp":"2024-10-16T20:33:29.278Z"}
info: Server started at http://localhost:3000/api/v1/ {"timestamp":"2024-10-16T20:33:33.538Z"}
info: Connected to the database. {"timestamp":"2024-10-16T20:33:33.563Z"}
info: Server started at http://localhost:3000/api/v1/ {"timestamp":"2024-10-16T20:33:38.580Z"}
info: Connected to the database. {"timestamp":"2024-10-16T20:33:38.607Z"}
info: Server started at http://localhost:3000/api/v1/ {"timestamp":"2024-10-16T20:33:45.108Z"}
info: Connected to the database. {"timestamp":"2024-10-16T20:33:45.134Z"}
info: Server started at http://localhost:3000/api/v1/ {"timestamp":"2024-10-16T20:33:47.315Z"}
info: Connected to the database. {"timestamp":"2024-10-16T20:33:47.347Z"}
info: Server started at http://localhost:3000/api/v1/ {"timestamp":"2024-10-16T20:33:52.994Z"}
info: Connected to the database. {"timestamp":"2024-10-16T20:33:53.017Z"}
info: Server started at http://localhost:3000/api/v1/ {"timestamp":"2024-10-16T20:33:55.521Z"}
info: Connected to the database. {"timestamp":"2024-10-16T20:33:55.546Z"}
info: Server started at http://localhost:3000/api/v1/ {"timestamp":"2024-10-16T20:34:00.184Z"}
info: Connected to the database. {"timestamp":"2024-10-16T20:34:00.213Z"}
info: Server started at http://localhost:3000/api/v1/ {"timestamp":"2024-10-16T20:34:02.194Z"}
info: Connected to the database. {"timestamp":"2024-10-16T20:34:02.216Z"}
info: Server started at http://localhost:3000/api/v1/ {"timestamp":"2024-10-16T20:34:05.208Z"}
info: Connected to the database. {"timestamp":"2024-10-16T20:34:05.244Z"}
info: Server started at http://localhost:3000/api/v1/ {"timestamp":"2024-10-16T20:34:07.741Z"}
info: Connected to the database. {"timestamp":"2024-10-16T20:34:07.771Z"}
info: Server started at http://localhost:3000/api/v1/ {"timestamp":"2024-10-16T20:34:42.033Z"}
info: Connected to the database. {"timestamp":"2024-10-16T20:34:42.065Z"}
info: Server started at http://localhost:3000/api/v1/ {"timestamp":"2024-10-16T20:34:45.527Z"}
info: Connected to the database. {"timestamp":"2024-10-16T20:34:45.577Z"}
info: Server started at http://localhost:3000/api/v1/ {"timestamp":"2024-10-16T20:35:02.667Z"}
info: Connected to the database. {"timestamp":"2024-10-16T20:35:02.694Z"}
info: Server started at http://localhost:3000/api/v1/ {"timestamp":"2024-10-16T20:35:05.298Z"}
info: Connected to the database. {"timestamp":"2024-10-16T20:35:05.325Z"}
info: Server started at http://localhost:3000/api/v1/ {"timestamp":"2024-10-16T20:35:09.417Z"}
info: Connected to the database. {"timestamp":"2024-10-16T20:35:09.442Z"}
info: Server started at http://localhost:3000/api/v1/ {"timestamp":"2024-10-16T20:35:17.299Z"}
info: Connected to the database. {"timestamp":"2024-10-16T20:35:17.330Z"}
info: Server started at http://localhost:3000/api/v1/ {"timestamp":"2024-10-16T20:35:19.502Z"}
info: Connected to the database. {"timestamp":"2024-10-16T20:35:19.530Z"}
info: Server started at http://localhost:3000/api/v1/ {"timestamp":"2024-10-16T20:35:20.459Z"}
info: Connected to the database. {"timestamp":"2024-10-16T20:35:20.478Z"}
info: Server started at http://localhost:3000/api/v1/ {"timestamp":"2024-10-16T20:35:57.727Z"}
info: Connected to the database. {"timestamp":"2024-10-16T20:35:57.768Z"}
info: Server started at http://localhost:3000/api/v1/ {"timestamp":"2024-10-16T20:36:12.826Z"}
info: Connected to the database. {"timestamp":"2024-10-16T20:36:12.852Z"}
info: Server started at http://localhost:3000/api/v1/ {"timestamp":"2024-10-16T20:36:14.063Z"}
info: Connected to the database. {"timestamp":"2024-10-16T20:36:14.083Z"}
info: Server started at http://localhost:3000/api/v1/ {"timestamp":"2024-10-16T20:36:16.277Z"}
info: Connected to the database. {"timestamp":"2024-10-16T20:36:16.303Z"}
info: Server started at http://localhost:3000/api/v1/ {"timestamp":"2024-10-16T20:36:19.504Z"}
info: Connected to the database. {"timestamp":"2024-10-16T20:36:19.537Z"}
info: Server started at http://localhost:3000/api/v1/ {"timestamp":"2024-10-16T20:36:23.712Z"}
info: Connected to the database. {"timestamp":"2024-10-16T20:36:23.742Z"}
info: Server started at http://localhost:3000/api/v1/ {"timestamp":"2024-10-16T20:36:34.643Z"}
info: Connected to the database. {"timestamp":"2024-10-16T20:36:34.670Z"}
info: Server started at http://localhost:3000/api/v1/ {"timestamp":"2024-10-16T20:36:42.521Z"}
info: Connected to the database. {"timestamp":"2024-10-16T20:36:42.554Z"}
info: Server started at http://localhost:3000/api/v1/ {"timestamp":"2024-10-16T20:36:48.576Z"}
info: Connected to the database. {"timestamp":"2024-10-16T20:36:48.601Z"}
info: Server started at http://localhost:3000/api/v1/ {"timestamp":"2024-10-16T20:36:50.892Z"}
info: Connected to the database. {"timestamp":"2024-10-16T20:36:50.911Z"}
info: Server started at http://localhost:3000/api/v1/ {"timestamp":"2024-10-16T20:37:10.703Z"}
info: Connected to the database. {"timestamp":"2024-10-16T20:37:10.734Z"}
info: Server started at http://localhost:3000/api/v1/ {"timestamp":"2024-10-16T20:37:13.534Z"}
info: Connected to the database. {"timestamp":"2024-10-16T20:37:13.555Z"}
info: Server started at http://localhost:3000/api/v1/ {"timestamp":"2024-10-16T20:37:15.648Z"}
info: Connected to the database. {"timestamp":"2024-10-16T20:37:15.681Z"}
info: Server started at http://localhost:3000/api/v1/ {"timestamp":"2024-10-16T20:37:18.978Z"}
info: Connected to the database. {"timestamp":"2024-10-16T20:37:19.010Z"}
info: Server started at http://localhost:3000/api/v1/ {"timestamp":"2024-10-16T20:37:30.497Z"}
info: Connected to the database. {"timestamp":"2024-10-16T20:37:30.535Z"}
info: Server started at http://localhost:3000/api/v1/ {"timestamp":"2024-10-16T20:37:33.447Z"}
info: Connected to the database. {"timestamp":"2024-10-16T20:37:33.480Z"}
info: Server started at http://localhost:3000/api/v1/ {"timestamp":"2024-10-16T20:37:37.285Z"}
info: Connected to the database. {"timestamp":"2024-10-16T20:37:37.306Z"}
info: Server started at http://localhost:3000/api/v1/ {"timestamp":"2024-10-16T20:37:38.839Z"}
info: Connected to the database. {"timestamp":"2024-10-16T20:37:38.860Z"}
info: Server started at http://localhost:3000/api/v1/ {"timestamp":"2024-10-16T20:37:41.926Z"}
info: Connected to the database. {"timestamp":"2024-10-16T20:37:41.955Z"}
info: Server started at http://localhost:3000/api/v1/ {"timestamp":"2024-10-16T20:37:43.344Z"}
info: Connected to the database. {"timestamp":"2024-10-16T20:37:43.369Z"}
info: Server started at http://localhost:3000/api/v1/ {"timestamp":"2024-10-16T20:37:55.256Z"}
info: Connected to the database. {"timestamp":"2024-10-16T20:37:55.286Z"}
error: 
    status - 500 
    message - Error:  User with name -> undefinedundefined is register through this email id undefined 
    at UserController.<anonymous> (E:\Project1\FrontNote\src\controllers\user.controller.ts:75:13)
    at Generator.next (<anonymous>)
    at fulfilled (E:\Project1\FrontNote\src\controllers\user.controller.ts:5:58)
    at processTicksAndRejections (node:internal/process/task_queues:95:5) 
    url - /api/v1/frontnote/users/register 
    method - POST 
    IP - ::1
   {"timestamp":"2024-10-16T20:38:03.013Z"}
info: Server started at http://localhost:3000/api/v1/ {"timestamp":"2024-10-16T20:40:04.339Z"}
info: Connected to the database. {"timestamp":"2024-10-16T20:40:04.376Z"}
info: Server started at http://localhost:3000/api/v1/ {"timestamp":"2024-10-16T20:40:07.735Z"}
info: Connected to the database. {"timestamp":"2024-10-16T20:40:07.770Z"}
info: Server started at http://localhost:3000/api/v1/ {"timestamp":"2024-10-16T20:40:12.490Z"}
info: Connected to the database. {"timestamp":"2024-10-16T20:40:12.558Z"}
info: Server started at http://localhost:3000/api/v1/ {"timestamp":"2024-10-16T20:40:16.848Z"}
info: Connected to the database. {"timestamp":"2024-10-16T20:40:16.879Z"}
error: 
    status - 500 
    message - Error:  User with name -> undefinedundefined is register through this email id undefined 
    at UserController.<anonymous> (E:\Project1\FrontNote\src\controllers\user.controller.ts:75:13)
    at Generator.next (<anonymous>)
    at fulfilled (E:\Project1\FrontNote\src\controllers\user.controller.ts:5:58)
    at processTicksAndRejections (node:internal/process/task_queues:95:5) 
    url - /api/v1/frontnote/users/register 
    method - POST 
    IP - ::1
   {"timestamp":"2024-10-16T20:40:22.094Z"}
error: 
    status - 500 
    message - Error:  User with name -> undefinedundefined is register through this email id undefined 
    at UserController.<anonymous> (E:\Project1\FrontNote\src\controllers\user.controller.ts:75:13)
    at Generator.next (<anonymous>)
    at fulfilled (E:\Project1\FrontNote\src\controllers\user.controller.ts:5:58)
    at processTicksAndRejections (node:internal/process/task_queues:95:5) 
    url - /api/v1/frontnote/users/register 
    method - POST 
    IP - ::1
   {"timestamp":"2024-10-16T20:40:26.898Z"}
info: Server started at http://localhost:3000/api/v1/ {"timestamp":"2024-10-16T20:41:46.952Z"}
info: Connected to the database. {"timestamp":"2024-10-16T20:41:46.984Z"}
info: Server started at http://localhost:3000/api/v1/ {"timestamp":"2024-10-16T20:41:55.334Z"}
info: Connected to the database. {"timestamp":"2024-10-16T20:41:55.360Z"}
info: Server started at http://localhost:3000/api/v1/ {"timestamp":"2024-10-16T20:42:00.957Z"}
info: Connected to the database. {"timestamp":"2024-10-16T20:42:00.998Z"}
info: Server started at http://localhost:3000/api/v1/ {"timestamp":"2024-10-16T20:42:07.346Z"}
info: Connected to the database. {"timestamp":"2024-10-16T20:42:07.366Z"}
info: Server started at http://localhost:3000/api/v1/ {"timestamp":"2024-10-16T20:42:11.428Z"}
info: Connected to the database. {"timestamp":"2024-10-16T20:42:11.455Z"}
error: 
    status - 500 
    message - Error:  User with name -> LIKITHSIDDAVATAM is register through this email id likith@gmail.com 
    at UserController.<anonymous> (E:\Project1\FrontNote\src\controllers\user.controller.ts:75:13)
    at Generator.next (<anonymous>)
    at fulfilled (E:\Project1\FrontNote\src\controllers\user.controller.ts:5:58)
    at processTicksAndRejections (node:internal/process/task_queues:95:5) 
    url - /api/v1/frontnote/users/register 
    method - POST 
    IP - ::1
   {"timestamp":"2024-10-16T20:42:34.409Z"}
error: 
    status - 500 
    message - Error:  User with name -> LIKITHSIDDAVATAM is register through this email id likith@gmail.com 
    at UserController.<anonymous> (E:\Project1\FrontNote\src\controllers\user.controller.ts:75:13)
    at Generator.next (<anonymous>)
    at fulfilled (E:\Project1\FrontNote\src\controllers\user.controller.ts:5:58)
    at processTicksAndRejections (node:internal/process/task_queues:95:5) 
    url - /api/v1/frontnote/users/register 
    method - POST 
    IP - ::1
   {"timestamp":"2024-10-16T20:42:53.139Z"}
error: 
    status - 500 
    message - Error:  User with name -> LIKITHSIDDAVATAM is register through this email id likithsm@gmail.com 
    at UserController.<anonymous> (E:\Project1\FrontNote\src\controllers\user.controller.ts:75:13)
    at Generator.next (<anonymous>)
    at fulfilled (E:\Project1\FrontNote\src\controllers\user.controller.ts:5:58)
    at processTicksAndRejections (node:internal/process/task_queues:95:5) 
    url - /api/v1/frontnote/users/register 
    method - POST 
    IP - ::1
   {"timestamp":"2024-10-16T20:42:59.444Z"}
error: 
    status - 500 
    message - Error:  User with name -> LIKITHSIDDAVATAM is register through this email id likithsm@gmail.com 
    at UserController.<anonymous> (E:\Project1\FrontNote\src\controllers\user.controller.ts:75:13)
    at Generator.next (<anonymous>)
    at fulfilled (E:\Project1\FrontNote\src\controllers\user.controller.ts:5:58)
    at processTicksAndRejections (node:internal/process/task_queues:95:5) 
    url - /api/v1/frontnote/users/register 
    method - POST 
    IP - ::1
   {"timestamp":"2024-10-16T20:43:00.555Z"}
info: Server started at http://localhost:3000/api/v1/ {"timestamp":"2024-10-16T20:43:15.353Z"}
info: Connected to the database. {"timestamp":"2024-10-16T20:43:15.373Z"}
info: Server started at http://localhost:3000/api/v1/ {"timestamp":"2024-10-16T20:43:19.487Z"}
info: Connected to the database. {"timestamp":"2024-10-16T20:43:19.510Z"}
error: 
    status - 500 
    message - Error:  User with name -> LIKITH SIDDAVATAM is register through the email id likithsm@gmail.com 
    at UserController.<anonymous> (E:\Project1\FrontNote\src\controllers\user.controller.ts:75:13)
    at Generator.next (<anonymous>)
    at fulfilled (E:\Project1\FrontNote\src\controllers\user.controller.ts:5:58)
    at processTicksAndRejections (node:internal/process/task_queues:95:5) 
    url - /api/v1/frontnote/users/register 
    method - POST 
    IP - ::1
   {"timestamp":"2024-10-16T20:43:21.683Z"}
info: Server started at http://localhost:3000/api/v1/ {"timestamp":"2024-10-16T20:43:54.115Z"}
info: Connected to the database. {"timestamp":"2024-10-16T20:43:54.135Z"}
info: Server started at http://localhost:3000/api/v1/ {"timestamp":"2024-10-16T20:43:56.987Z"}
info: Connected to the database. {"timestamp":"2024-10-16T20:43:57.014Z"}
info: Server started at http://localhost:3000/api/v1/ {"timestamp":"2024-10-16T20:43:59.365Z"}
info: Connected to the database. {"timestamp":"2024-10-16T20:43:59.390Z"}
error: 
    status - 500 
    message - Error:  User with name -> LIKITH SIDDAVATAM is already registered through the email id likithsm@gmail.com 
    at UserController.<anonymous> (E:\Project1\FrontNote\src\controllers\user.controller.ts:75:13)
    at Generator.next (<anonymous>)
    at fulfilled (E:\Project1\FrontNote\src\controllers\user.controller.ts:5:58)
    at processTicksAndRejections (node:internal/process/task_queues:95:5) 
    url - /api/v1/frontnote/users/register 
    method - POST 
    IP - ::1
   {"timestamp":"2024-10-16T20:44:03.763Z"}
info: Server started at http://localhost:3000/api/v1/ {"timestamp":"2024-10-16T20:44:16.206Z"}
info: Connected to the database. {"timestamp":"2024-10-16T20:44:16.226Z"}
info: Server started at http://localhost:3000/api/v1/ {"timestamp":"2024-10-16T20:44:17.605Z"}
info: Connected to the database. {"timestamp":"2024-10-16T20:44:17.648Z"}
info: Server started at http://localhost:3000/api/v1/ {"timestamp":"2024-10-16T20:44:19.476Z"}
info: Connected to the database. {"timestamp":"2024-10-16T20:44:19.543Z"}
error: 
    status - 500 
    message - Error:  User with name LIKITH SIDDAVATAM is already registered through the email id likithsm@gmail.com 
    at UserController.<anonymous> (E:\Project1\FrontNote\src\controllers\user.controller.ts:75:13)
    at Generator.next (<anonymous>)
    at fulfilled (E:\Project1\FrontNote\src\controllers\user.controller.ts:5:58)
    at processTicksAndRejections (node:internal/process/task_queues:95:5) 
    url - /api/v1/frontnote/users/register 
    method - POST 
    IP - ::1
   {"timestamp":"2024-10-16T20:44:20.878Z"}
info: Server started at http://localhost:3000/api/v1/ {"timestamp":"2024-10-16T20:44:46.082Z"}
info: Connected to the database. {"timestamp":"2024-10-16T20:44:46.102Z"}
info: Server started at http://localhost:3000/api/v1/ {"timestamp":"2024-10-16T20:44:51.369Z"}
info: Connected to the database. {"timestamp":"2024-10-16T20:44:51.388Z"}
info: Server started at http://localhost:3000/api/v1/ {"timestamp":"2024-10-16T20:45:18.584Z"}
info: Connected to the database. {"timestamp":"2024-10-16T20:45:18.611Z"}
info: Server started at http://localhost:3000/api/v1/ {"timestamp":"2024-10-16T20:45:19.947Z"}
info: Connected to the database. {"timestamp":"2024-10-16T20:45:19.975Z"}
info: Server started at http://localhost:3000/api/v1/ {"timestamp":"2024-10-16T20:45:26.500Z"}
info: Connected to the database. {"timestamp":"2024-10-16T20:45:26.534Z"}
info: Server started at http://localhost:3000/api/v1/ {"timestamp":"2024-10-16T20:45:29.015Z"}
info: Connected to the database. {"timestamp":"2024-10-16T20:45:29.043Z"}
info: Server started at http://localhost:3000/api/v1/ {"timestamp":"2024-10-16T20:45:31.405Z"}
info: Connected to the database. {"timestamp":"2024-10-16T20:45:31.473Z"}
info: Server started at http://localhost:3000/api/v1/ {"timestamp":"2024-10-16T20:45:40.948Z"}
info: Connected to the database. {"timestamp":"2024-10-16T20:45:40.976Z"}
info: Server started at http://localhost:3000/api/v1/ {"timestamp":"2024-10-16T20:45:52.076Z"}
info: Connected to the database. {"timestamp":"2024-10-16T20:45:52.107Z"}
info: Server started at http://localhost:3000/api/v1/ {"timestamp":"2024-10-16T20:45:55.025Z"}
info: Connected to the database. {"timestamp":"2024-10-16T20:45:55.047Z"}
info: Server started at http://localhost:3000/api/v1/ {"timestamp":"2024-10-16T20:45:56.618Z"}
info: Connected to the database. {"timestamp":"2024-10-16T20:45:56.639Z"}
info: Server started at http://localhost:3000/api/v1/ {"timestamp":"2024-10-16T20:46:05.087Z"}
info: Connected to the database. {"timestamp":"2024-10-16T20:46:05.114Z"}
info: Server started at http://localhost:3000/api/v1/ {"timestamp":"2024-10-16T20:46:09.487Z"}
info: Connected to the database. {"timestamp":"2024-10-16T20:46:09.520Z"}
info: Server started at http://localhost:3000/api/v1/ {"timestamp":"2024-10-16T20:46:19.402Z"}
info: Connected to the database. {"timestamp":"2024-10-16T20:46:19.424Z"}
info: Server started at http://localhost:3000/api/v1/ {"timestamp":"2024-10-16T20:46:30.950Z"}
info: Connected to the database. {"timestamp":"2024-10-16T20:46:30.979Z"}
info: Server started at http://localhost:3000/api/v1/ {"timestamp":"2024-10-16T20:46:32.602Z"}
info: Connected to the database. {"timestamp":"2024-10-16T20:46:32.622Z"}
info: Server started at http://localhost:3000/api/v1/ {"timestamp":"2024-10-16T20:46:40.550Z"}
info: Connected to the database. {"timestamp":"2024-10-16T20:46:40.572Z"}
error: 
    status - 500 
    message - Error: User with name LIKITH SIDDAVATAM is already registered through the email id likithsiddu@gmail.com
    at UserController.<anonymous> (E:\Project1\FrontNote\src\controllers\user.controller.ts:75:13)
    at Generator.next (<anonymous>)
    at fulfilled (E:\Project1\FrontNote\src\controllers\user.controller.ts:5:58)
    at processTicksAndRejections (node:internal/process/task_queues:95:5) 
    url - /api/v1/frontnote/users/register 
    method - POST 
    IP - ::1
   {"timestamp":"2024-10-16T20:46:54.311Z"}
info: Server started at http://localhost:3000/api/v1/ {"timestamp":"2024-10-16T20:47:14.890Z"}
info: Connected to the database. {"timestamp":"2024-10-16T20:47:14.916Z"}
info: Server started at http://localhost:3000/api/v1/ {"timestamp":"2024-10-16T20:47:18.058Z"}
info: Connected to the database. {"timestamp":"2024-10-16T20:47:18.088Z"}
info: Server started at http://localhost:3000/api/v1/ {"timestamp":"2024-10-16T20:47:19.942Z"}
info: Connected to the database. {"timestamp":"2024-10-16T20:47:19.969Z"}
info: Server started at http://localhost:3000/api/v1/ {"timestamp":"2024-10-16T20:47:35.632Z"}
info: Connected to the database. {"timestamp":"2024-10-16T20:47:35.652Z"}
info: Server started at http://localhost:3000/api/v1/ {"timestamp":"2024-10-16T20:47:39.612Z"}
info: Connected to the database. {"timestamp":"2024-10-16T20:47:39.632Z"}
info: Server started at http://localhost:3000/api/v1/ {"timestamp":"2024-10-16T20:47:45.976Z"}
info: Connected to the database. {"timestamp":"2024-10-16T20:47:46.004Z"}
error: 
    status - 500 
    message - ValidationError: User validation failed: email: Path `email` is required.
    at model.Document.invalidate (E:\Project1\FrontNote\node_modules\mongoose\lib\document.js:2788:32)
    at E:\Project1\FrontNote\node_modules\mongoose\lib\document.js:2580:17
    at E:\Project1\FrontNote\node_modules\mongoose\lib\schematype.js:1273:9
    at processTicksAndRejections (node:internal/process/task_queues:77:11) 
    url - /api/v1/frontnote/users/register 
    method - POST 
    IP - ::1
   {"timestamp":"2024-10-16T20:49:09.676Z"}
error: 
    status - 500 
    message - Error: User with name LIKITH undefined is already registered through the email id likithsiddu@gmail.com
    at UserController.<anonymous> (E:\Project1\FrontNote\src\controllers\user.controller.ts:75:13)
    at Generator.next (<anonymous>)
    at fulfilled (E:\Project1\FrontNote\src\controllers\user.controller.ts:5:58)
    at processTicksAndRejections (node:internal/process/task_queues:95:5) 
    url - /api/v1/frontnote/users/register 
    method - POST 
    IP - ::1
   {"timestamp":"2024-10-16T20:49:18.917Z"}
error: 
    status - 500 
    message - SyntaxError: Expected double-quoted property name in JSON at position 105
    at JSON.parse (<anonymous>)
    at parse (E:\Project1\FrontNote\node_modules\body-parser\lib\types\json.js:92:19)
    at E:\Project1\FrontNote\node_modules\body-parser\lib\read.js:128:18
    at AsyncResource.runInAsyncScope (node:async_hooks:206:9)
    at invokeCallback (E:\Project1\FrontNote\node_modules\raw-body\index.js:238:16)
    at done (E:\Project1\FrontNote\node_modules\raw-body\index.js:227:7)
    at IncomingMessage.onEnd (E:\Project1\FrontNote\node_modules\raw-body\index.js:287:7)
    at IncomingMessage.emit (node:events:519:28)
    at endReadableNT (node:internal/streams/readable:1696:12)
    at processTicksAndRejections (node:internal/process/task_queues:82:21) 
    url - /api/v1/frontnote/users/register 
    method - POST 
    IP - ::1
   {"timestamp":"2024-10-16T20:50:10.335Z"}
error: 
    status - 500 
    message - Error: User with name LIKITH SIDDAVATAM is already registered through the email id likithsiddu@gmail.com
    at UserController.<anonymous> (E:\Project1\FrontNote\src\controllers\user.controller.ts:75:13)
    at Generator.next (<anonymous>)
    at fulfilled (E:\Project1\FrontNote\src\controllers\user.controller.ts:5:58)
    at processTicksAndRejections (node:internal/process/task_queues:95:5) 
    url - /api/v1/frontnote/users/register 
    method - POST 
    IP - ::1
   {"timestamp":"2024-10-16T20:50:18.574Z"}
error: 
    status - 500 
    message - ValidationError: User validation failed: lastName: Path `lastName` is required.
    at model.Document.invalidate (E:\Project1\FrontNote\node_modules\mongoose\lib\document.js:2788:32)
    at E:\Project1\FrontNote\node_modules\mongoose\lib\document.js:2580:17
    at E:\Project1\FrontNote\node_modules\mongoose\lib\schematype.js:1273:9
    at processTicksAndRejections (node:internal/process/task_queues:77:11) 
    url - /api/v1/frontnote/users/register 
    method - POST 
    IP - ::1
   {"timestamp":"2024-10-16T20:50:45.045Z"}
error: 
    status - 500 
    message - SyntaxError: Expected double-quoted property name in JSON at position 80
    at JSON.parse (<anonymous>)
    at parse (E:\Project1\FrontNote\node_modules\body-parser\lib\types\json.js:92:19)
    at E:\Project1\FrontNote\node_modules\body-parser\lib\read.js:128:18
    at AsyncResource.runInAsyncScope (node:async_hooks:206:9)
    at invokeCallback (E:\Project1\FrontNote\node_modules\raw-body\index.js:238:16)
    at done (E:\Project1\FrontNote\node_modules\raw-body\index.js:227:7)
    at IncomingMessage.onEnd (E:\Project1\FrontNote\node_modules\raw-body\index.js:287:7)
    at IncomingMessage.emit (node:events:519:28)
    at endReadableNT (node:internal/streams/readable:1696:12)
    at processTicksAndRejections (node:internal/process/task_queues:82:21) 
    url - /api/v1/frontnote/users/register 
    method - POST 
    IP - ::1
   {"timestamp":"2024-10-16T20:50:53.910Z"}
error: 
    status - 500 
    message - ValidationError: User validation failed: password: Path `password` is required., lastName: Path `lastName` is required.
    at model.Document.invalidate (E:\Project1\FrontNote\node_modules\mongoose\lib\document.js:2788:32)
    at E:\Project1\FrontNote\node_modules\mongoose\lib\document.js:2580:17
    at E:\Project1\FrontNote\node_modules\mongoose\lib\schematype.js:1273:9
    at processTicksAndRejections (node:internal/process/task_queues:77:11) 
    url - /api/v1/frontnote/users/register 
    method - POST 
    IP - ::1
   {"timestamp":"2024-10-16T20:51:00.249Z"}
