error: 
    status - 500 
    message - Error: User already exists
    at UserController.<anonymous> (E:\Project1\FrontNote\src\controllers\user.controller.ts:76:13)
    at Generator.next (<anonymous>)
    at fulfilled (E:\Project1\FrontNote\src\controllers\user.controller.ts:5:58)
    at processTicksAndRejections (node:internal/process/task_queues:95:5) 
    url - /api/v1/frontnote/users/register 
    method - POST 
    IP - ::1
   {"timestamp":"2024-10-16T20:23:56.584Z"}
error: 
    status - 500 
    message - Error: User already exists
    at UserController.<anonymous> (E:\Project1\FrontNote\src\controllers\user.controller.ts:76:13)
    at Generator.next (<anonymous>)
    at fulfilled (E:\Project1\FrontNote\src\controllers\user.controller.ts:5:58)
    at processTicksAndRejections (node:internal/process/task_queues:95:5) 
    url - /api/v1/frontnote/users/register 
    method - POST 
    IP - ::1
   {"timestamp":"2024-10-16T20:24:24.906Z"}
error: 
    status - 500 
    message - Error: User already exists
    at UserController.<anonymous> (E:\Project1\FrontNote\src\controllers\user.controller.ts:76:13)
    at Generator.next (<anonymous>)
    at fulfilled (E:\Project1\FrontNote\src\controllers\user.controller.ts:5:58)
    at processTicksAndRejections (node:internal/process/task_queues:95:5) 
    url - /api/v1/frontnote/users/register 
    method - POST 
    IP - ::1
   {"timestamp":"2024-10-16T20:24:43.478Z"}
error: 
    status - 500 
    message - Error: User already exists
    at UserController.<anonymous> (E:\Project1\FrontNote\src\controllers\user.controller.ts:76:13)
    at Generator.next (<anonymous>)
    at fulfilled (E:\Project1\FrontNote\src\controllers\user.controller.ts:5:58)
    at processTicksAndRejections (node:internal/process/task_queues:95:5) 
    url - /api/v1/frontnote/users/register 
    method - POST 
    IP - ::1
   {"timestamp":"2024-10-16T20:30:09.147Z"}
error: 
    status - 500 
    message - Error: User already exists
    at UserController.<anonymous> (E:\Project1\FrontNote\src\controllers\user.controller.ts:76:13)
    at Generator.next (<anonymous>)
    at fulfilled (E:\Project1\FrontNote\src\controllers\user.controller.ts:5:58)
    at processTicksAndRejections (node:internal/process/task_queues:95:5) 
    url - /api/v1/frontnote/users/register 
    method - POST 
    IP - ::1
   {"timestamp":"2024-10-16T20:30:24.985Z"}
error: 
    status - 500 
    message - Error:  User with name -> undefinedundefined is register through this email id undefined 
    at UserController.<anonymous> (E:\Project1\FrontNote\src\controllers\user.controller.ts:75:13)
    at Generator.next (<anonymous>)
    at fulfilled (E:\Project1\FrontNote\src\controllers\user.controller.ts:5:58)
    at processTicksAndRejections (node:internal/process/task_queues:95:5) 
    url - /api/v1/frontnote/users/register 
    method - POST 
    IP - ::1
   {"timestamp":"2024-10-16T20:38:03.013Z"}
error: 
    status - 500 
    message - Error:  User with name -> undefinedundefined is register through this email id undefined 
    at UserController.<anonymous> (E:\Project1\FrontNote\src\controllers\user.controller.ts:75:13)
    at Generator.next (<anonymous>)
    at fulfilled (E:\Project1\FrontNote\src\controllers\user.controller.ts:5:58)
    at processTicksAndRejections (node:internal/process/task_queues:95:5) 
    url - /api/v1/frontnote/users/register 
    method - POST 
    IP - ::1
   {"timestamp":"2024-10-16T20:40:22.094Z"}
error: 
    status - 500 
    message - Error:  User with name -> undefinedundefined is register through this email id undefined 
    at UserController.<anonymous> (E:\Project1\FrontNote\src\controllers\user.controller.ts:75:13)
    at Generator.next (<anonymous>)
    at fulfilled (E:\Project1\FrontNote\src\controllers\user.controller.ts:5:58)
    at processTicksAndRejections (node:internal/process/task_queues:95:5) 
    url - /api/v1/frontnote/users/register 
    method - POST 
    IP - ::1
   {"timestamp":"2024-10-16T20:40:26.898Z"}
error: 
    status - 500 
    message - Error:  User with name -> LIKITHSIDDAVATAM is register through this email id likith@gmail.com 
    at UserController.<anonymous> (E:\Project1\FrontNote\src\controllers\user.controller.ts:75:13)
    at Generator.next (<anonymous>)
    at fulfilled (E:\Project1\FrontNote\src\controllers\user.controller.ts:5:58)
    at processTicksAndRejections (node:internal/process/task_queues:95:5) 
    url - /api/v1/frontnote/users/register 
    method - POST 
    IP - ::1
   {"timestamp":"2024-10-16T20:42:34.409Z"}
error: 
    status - 500 
    message - Error:  User with name -> LIKITHSIDDAVATAM is register through this email id likith@gmail.com 
    at UserController.<anonymous> (E:\Project1\FrontNote\src\controllers\user.controller.ts:75:13)
    at Generator.next (<anonymous>)
    at fulfilled (E:\Project1\FrontNote\src\controllers\user.controller.ts:5:58)
    at processTicksAndRejections (node:internal/process/task_queues:95:5) 
    url - /api/v1/frontnote/users/register 
    method - POST 
    IP - ::1
   {"timestamp":"2024-10-16T20:42:53.139Z"}
error: 
    status - 500 
    message - Error:  User with name -> LIKITHSIDDAVATAM is register through this email id likithsm@gmail.com 
    at UserController.<anonymous> (E:\Project1\FrontNote\src\controllers\user.controller.ts:75:13)
    at Generator.next (<anonymous>)
    at fulfilled (E:\Project1\FrontNote\src\controllers\user.controller.ts:5:58)
    at processTicksAndRejections (node:internal/process/task_queues:95:5) 
    url - /api/v1/frontnote/users/register 
    method - POST 
    IP - ::1
   {"timestamp":"2024-10-16T20:42:59.444Z"}
error: 
    status - 500 
    message - Error:  User with name -> LIKITHSIDDAVATAM is register through this email id likithsm@gmail.com 
    at UserController.<anonymous> (E:\Project1\FrontNote\src\controllers\user.controller.ts:75:13)
    at Generator.next (<anonymous>)
    at fulfilled (E:\Project1\FrontNote\src\controllers\user.controller.ts:5:58)
    at processTicksAndRejections (node:internal/process/task_queues:95:5) 
    url - /api/v1/frontnote/users/register 
    method - POST 
    IP - ::1
   {"timestamp":"2024-10-16T20:43:00.555Z"}
error: 
    status - 500 
    message - Error:  User with name -> LIKITH SIDDAVATAM is register through the email id likithsm@gmail.com 
    at UserController.<anonymous> (E:\Project1\FrontNote\src\controllers\user.controller.ts:75:13)
    at Generator.next (<anonymous>)
    at fulfilled (E:\Project1\FrontNote\src\controllers\user.controller.ts:5:58)
    at processTicksAndRejections (node:internal/process/task_queues:95:5) 
    url - /api/v1/frontnote/users/register 
    method - POST 
    IP - ::1
   {"timestamp":"2024-10-16T20:43:21.683Z"}
error: 
    status - 500 
    message - Error:  User with name -> LIKITH SIDDAVATAM is already registered through the email id likithsm@gmail.com 
    at UserController.<anonymous> (E:\Project1\FrontNote\src\controllers\user.controller.ts:75:13)
    at Generator.next (<anonymous>)
    at fulfilled (E:\Project1\FrontNote\src\controllers\user.controller.ts:5:58)
    at processTicksAndRejections (node:internal/process/task_queues:95:5) 
    url - /api/v1/frontnote/users/register 
    method - POST 
    IP - ::1
   {"timestamp":"2024-10-16T20:44:03.763Z"}
error: 
    status - 500 
    message - Error:  User with name LIKITH SIDDAVATAM is already registered through the email id likithsm@gmail.com 
    at UserController.<anonymous> (E:\Project1\FrontNote\src\controllers\user.controller.ts:75:13)
    at Generator.next (<anonymous>)
    at fulfilled (E:\Project1\FrontNote\src\controllers\user.controller.ts:5:58)
    at processTicksAndRejections (node:internal/process/task_queues:95:5) 
    url - /api/v1/frontnote/users/register 
    method - POST 
    IP - ::1
   {"timestamp":"2024-10-16T20:44:20.878Z"}
error: 
    status - 500 
    message - Error: User with name LIKITH SIDDAVATAM is already registered through the email id likithsiddu@gmail.com
    at UserController.<anonymous> (E:\Project1\FrontNote\src\controllers\user.controller.ts:75:13)
    at Generator.next (<anonymous>)
    at fulfilled (E:\Project1\FrontNote\src\controllers\user.controller.ts:5:58)
    at processTicksAndRejections (node:internal/process/task_queues:95:5) 
    url - /api/v1/frontnote/users/register 
    method - POST 
    IP - ::1
   {"timestamp":"2024-10-16T20:46:54.311Z"}
error: 
    status - 500 
    message - ValidationError: User validation failed: email: Path `email` is required.
    at model.Document.invalidate (E:\Project1\FrontNote\node_modules\mongoose\lib\document.js:2788:32)
    at E:\Project1\FrontNote\node_modules\mongoose\lib\document.js:2580:17
    at E:\Project1\FrontNote\node_modules\mongoose\lib\schematype.js:1273:9
    at processTicksAndRejections (node:internal/process/task_queues:77:11) 
    url - /api/v1/frontnote/users/register 
    method - POST 
    IP - ::1
   {"timestamp":"2024-10-16T20:49:09.676Z"}
error: 
    status - 500 
    message - Error: User with name LIKITH undefined is already registered through the email id likithsiddu@gmail.com
    at UserController.<anonymous> (E:\Project1\FrontNote\src\controllers\user.controller.ts:75:13)
    at Generator.next (<anonymous>)
    at fulfilled (E:\Project1\FrontNote\src\controllers\user.controller.ts:5:58)
    at processTicksAndRejections (node:internal/process/task_queues:95:5) 
    url - /api/v1/frontnote/users/register 
    method - POST 
    IP - ::1
   {"timestamp":"2024-10-16T20:49:18.917Z"}
error: 
    status - 500 
    message - SyntaxError: Expected double-quoted property name in JSON at position 105
    at JSON.parse (<anonymous>)
    at parse (E:\Project1\FrontNote\node_modules\body-parser\lib\types\json.js:92:19)
    at E:\Project1\FrontNote\node_modules\body-parser\lib\read.js:128:18
    at AsyncResource.runInAsyncScope (node:async_hooks:206:9)
    at invokeCallback (E:\Project1\FrontNote\node_modules\raw-body\index.js:238:16)
    at done (E:\Project1\FrontNote\node_modules\raw-body\index.js:227:7)
    at IncomingMessage.onEnd (E:\Project1\FrontNote\node_modules\raw-body\index.js:287:7)
    at IncomingMessage.emit (node:events:519:28)
    at endReadableNT (node:internal/streams/readable:1696:12)
    at processTicksAndRejections (node:internal/process/task_queues:82:21) 
    url - /api/v1/frontnote/users/register 
    method - POST 
    IP - ::1
   {"timestamp":"2024-10-16T20:50:10.335Z"}
error: 
    status - 500 
    message - Error: User with name LIKITH SIDDAVATAM is already registered through the email id likithsiddu@gmail.com
    at UserController.<anonymous> (E:\Project1\FrontNote\src\controllers\user.controller.ts:75:13)
    at Generator.next (<anonymous>)
    at fulfilled (E:\Project1\FrontNote\src\controllers\user.controller.ts:5:58)
    at processTicksAndRejections (node:internal/process/task_queues:95:5) 
    url - /api/v1/frontnote/users/register 
    method - POST 
    IP - ::1
   {"timestamp":"2024-10-16T20:50:18.574Z"}
error: 
    status - 500 
    message - ValidationError: User validation failed: lastName: Path `lastName` is required.
    at model.Document.invalidate (E:\Project1\FrontNote\node_modules\mongoose\lib\document.js:2788:32)
    at E:\Project1\FrontNote\node_modules\mongoose\lib\document.js:2580:17
    at E:\Project1\FrontNote\node_modules\mongoose\lib\schematype.js:1273:9
    at processTicksAndRejections (node:internal/process/task_queues:77:11) 
    url - /api/v1/frontnote/users/register 
    method - POST 
    IP - ::1
   {"timestamp":"2024-10-16T20:50:45.045Z"}
error: 
    status - 500 
    message - SyntaxError: Expected double-quoted property name in JSON at position 80
    at JSON.parse (<anonymous>)
    at parse (E:\Project1\FrontNote\node_modules\body-parser\lib\types\json.js:92:19)
    at E:\Project1\FrontNote\node_modules\body-parser\lib\read.js:128:18
    at AsyncResource.runInAsyncScope (node:async_hooks:206:9)
    at invokeCallback (E:\Project1\FrontNote\node_modules\raw-body\index.js:238:16)
    at done (E:\Project1\FrontNote\node_modules\raw-body\index.js:227:7)
    at IncomingMessage.onEnd (E:\Project1\FrontNote\node_modules\raw-body\index.js:287:7)
    at IncomingMessage.emit (node:events:519:28)
    at endReadableNT (node:internal/streams/readable:1696:12)
    at processTicksAndRejections (node:internal/process/task_queues:82:21) 
    url - /api/v1/frontnote/users/register 
    method - POST 
    IP - ::1
   {"timestamp":"2024-10-16T20:50:53.910Z"}
error: 
    status - 500 
    message - ValidationError: User validation failed: password: Path `password` is required., lastName: Path `lastName` is required.
    at model.Document.invalidate (E:\Project1\FrontNote\node_modules\mongoose\lib\document.js:2788:32)
    at E:\Project1\FrontNote\node_modules\mongoose\lib\document.js:2580:17
    at E:\Project1\FrontNote\node_modules\mongoose\lib\schematype.js:1273:9
    at processTicksAndRejections (node:internal/process/task_queues:77:11) 
    url - /api/v1/frontnote/users/register 
    method - POST 
    IP - ::1
   {"timestamp":"2024-10-16T20:51:00.249Z"}
