info: ::1 - - [16/Oct/2024:18:27:55 +0000] "POST /api/v1/users/ HTTP/1.1" 201 194 "-" "PostmanRuntime/7.39.1"

info: ::1 - - [16/Oct/2024:20:18:57 +0000] "POST /api/v1/frontnote/register HTTP/1.1" 404 47 "-" "PostmanRuntime/7.39.1"

info: ::1 - - [16/Oct/2024:20:20:28 +0000] "POST /api/v1/frontnote/register HTTP/1.1" 404 47 "-" "PostmanRuntime/7.39.1"

info: ::1 - - [16/Oct/2024:20:23:56 +0000] "POST /api/v1/frontnote/users/register HTTP/1.1" 201 62 "-" "PostmanRuntime/7.39.1"

info: ::1 - - [16/Oct/2024:20:24:24 +0000] "POST /api/v1/frontnote/users/register HTTP/1.1" 500 54 "-" "PostmanRuntime/7.39.1"

info: ::1 - - [16/Oct/2024:20:24:43 +0000] "POST /api/v1/frontnote/users/register HTTP/1.1" 201 62 "-" "PostmanRuntime/7.39.1"

info: ::1 - - [16/Oct/2024:20:30:09 +0000] "POST /api/v1/frontnote/users/register HTTP/1.1" 201 82 "-" "PostmanRuntime/7.39.1"

info: ::1 - - [16/Oct/2024:20:30:24 +0000] "POST /api/v1/frontnote/users/register HTTP/1.1" 500 54 "-" "PostmanRuntime/7.39.1"

info: ::1 - - [16/Oct/2024:20:38:03 +0000] "POST /api/v1/frontnote/users/register HTTP/1.1" 500 117 "-" "PostmanRuntime/7.39.1"

info: ::1 - - [16/Oct/2024:20:40:22 +0000] "POST /api/v1/frontnote/users/register HTTP/1.1" 201 50 "-" "PostmanRuntime/7.39.1"

info: ::1 - - [16/Oct/2024:20:40:26 +0000] "POST /api/v1/frontnote/users/register HTTP/1.1" 201 50 "-" "PostmanRuntime/7.39.1"

info: ::1 - - [16/Oct/2024:20:42:34 +0000] "POST /api/v1/frontnote/users/register HTTP/1.1" 500 122 "-" "PostmanRuntime/7.39.1"

info: ::1 - - [16/Oct/2024:20:42:53 +0000] "POST /api/v1/frontnote/users/register HTTP/1.1" 500 122 "-" "PostmanRuntime/7.39.1"

info: ::1 - - [16/Oct/2024:20:42:59 +0000] "POST /api/v1/frontnote/users/register HTTP/1.1" 201 50 "-" "PostmanRuntime/7.39.1"

info: ::1 - - [16/Oct/2024:20:43:00 +0000] "POST /api/v1/frontnote/users/register HTTP/1.1" 500 124 "-" "PostmanRuntime/7.39.1"

info: ::1 - - [16/Oct/2024:20:43:21 +0000] "POST /api/v1/frontnote/users/register HTTP/1.1" 500 124 "-" "PostmanRuntime/7.39.1"

info: ::1 - - [16/Oct/2024:20:44:03 +0000] "POST /api/v1/frontnote/users/register HTTP/1.1" 500 134 "-" "PostmanRuntime/7.39.1"

info: ::1 - - [16/Oct/2024:20:44:20 +0000] "POST /api/v1/frontnote/users/register HTTP/1.1" 500 131 "-" "PostmanRuntime/7.39.1"

info: ::1 - - [16/Oct/2024:20:46:54 +0000] "POST /api/v1/frontnote/users/register HTTP/1.1" 201 131 "-" "PostmanRuntime/7.39.1"

info: ::1 - - [16/Oct/2024:20:49:09 +0000] "POST /api/v1/frontnote/users/register HTTP/1.1" 500 91 "-" "PostmanRuntime/7.39.1"

info: ::1 - - [16/Oct/2024:20:49:18 +0000] "POST /api/v1/frontnote/users/register HTTP/1.1" 500 131 "-" "PostmanRuntime/7.39.1"

info: ::1 - - [16/Oct/2024:20:50:18 +0000] "POST /api/v1/frontnote/users/register HTTP/1.1" 500 132 "-" "PostmanRuntime/7.39.1"

info: ::1 - - [16/Oct/2024:20:50:45 +0000] "POST /api/v1/frontnote/users/register HTTP/1.1" 500 97 "-" "PostmanRuntime/7.39.1"

info: ::1 - - [16/Oct/2024:20:51:00 +0000] "POST /api/v1/frontnote/users/register HTTP/1.1" 500 137 "-" "PostmanRuntime/7.39.1"

info: ::1 - - [17/Oct/2024:05:23:49 +0000] "GET /api/v1/frontnote/users/register HTTP/1.1" 404 47 "-" "PostmanRuntime/7.39.1"

info: ::1 - - [17/Oct/2024:05:24:00 +0000] "POST /api/v1/frontnote/users/register HTTP/1.1" 201 125 "-" "PostmanRuntime/7.39.1"

info: ::1 - - [17/Oct/2024:05:49:06 +0000] "POST /api/v1/frontnote/users/login HTTP/1.1" 200 64 "-" "PostmanRuntime/7.39.1"

info: ::1 - - [17/Oct/2024:05:49:22 +0000] "POST /api/v1/frontnote/users/login HTTP/1.1" 500 84 "-" "PostmanRuntime/7.39.1"

info: ::1 - - [17/Oct/2024:05:49:34 +0000] "POST /api/v1/frontnote/users/login HTTP/1.1" 500 88 "-" "PostmanRuntime/7.39.1"

info: ::1 - - [17/Oct/2024:05:49:47 +0000] "POST /api/v1/frontnote/users/login HTTP/1.1" 500 84 "-" "PostmanRuntime/7.39.1"

info: ::1 - - [17/Oct/2024:05:49:57 +0000] "POST /api/v1/frontnote/users/login HTTP/1.1" 200 64 "-" "PostmanRuntime/7.39.1"

info: ::1 - - [17/Oct/2024:05:53:49 +0000] "POST /api/v1/frontnote/users/login HTTP/1.1" 500 88 "-" "PostmanRuntime/7.39.1"

info: ::1 - - [17/Oct/2024:05:54:32 +0000] "POST /api/v1/frontnote/users/login HTTP/1.1" 500 88 "-" "PostmanRuntime/7.39.1"

info: ::1 - - [17/Oct/2024:05:57:14 +0000] "POST /api/v1/frontnote/users/login HTTP/1.1" 500 119 "-" "PostmanRuntime/7.39.1"

info: ::1 - - [17/Oct/2024:06:06:31 +0000] "POST /api/v1/frontnote/users/login HTTP/1.1" 500 117 "-" "PostmanRuntime/7.39.1"

info: ::1 - - [17/Oct/2024:06:17:17 +0000] "POST /api/v1/frontnote/users/login HTTP/1.1" 500 117 "-" "PostmanRuntime/7.39.1"

info: ::1 - - [17/Oct/2024:06:17:27 +0000] "POST /api/v1/frontnote/users/login HTTP/1.1" 500 84 "-" "PostmanRuntime/7.39.1"

info: ::1 - - [17/Oct/2024:06:17:32 +0000] "POST /api/v1/frontnote/users/login HTTP/1.1" 200 64 "-" "PostmanRuntime/7.39.1"

info: ::1 - - [17/Oct/2024:06:17:47 +0000] "POST /api/v1/frontnote/users/register HTTP/1.1" 500 131 "-" "PostmanRuntime/7.39.1"

info: ::1 - - [17/Oct/2024:06:18:20 +0000] "POST /api/v1/frontnote/users/register HTTP/1.1" 500 131 "-" "PostmanRuntime/7.39.1"

info: ::1 - - [17/Oct/2024:06:22:07 +0000] "POST /api/v1/frontnote/users/register HTTP/1.1" 500 131 "-" "PostmanRuntime/7.39.1"

info: ::1 - - [17/Oct/2024:06:23:12 +0000] "POST /api/v1/frontnote/users/register HTTP/1.1" 500 127 "-" "PostmanRuntime/7.39.1"

info: ::1 - - [17/Oct/2024:06:23:32 +0000] "POST /api/v1/frontnote/users/register HTTP/1.1" 500 121 "-" "PostmanRuntime/7.39.1"

info: ::1 - - [17/Oct/2024:06:24:05 +0000] "POST /api/v1/frontnote/users/register HTTP/1.1" 500 118 "-" "PostmanRuntime/7.39.1"

info: ::1 - - [17/Oct/2024:06:24:25 +0000] "POST /api/v1/frontnote/users/register HTTP/1.1" 500 124 "-" "PostmanRuntime/7.39.1"

info: ::1 - - [17/Oct/2024:06:38:19 +0000] "POST /api/v1/frontnote/users/register HTTP/1.1" 400 162 "-" "PostmanRuntime/7.39.1"

info: ::1 - - [17/Oct/2024:06:38:31 +0000] "POST /api/v1/frontnote/users/register HTTP/1.1" 400 122 "-" "PostmanRuntime/7.39.1"

info: ::1 - - [17/Oct/2024:06:38:57 +0000] "POST /api/v1/frontnote/users/register HTTP/1.1" 201 123 "-" "PostmanRuntime/7.39.1"

info: ::1 - - [17/Oct/2024:06:39:14 +0000] "POST /api/v1/frontnote/users/register HTTP/1.1" 400 89 "-" "PostmanRuntime/7.39.1"

info: ::1 - - [18/Oct/2024:05:30:17 +0000] "POST /api/v1/funddonotes/users/register HTTP/1.1" 400 168 "-" "PostmanRuntime/7.39.1"

info: ::1 - - [18/Oct/2024:05:30:49 +0000] "POST /api/v1/funddonotes/users/register HTTP/1.1" 400 168 "-" "PostmanRuntime/7.39.1"

info: ::1 - - [18/Oct/2024:05:31:53 +0000] "POST /api/v1/funddonotes/users/register HTTP/1.1" 400 168 "-" "PostmanRuntime/7.39.1"

info: ::1 - - [18/Oct/2024:05:33:26 +0000] "POST /api/v1/funddonotes/users/register HTTP/1.1" 201 118 "-" "PostmanRuntime/7.39.1"

info: ::1 - - [18/Oct/2024:05:36:29 +0000] "POST /api/v1/funddonotes/users/login HTTP/1.1" 200 60 "-" "PostmanRuntime/7.39.1"

info: ::1 - - [18/Oct/2024:05:36:53 +0000] "POST /api/v1/funddonotes/users/login HTTP/1.1" 500 84 "-" "PostmanRuntime/7.39.1"

info: ::1 - - [18/Oct/2024:05:37:02 +0000] "POST /api/v1/funddonotes/users/login HTTP/1.1" 500 112 "-" "PostmanRuntime/7.39.1"

info: ::1 - - [18/Oct/2024:05:41:39 +0000] "POST /api/v1/funddonotes/users/register HTTP/1.1" 400 140 "-" "PostmanRuntime/7.39.1"

info: ::1 - - [18/Oct/2024:05:42:47 +0000] "POST /api/v1/funddonotes/users/register HTTP/1.1" 400 140 "-" "PostmanRuntime/7.39.1"

info: ::1 - - [18/Oct/2024:05:48:12 +0000] "POST /api/v1/funddonotes/users/register HTTP/1.1" 201 121 "-" "PostmanRuntime/7.39.1"

info: ::1 - - [18/Oct/2024:06:01:17 +0000] "POST /api/v1/funddonotes/users/register HTTP/1.1" 201 125 "-" "PostmanRuntime/7.39.1"

info: ::1 - - [18/Oct/2024:06:01:42 +0000] "POST /api/v1/funddonotes/users/register HTTP/1.1" 400 89 "-" "PostmanRuntime/7.39.1"

info: ::1 - - [18/Oct/2024:06:04:03 +0000] "POST /api/v1/funddonotes/users/login HTTP/1.1" 200 61 "-" "PostmanRuntime/7.39.1"

info: ::1 - - [18/Oct/2024:06:04:11 +0000] "POST /api/v1/funddonotes/users/login HTTP/1.1" 500 118 "-" "PostmanRuntime/7.39.1"

info: ::1 - - [18/Oct/2024:06:04:27 +0000] "POST /api/v1/funddonotes/users/login HTTP/1.1" 500 84 "-" "PostmanRuntime/7.39.1"

info: ::1 - - [18/Oct/2024:06:08:59 +0000] "POST /api/v1/funddonotes/users/login HTTP/1.1" 200 61 "-" "PostmanRuntime/7.39.1"

info: ::1 - - [18/Oct/2024:06:09:06 +0000] "POST /api/v1/funddonotes/users/login HTTP/1.1" 400 115 "-" "PostmanRuntime/7.39.1"

info: ::1 - - [18/Oct/2024:06:09:23 +0000] "POST /api/v1/funddonotes/users/login HTTP/1.1" 400 81 "-" "PostmanRuntime/7.39.1"

info: ::1 - - [18/Oct/2024:06:53:15 +0000] "POST /api/v1/funddonotes/users/login HTTP/1.1" 200 61 "-" "PostmanRuntime/7.39.1"

info: ::1 - - [18/Oct/2024:06:53:29 +0000] "POST /api/v1/funddonotes/users/register HTTP/1.1" 400 89 "-" "PostmanRuntime/7.39.1"

info: ::1 - - [18/Oct/2024:06:53:47 +0000] "POST /api/v1/funddonotes/users/login HTTP/1.1" 200 61 "-" "PostmanRuntime/7.39.1"

info: ::1 - - [18/Oct/2024:06:55:01 +0000] "POST /api/v1/funddonotes/users/login HTTP/1.1" 400 114 "-" "PostmanRuntime/7.39.1"

info: ::1 - - [18/Oct/2024:06:55:10 +0000] "POST /api/v1/funddonotes/users/login HTTP/1.1" 400 114 "-" "PostmanRuntime/7.39.1"

info: ::1 - - [18/Oct/2024:06:55:20 +0000] "POST /api/v1/funddonotes/users/login HTTP/1.1" 400 81 "-" "PostmanRuntime/7.39.1"

info: ::1 - - [18/Oct/2024:07:04:24 +0000] "POST /api/v1/funddonotes/users/login HTTP/1.1" 500 63 "-" "PostmanRuntime/7.39.1"

info: ::1 - - [18/Oct/2024:07:04:57 +0000] "POST /api/v1/funddonotes/users/login HTTP/1.1" 200 61 "-" "PostmanRuntime/7.39.1"

info: ::1 - - [18/Oct/2024:07:05:01 +0000] "POST /api/v1/funddonotes/users/login HTTP/1.1" 400 115 "-" "PostmanRuntime/7.39.1"

info: ::1 - - [18/Oct/2024:07:05:09 +0000] "POST /api/v1/funddonotes/users/login HTTP/1.1" 400 81 "-" "PostmanRuntime/7.39.1"

info: ::1 - - [18/Oct/2024:07:05:14 +0000] "POST /api/v1/funddonotes/users/login HTTP/1.1" 200 61 "-" "PostmanRuntime/7.39.1"

info: ::1 - - [18/Oct/2024:07:05:30 +0000] "POST /api/v1/funddonotes/users/register HTTP/1.1" 400 89 "-" "PostmanRuntime/7.39.1"

